[2025-08-29T02:29:34.292+0000] {processor.py:161} INFO - Started process (PID=169) to work on /opt/airflow/dags/ml_training_dag.py
[2025-08-29T02:29:34.298+0000] {processor.py:830} INFO - Processing file /opt/airflow/dags/ml_training_dag.py for tasks to queue
[2025-08-29T02:29:34.304+0000] {logging_mixin.py:188} INFO - [2025-08-29T02:29:34.303+0000] {dagbag.py:538} INFO - Filling up the DagBag from /opt/airflow/dags/ml_training_dag.py
[2025-08-29T02:29:39.452+0000] {processor.py:840} INFO - DAG(s) 'entrenamiento_modelo_iris' retrieved from /opt/airflow/dags/ml_training_dag.py
[2025-08-29T02:29:39.556+0000] {logging_mixin.py:188} INFO - [2025-08-29T02:29:39.555+0000] {dag.py:3036} INFO - Sync 1 DAGs
[2025-08-29T02:29:39.595+0000] {logging_mixin.py:188} INFO - [2025-08-29T02:29:39.594+0000] {dag.py:3823} INFO - Setting next_dagrun for entrenamiento_modelo_iris to None, run_after=None
[2025-08-29T02:29:39.651+0000] {processor.py:183} INFO - Processing /opt/airflow/dags/ml_training_dag.py took 5.437 seconds
[2025-08-29T02:30:10.321+0000] {processor.py:161} INFO - Started process (PID=223) to work on /opt/airflow/dags/ml_training_dag.py
[2025-08-29T02:30:10.327+0000] {processor.py:830} INFO - Processing file /opt/airflow/dags/ml_training_dag.py for tasks to queue
[2025-08-29T02:30:10.330+0000] {logging_mixin.py:188} INFO - [2025-08-29T02:30:10.329+0000] {dagbag.py:538} INFO - Filling up the DagBag from /opt/airflow/dags/ml_training_dag.py
[2025-08-29T02:30:14.667+0000] {processor.py:840} INFO - DAG(s) 'entrenamiento_modelo_iris' retrieved from /opt/airflow/dags/ml_training_dag.py
[2025-08-29T02:30:14.737+0000] {logging_mixin.py:188} INFO - [2025-08-29T02:30:14.736+0000] {dag.py:3036} INFO - Sync 1 DAGs
[2025-08-29T02:30:14.788+0000] {logging_mixin.py:188} INFO - [2025-08-29T02:30:14.788+0000] {dag.py:3823} INFO - Setting next_dagrun for entrenamiento_modelo_iris to None, run_after=None
[2025-08-29T02:30:14.840+0000] {processor.py:183} INFO - Processing /opt/airflow/dags/ml_training_dag.py took 4.543 seconds
[2025-08-29T02:30:45.297+0000] {processor.py:161} INFO - Started process (PID=280) to work on /opt/airflow/dags/ml_training_dag.py
[2025-08-29T02:30:45.308+0000] {processor.py:830} INFO - Processing file /opt/airflow/dags/ml_training_dag.py for tasks to queue
[2025-08-29T02:30:45.313+0000] {logging_mixin.py:188} INFO - [2025-08-29T02:30:45.311+0000] {dagbag.py:538} INFO - Filling up the DagBag from /opt/airflow/dags/ml_training_dag.py
[2025-08-29T02:30:49.409+0000] {processor.py:840} INFO - DAG(s) 'entrenamiento_modelo_iris' retrieved from /opt/airflow/dags/ml_training_dag.py
[2025-08-29T02:30:49.459+0000] {logging_mixin.py:188} INFO - [2025-08-29T02:30:49.458+0000] {dag.py:3036} INFO - Sync 1 DAGs
[2025-08-29T02:30:49.492+0000] {logging_mixin.py:188} INFO - [2025-08-29T02:30:49.492+0000] {dag.py:3823} INFO - Setting next_dagrun for entrenamiento_modelo_iris to None, run_after=None
[2025-08-29T02:30:49.527+0000] {processor.py:183} INFO - Processing /opt/airflow/dags/ml_training_dag.py took 4.262 seconds
[2025-08-29T02:31:19.922+0000] {processor.py:161} INFO - Started process (PID=322) to work on /opt/airflow/dags/ml_training_dag.py
[2025-08-29T02:31:19.924+0000] {processor.py:830} INFO - Processing file /opt/airflow/dags/ml_training_dag.py for tasks to queue
[2025-08-29T02:31:19.925+0000] {logging_mixin.py:188} INFO - [2025-08-29T02:31:19.925+0000] {dagbag.py:538} INFO - Filling up the DagBag from /opt/airflow/dags/ml_training_dag.py
[2025-08-29T02:31:21.780+0000] {processor.py:840} INFO - DAG(s) 'entrenamiento_modelo_iris' retrieved from /opt/airflow/dags/ml_training_dag.py
[2025-08-29T02:31:21.815+0000] {logging_mixin.py:188} INFO - [2025-08-29T02:31:21.814+0000] {dag.py:3036} INFO - Sync 1 DAGs
[2025-08-29T02:31:21.832+0000] {logging_mixin.py:188} INFO - [2025-08-29T02:31:21.832+0000] {dag.py:3823} INFO - Setting next_dagrun for entrenamiento_modelo_iris to None, run_after=None
[2025-08-29T02:31:21.860+0000] {processor.py:183} INFO - Processing /opt/airflow/dags/ml_training_dag.py took 1.941 seconds
[2025-08-29T02:31:52.343+0000] {processor.py:161} INFO - Started process (PID=382) to work on /opt/airflow/dags/ml_training_dag.py
[2025-08-29T02:31:52.345+0000] {processor.py:830} INFO - Processing file /opt/airflow/dags/ml_training_dag.py for tasks to queue
[2025-08-29T02:31:52.347+0000] {logging_mixin.py:188} INFO - [2025-08-29T02:31:52.346+0000] {dagbag.py:538} INFO - Filling up the DagBag from /opt/airflow/dags/ml_training_dag.py
[2025-08-29T02:31:53.919+0000] {processor.py:840} INFO - DAG(s) 'entrenamiento_modelo_iris' retrieved from /opt/airflow/dags/ml_training_dag.py
[2025-08-29T02:31:53.949+0000] {logging_mixin.py:188} INFO - [2025-08-29T02:31:53.948+0000] {dag.py:3036} INFO - Sync 1 DAGs
[2025-08-29T02:31:53.961+0000] {logging_mixin.py:188} INFO - [2025-08-29T02:31:53.961+0000] {dag.py:3823} INFO - Setting next_dagrun for entrenamiento_modelo_iris to None, run_after=None
[2025-08-29T02:31:53.989+0000] {processor.py:183} INFO - Processing /opt/airflow/dags/ml_training_dag.py took 1.651 seconds
[2025-08-29T02:32:24.373+0000] {processor.py:161} INFO - Started process (PID=422) to work on /opt/airflow/dags/ml_training_dag.py
[2025-08-29T02:32:24.374+0000] {processor.py:830} INFO - Processing file /opt/airflow/dags/ml_training_dag.py for tasks to queue
[2025-08-29T02:32:24.377+0000] {logging_mixin.py:188} INFO - [2025-08-29T02:32:24.376+0000] {dagbag.py:538} INFO - Filling up the DagBag from /opt/airflow/dags/ml_training_dag.py
[2025-08-29T02:32:26.071+0000] {processor.py:840} INFO - DAG(s) 'entrenamiento_modelo_iris' retrieved from /opt/airflow/dags/ml_training_dag.py
[2025-08-29T02:32:26.101+0000] {logging_mixin.py:188} INFO - [2025-08-29T02:32:26.100+0000] {dag.py:3036} INFO - Sync 1 DAGs
[2025-08-29T02:32:26.113+0000] {logging_mixin.py:188} INFO - [2025-08-29T02:32:26.112+0000] {dag.py:3823} INFO - Setting next_dagrun for entrenamiento_modelo_iris to None, run_after=None
[2025-08-29T02:32:26.143+0000] {processor.py:183} INFO - Processing /opt/airflow/dags/ml_training_dag.py took 1.774 seconds
[2025-08-29T02:32:56.757+0000] {processor.py:161} INFO - Started process (PID=473) to work on /opt/airflow/dags/ml_training_dag.py
[2025-08-29T02:32:56.759+0000] {processor.py:830} INFO - Processing file /opt/airflow/dags/ml_training_dag.py for tasks to queue
[2025-08-29T02:32:56.760+0000] {logging_mixin.py:188} INFO - [2025-08-29T02:32:56.760+0000] {dagbag.py:538} INFO - Filling up the DagBag from /opt/airflow/dags/ml_training_dag.py
[2025-08-29T02:32:58.191+0000] {processor.py:840} INFO - DAG(s) 'entrenamiento_modelo_iris' retrieved from /opt/airflow/dags/ml_training_dag.py
[2025-08-29T02:32:58.222+0000] {logging_mixin.py:188} INFO - [2025-08-29T02:32:58.221+0000] {dag.py:3036} INFO - Sync 1 DAGs
[2025-08-29T02:32:58.238+0000] {logging_mixin.py:188} INFO - [2025-08-29T02:32:58.238+0000] {dag.py:3823} INFO - Setting next_dagrun for entrenamiento_modelo_iris to None, run_after=None
[2025-08-29T02:32:58.274+0000] {processor.py:183} INFO - Processing /opt/airflow/dags/ml_training_dag.py took 1.521 seconds
[2025-08-29T02:33:29.125+0000] {processor.py:161} INFO - Started process (PID=512) to work on /opt/airflow/dags/ml_training_dag.py
[2025-08-29T02:33:29.127+0000] {processor.py:830} INFO - Processing file /opt/airflow/dags/ml_training_dag.py for tasks to queue
[2025-08-29T02:33:29.128+0000] {logging_mixin.py:188} INFO - [2025-08-29T02:33:29.128+0000] {dagbag.py:538} INFO - Filling up the DagBag from /opt/airflow/dags/ml_training_dag.py
[2025-08-29T02:33:30.665+0000] {processor.py:840} INFO - DAG(s) 'entrenamiento_modelo_iris' retrieved from /opt/airflow/dags/ml_training_dag.py
[2025-08-29T02:33:30.695+0000] {logging_mixin.py:188} INFO - [2025-08-29T02:33:30.694+0000] {dag.py:3036} INFO - Sync 1 DAGs
[2025-08-29T02:33:30.708+0000] {logging_mixin.py:188} INFO - [2025-08-29T02:33:30.708+0000] {dag.py:3823} INFO - Setting next_dagrun for entrenamiento_modelo_iris to None, run_after=None
[2025-08-29T02:33:30.737+0000] {processor.py:183} INFO - Processing /opt/airflow/dags/ml_training_dag.py took 1.615 seconds
[2025-08-29T02:34:00.881+0000] {processor.py:161} INFO - Started process (PID=562) to work on /opt/airflow/dags/ml_training_dag.py
[2025-08-29T02:34:00.882+0000] {processor.py:830} INFO - Processing file /opt/airflow/dags/ml_training_dag.py for tasks to queue
[2025-08-29T02:34:00.884+0000] {logging_mixin.py:188} INFO - [2025-08-29T02:34:00.883+0000] {dagbag.py:538} INFO - Filling up the DagBag from /opt/airflow/dags/ml_training_dag.py
[2025-08-29T02:34:02.485+0000] {processor.py:840} INFO - DAG(s) 'entrenamiento_modelo_iris' retrieved from /opt/airflow/dags/ml_training_dag.py
[2025-08-29T02:34:02.517+0000] {logging_mixin.py:188} INFO - [2025-08-29T02:34:02.516+0000] {dag.py:3036} INFO - Sync 1 DAGs
[2025-08-29T02:34:02.530+0000] {logging_mixin.py:188} INFO - [2025-08-29T02:34:02.529+0000] {dag.py:3823} INFO - Setting next_dagrun for entrenamiento_modelo_iris to None, run_after=None
[2025-08-29T02:34:02.559+0000] {processor.py:183} INFO - Processing /opt/airflow/dags/ml_training_dag.py took 1.682 seconds
[2025-08-29T02:34:33.022+0000] {processor.py:161} INFO - Started process (PID=601) to work on /opt/airflow/dags/ml_training_dag.py
[2025-08-29T02:34:33.024+0000] {processor.py:830} INFO - Processing file /opt/airflow/dags/ml_training_dag.py for tasks to queue
[2025-08-29T02:34:33.025+0000] {logging_mixin.py:188} INFO - [2025-08-29T02:34:33.025+0000] {dagbag.py:538} INFO - Filling up the DagBag from /opt/airflow/dags/ml_training_dag.py
[2025-08-29T02:34:34.975+0000] {processor.py:840} INFO - DAG(s) 'entrenamiento_modelo_iris' retrieved from /opt/airflow/dags/ml_training_dag.py
[2025-08-29T02:34:35.007+0000] {logging_mixin.py:188} INFO - [2025-08-29T02:34:35.006+0000] {dag.py:3036} INFO - Sync 1 DAGs
[2025-08-29T02:34:35.023+0000] {logging_mixin.py:188} INFO - [2025-08-29T02:34:35.022+0000] {dag.py:3823} INFO - Setting next_dagrun for entrenamiento_modelo_iris to None, run_after=None
[2025-08-29T02:34:35.054+0000] {processor.py:183} INFO - Processing /opt/airflow/dags/ml_training_dag.py took 2.037 seconds
[2025-08-29T02:35:05.502+0000] {processor.py:161} INFO - Started process (PID=651) to work on /opt/airflow/dags/ml_training_dag.py
[2025-08-29T02:35:05.503+0000] {processor.py:830} INFO - Processing file /opt/airflow/dags/ml_training_dag.py for tasks to queue
[2025-08-29T02:35:05.505+0000] {logging_mixin.py:188} INFO - [2025-08-29T02:35:05.504+0000] {dagbag.py:538} INFO - Filling up the DagBag from /opt/airflow/dags/ml_training_dag.py
[2025-08-29T02:35:07.158+0000] {processor.py:840} INFO - DAG(s) 'entrenamiento_modelo_iris' retrieved from /opt/airflow/dags/ml_training_dag.py
[2025-08-29T02:35:07.189+0000] {logging_mixin.py:188} INFO - [2025-08-29T02:35:07.189+0000] {dag.py:3036} INFO - Sync 1 DAGs
[2025-08-29T02:35:07.203+0000] {logging_mixin.py:188} INFO - [2025-08-29T02:35:07.203+0000] {dag.py:3823} INFO - Setting next_dagrun for entrenamiento_modelo_iris to None, run_after=None
[2025-08-29T02:35:07.234+0000] {processor.py:183} INFO - Processing /opt/airflow/dags/ml_training_dag.py took 1.736 seconds
[2025-08-29T02:35:37.339+0000] {processor.py:161} INFO - Started process (PID=690) to work on /opt/airflow/dags/ml_training_dag.py
[2025-08-29T02:35:37.341+0000] {processor.py:830} INFO - Processing file /opt/airflow/dags/ml_training_dag.py for tasks to queue
[2025-08-29T02:35:37.346+0000] {logging_mixin.py:188} INFO - [2025-08-29T02:35:37.344+0000] {dagbag.py:538} INFO - Filling up the DagBag from /opt/airflow/dags/ml_training_dag.py
[2025-08-29T02:35:39.483+0000] {processor.py:840} INFO - DAG(s) 'entrenamiento_modelo_iris' retrieved from /opt/airflow/dags/ml_training_dag.py
[2025-08-29T02:35:39.517+0000] {logging_mixin.py:188} INFO - [2025-08-29T02:35:39.517+0000] {dag.py:3036} INFO - Sync 1 DAGs
[2025-08-29T02:35:39.534+0000] {logging_mixin.py:188} INFO - [2025-08-29T02:35:39.533+0000] {dag.py:3823} INFO - Setting next_dagrun for entrenamiento_modelo_iris to None, run_after=None
[2025-08-29T02:35:39.567+0000] {processor.py:183} INFO - Processing /opt/airflow/dags/ml_training_dag.py took 2.254 seconds
[2025-08-29T02:36:09.953+0000] {processor.py:161} INFO - Started process (PID=740) to work on /opt/airflow/dags/ml_training_dag.py
[2025-08-29T02:36:09.955+0000] {processor.py:830} INFO - Processing file /opt/airflow/dags/ml_training_dag.py for tasks to queue
[2025-08-29T02:36:09.956+0000] {logging_mixin.py:188} INFO - [2025-08-29T02:36:09.956+0000] {dagbag.py:538} INFO - Filling up the DagBag from /opt/airflow/dags/ml_training_dag.py
[2025-08-29T02:36:11.552+0000] {processor.py:840} INFO - DAG(s) 'entrenamiento_modelo_iris' retrieved from /opt/airflow/dags/ml_training_dag.py
[2025-08-29T02:36:11.592+0000] {logging_mixin.py:188} INFO - [2025-08-29T02:36:11.591+0000] {dag.py:3036} INFO - Sync 1 DAGs
[2025-08-29T02:36:11.617+0000] {logging_mixin.py:188} INFO - [2025-08-29T02:36:11.617+0000] {dag.py:3823} INFO - Setting next_dagrun for entrenamiento_modelo_iris to None, run_after=None
[2025-08-29T02:36:11.655+0000] {processor.py:183} INFO - Processing /opt/airflow/dags/ml_training_dag.py took 1.705 seconds
[2025-08-29T02:36:42.215+0000] {processor.py:161} INFO - Started process (PID=779) to work on /opt/airflow/dags/ml_training_dag.py
[2025-08-29T02:36:42.217+0000] {processor.py:830} INFO - Processing file /opt/airflow/dags/ml_training_dag.py for tasks to queue
[2025-08-29T02:36:42.219+0000] {logging_mixin.py:188} INFO - [2025-08-29T02:36:42.218+0000] {dagbag.py:538} INFO - Filling up the DagBag from /opt/airflow/dags/ml_training_dag.py
[2025-08-29T02:36:43.948+0000] {processor.py:840} INFO - DAG(s) 'entrenamiento_modelo_iris' retrieved from /opt/airflow/dags/ml_training_dag.py
[2025-08-29T02:36:43.979+0000] {logging_mixin.py:188} INFO - [2025-08-29T02:36:43.978+0000] {dag.py:3036} INFO - Sync 1 DAGs
[2025-08-29T02:36:43.991+0000] {logging_mixin.py:188} INFO - [2025-08-29T02:36:43.990+0000] {dag.py:3823} INFO - Setting next_dagrun for entrenamiento_modelo_iris to None, run_after=None
[2025-08-29T02:36:44.021+0000] {processor.py:183} INFO - Processing /opt/airflow/dags/ml_training_dag.py took 1.810 seconds
[2025-08-29T02:37:14.457+0000] {processor.py:161} INFO - Started process (PID=829) to work on /opt/airflow/dags/ml_training_dag.py
[2025-08-29T02:37:14.459+0000] {processor.py:830} INFO - Processing file /opt/airflow/dags/ml_training_dag.py for tasks to queue
[2025-08-29T02:37:14.460+0000] {logging_mixin.py:188} INFO - [2025-08-29T02:37:14.460+0000] {dagbag.py:538} INFO - Filling up the DagBag from /opt/airflow/dags/ml_training_dag.py
[2025-08-29T02:37:16.007+0000] {processor.py:840} INFO - DAG(s) 'entrenamiento_modelo_iris' retrieved from /opt/airflow/dags/ml_training_dag.py
[2025-08-29T02:37:16.038+0000] {logging_mixin.py:188} INFO - [2025-08-29T02:37:16.037+0000] {dag.py:3036} INFO - Sync 1 DAGs
[2025-08-29T02:37:16.050+0000] {logging_mixin.py:188} INFO - [2025-08-29T02:37:16.050+0000] {dag.py:3823} INFO - Setting next_dagrun for entrenamiento_modelo_iris to None, run_after=None
[2025-08-29T02:37:16.080+0000] {processor.py:183} INFO - Processing /opt/airflow/dags/ml_training_dag.py took 1.628 seconds
[2025-08-29T02:37:46.967+0000] {processor.py:161} INFO - Started process (PID=868) to work on /opt/airflow/dags/ml_training_dag.py
[2025-08-29T02:37:46.969+0000] {processor.py:830} INFO - Processing file /opt/airflow/dags/ml_training_dag.py for tasks to queue
[2025-08-29T02:37:46.970+0000] {logging_mixin.py:188} INFO - [2025-08-29T02:37:46.970+0000] {dagbag.py:538} INFO - Filling up the DagBag from /opt/airflow/dags/ml_training_dag.py
[2025-08-29T02:37:48.654+0000] {processor.py:840} INFO - DAG(s) 'entrenamiento_modelo_iris' retrieved from /opt/airflow/dags/ml_training_dag.py
[2025-08-29T02:37:48.688+0000] {logging_mixin.py:188} INFO - [2025-08-29T02:37:48.687+0000] {dag.py:3036} INFO - Sync 1 DAGs
[2025-08-29T02:37:48.702+0000] {logging_mixin.py:188} INFO - [2025-08-29T02:37:48.702+0000] {dag.py:3823} INFO - Setting next_dagrun for entrenamiento_modelo_iris to None, run_after=None
[2025-08-29T02:37:48.733+0000] {processor.py:183} INFO - Processing /opt/airflow/dags/ml_training_dag.py took 1.768 seconds
[2025-08-29T02:38:19.319+0000] {processor.py:161} INFO - Started process (PID=918) to work on /opt/airflow/dags/ml_training_dag.py
[2025-08-29T02:38:19.321+0000] {processor.py:830} INFO - Processing file /opt/airflow/dags/ml_training_dag.py for tasks to queue
[2025-08-29T02:38:19.322+0000] {logging_mixin.py:188} INFO - [2025-08-29T02:38:19.322+0000] {dagbag.py:538} INFO - Filling up the DagBag from /opt/airflow/dags/ml_training_dag.py
[2025-08-29T02:38:20.975+0000] {processor.py:840} INFO - DAG(s) 'entrenamiento_modelo_iris' retrieved from /opt/airflow/dags/ml_training_dag.py
[2025-08-29T02:38:21.008+0000] {logging_mixin.py:188} INFO - [2025-08-29T02:38:21.007+0000] {dag.py:3036} INFO - Sync 1 DAGs
[2025-08-29T02:38:21.022+0000] {logging_mixin.py:188} INFO - [2025-08-29T02:38:21.022+0000] {dag.py:3823} INFO - Setting next_dagrun for entrenamiento_modelo_iris to None, run_after=None
[2025-08-29T02:38:21.054+0000] {processor.py:183} INFO - Processing /opt/airflow/dags/ml_training_dag.py took 1.739 seconds
[2025-08-29T02:38:51.563+0000] {processor.py:161} INFO - Started process (PID=957) to work on /opt/airflow/dags/ml_training_dag.py
[2025-08-29T02:38:51.565+0000] {processor.py:830} INFO - Processing file /opt/airflow/dags/ml_training_dag.py for tasks to queue
[2025-08-29T02:38:51.566+0000] {logging_mixin.py:188} INFO - [2025-08-29T02:38:51.566+0000] {dagbag.py:538} INFO - Filling up the DagBag from /opt/airflow/dags/ml_training_dag.py
[2025-08-29T02:38:53.158+0000] {processor.py:840} INFO - DAG(s) 'entrenamiento_modelo_iris' retrieved from /opt/airflow/dags/ml_training_dag.py
[2025-08-29T02:38:53.192+0000] {logging_mixin.py:188} INFO - [2025-08-29T02:38:53.191+0000] {dag.py:3036} INFO - Sync 1 DAGs
[2025-08-29T02:38:53.206+0000] {logging_mixin.py:188} INFO - [2025-08-29T02:38:53.206+0000] {dag.py:3823} INFO - Setting next_dagrun for entrenamiento_modelo_iris to None, run_after=None
[2025-08-29T02:38:53.239+0000] {processor.py:183} INFO - Processing /opt/airflow/dags/ml_training_dag.py took 1.679 seconds
[2025-08-29T02:39:23.865+0000] {processor.py:161} INFO - Started process (PID=1007) to work on /opt/airflow/dags/ml_training_dag.py
[2025-08-29T02:39:23.866+0000] {processor.py:830} INFO - Processing file /opt/airflow/dags/ml_training_dag.py for tasks to queue
[2025-08-29T02:39:23.868+0000] {logging_mixin.py:188} INFO - [2025-08-29T02:39:23.867+0000] {dagbag.py:538} INFO - Filling up the DagBag from /opt/airflow/dags/ml_training_dag.py
[2025-08-29T02:39:25.585+0000] {processor.py:840} INFO - DAG(s) 'entrenamiento_modelo_iris' retrieved from /opt/airflow/dags/ml_training_dag.py
[2025-08-29T02:39:25.623+0000] {logging_mixin.py:188} INFO - [2025-08-29T02:39:25.623+0000] {dag.py:3036} INFO - Sync 1 DAGs
[2025-08-29T02:39:25.639+0000] {logging_mixin.py:188} INFO - [2025-08-29T02:39:25.639+0000] {dag.py:3823} INFO - Setting next_dagrun for entrenamiento_modelo_iris to None, run_after=None
[2025-08-29T02:39:25.672+0000] {processor.py:183} INFO - Processing /opt/airflow/dags/ml_training_dag.py took 1.810 seconds
[2025-08-29T02:39:56.172+0000] {processor.py:161} INFO - Started process (PID=1046) to work on /opt/airflow/dags/ml_training_dag.py
[2025-08-29T02:39:56.174+0000] {processor.py:830} INFO - Processing file /opt/airflow/dags/ml_training_dag.py for tasks to queue
[2025-08-29T02:39:56.176+0000] {logging_mixin.py:188} INFO - [2025-08-29T02:39:56.176+0000] {dagbag.py:538} INFO - Filling up the DagBag from /opt/airflow/dags/ml_training_dag.py
[2025-08-29T02:39:59.053+0000] {processor.py:840} INFO - DAG(s) 'entrenamiento_modelo_iris' retrieved from /opt/airflow/dags/ml_training_dag.py
[2025-08-29T02:39:59.106+0000] {logging_mixin.py:188} INFO - [2025-08-29T02:39:59.106+0000] {dag.py:3036} INFO - Sync 1 DAGs
[2025-08-29T02:39:59.129+0000] {logging_mixin.py:188} INFO - [2025-08-29T02:39:59.128+0000] {dag.py:3823} INFO - Setting next_dagrun for entrenamiento_modelo_iris to None, run_after=None
[2025-08-29T02:39:59.174+0000] {processor.py:183} INFO - Processing /opt/airflow/dags/ml_training_dag.py took 3.009 seconds
[2025-08-29T02:40:29.747+0000] {processor.py:161} INFO - Started process (PID=1096) to work on /opt/airflow/dags/ml_training_dag.py
[2025-08-29T02:40:29.748+0000] {processor.py:830} INFO - Processing file /opt/airflow/dags/ml_training_dag.py for tasks to queue
[2025-08-29T02:40:29.750+0000] {logging_mixin.py:188} INFO - [2025-08-29T02:40:29.749+0000] {dagbag.py:538} INFO - Filling up the DagBag from /opt/airflow/dags/ml_training_dag.py
[2025-08-29T02:40:31.442+0000] {processor.py:840} INFO - DAG(s) 'entrenamiento_modelo_iris' retrieved from /opt/airflow/dags/ml_training_dag.py
[2025-08-29T02:40:31.478+0000] {logging_mixin.py:188} INFO - [2025-08-29T02:40:31.477+0000] {dag.py:3036} INFO - Sync 1 DAGs
[2025-08-29T02:40:31.494+0000] {logging_mixin.py:188} INFO - [2025-08-29T02:40:31.494+0000] {dag.py:3823} INFO - Setting next_dagrun for entrenamiento_modelo_iris to None, run_after=None
[2025-08-29T02:40:31.525+0000] {processor.py:183} INFO - Processing /opt/airflow/dags/ml_training_dag.py took 1.782 seconds
[2025-08-29T02:41:02.049+0000] {processor.py:161} INFO - Started process (PID=1135) to work on /opt/airflow/dags/ml_training_dag.py
[2025-08-29T02:41:02.051+0000] {processor.py:830} INFO - Processing file /opt/airflow/dags/ml_training_dag.py for tasks to queue
[2025-08-29T02:41:02.053+0000] {logging_mixin.py:188} INFO - [2025-08-29T02:41:02.052+0000] {dagbag.py:538} INFO - Filling up the DagBag from /opt/airflow/dags/ml_training_dag.py
[2025-08-29T02:41:03.941+0000] {processor.py:840} INFO - DAG(s) 'entrenamiento_modelo_iris' retrieved from /opt/airflow/dags/ml_training_dag.py
[2025-08-29T02:41:03.975+0000] {logging_mixin.py:188} INFO - [2025-08-29T02:41:03.975+0000] {dag.py:3036} INFO - Sync 1 DAGs
[2025-08-29T02:41:03.990+0000] {logging_mixin.py:188} INFO - [2025-08-29T02:41:03.989+0000] {dag.py:3823} INFO - Setting next_dagrun for entrenamiento_modelo_iris to None, run_after=None
[2025-08-29T02:41:04.022+0000] {processor.py:183} INFO - Processing /opt/airflow/dags/ml_training_dag.py took 1.976 seconds
[2025-08-29T02:41:34.419+0000] {processor.py:161} INFO - Started process (PID=1175) to work on /opt/airflow/dags/ml_training_dag.py
[2025-08-29T02:41:34.421+0000] {processor.py:830} INFO - Processing file /opt/airflow/dags/ml_training_dag.py for tasks to queue
[2025-08-29T02:41:34.422+0000] {logging_mixin.py:188} INFO - [2025-08-29T02:41:34.422+0000] {dagbag.py:538} INFO - Filling up the DagBag from /opt/airflow/dags/ml_training_dag.py
[2025-08-29T02:41:35.855+0000] {processor.py:840} INFO - DAG(s) 'entrenamiento_modelo_iris' retrieved from /opt/airflow/dags/ml_training_dag.py
[2025-08-29T02:41:35.885+0000] {logging_mixin.py:188} INFO - [2025-08-29T02:41:35.884+0000] {dag.py:3036} INFO - Sync 1 DAGs
[2025-08-29T02:41:35.897+0000] {logging_mixin.py:188} INFO - [2025-08-29T02:41:35.897+0000] {dag.py:3823} INFO - Setting next_dagrun for entrenamiento_modelo_iris to None, run_after=None
[2025-08-29T02:41:35.925+0000] {processor.py:183} INFO - Processing /opt/airflow/dags/ml_training_dag.py took 1.508 seconds
[2025-08-29T02:42:06.072+0000] {processor.py:161} INFO - Started process (PID=1214) to work on /opt/airflow/dags/ml_training_dag.py
[2025-08-29T02:42:06.074+0000] {processor.py:830} INFO - Processing file /opt/airflow/dags/ml_training_dag.py for tasks to queue
[2025-08-29T02:42:06.076+0000] {logging_mixin.py:188} INFO - [2025-08-29T02:42:06.075+0000] {dagbag.py:538} INFO - Filling up the DagBag from /opt/airflow/dags/ml_training_dag.py
[2025-08-29T02:42:07.944+0000] {processor.py:840} INFO - DAG(s) 'entrenamiento_modelo_iris' retrieved from /opt/airflow/dags/ml_training_dag.py
[2025-08-29T02:42:07.976+0000] {logging_mixin.py:188} INFO - [2025-08-29T02:42:07.976+0000] {dag.py:3036} INFO - Sync 1 DAGs
[2025-08-29T02:42:07.989+0000] {logging_mixin.py:188} INFO - [2025-08-29T02:42:07.989+0000] {dag.py:3823} INFO - Setting next_dagrun for entrenamiento_modelo_iris to None, run_after=None
[2025-08-29T02:42:08.018+0000] {processor.py:183} INFO - Processing /opt/airflow/dags/ml_training_dag.py took 1.955 seconds
[2025-08-29T02:42:38.830+0000] {processor.py:161} INFO - Started process (PID=1253) to work on /opt/airflow/dags/ml_training_dag.py
[2025-08-29T02:42:38.832+0000] {processor.py:830} INFO - Processing file /opt/airflow/dags/ml_training_dag.py for tasks to queue
[2025-08-29T02:42:38.834+0000] {logging_mixin.py:188} INFO - [2025-08-29T02:42:38.834+0000] {dagbag.py:538} INFO - Filling up the DagBag from /opt/airflow/dags/ml_training_dag.py
[2025-08-29T02:42:41.195+0000] {processor.py:840} INFO - DAG(s) 'entrenamiento_modelo_iris' retrieved from /opt/airflow/dags/ml_training_dag.py
[2025-08-29T02:42:41.229+0000] {logging_mixin.py:188} INFO - [2025-08-29T02:42:41.229+0000] {dag.py:3036} INFO - Sync 1 DAGs
[2025-08-29T02:42:41.249+0000] {logging_mixin.py:188} INFO - [2025-08-29T02:42:41.248+0000] {dag.py:3823} INFO - Setting next_dagrun for entrenamiento_modelo_iris to None, run_after=None
[2025-08-29T02:42:41.282+0000] {processor.py:183} INFO - Processing /opt/airflow/dags/ml_training_dag.py took 2.455 seconds
[2025-08-29T02:43:11.481+0000] {processor.py:161} INFO - Started process (PID=1292) to work on /opt/airflow/dags/ml_training_dag.py
[2025-08-29T02:43:11.483+0000] {processor.py:830} INFO - Processing file /opt/airflow/dags/ml_training_dag.py for tasks to queue
[2025-08-29T02:43:11.484+0000] {logging_mixin.py:188} INFO - [2025-08-29T02:43:11.484+0000] {dagbag.py:538} INFO - Filling up the DagBag from /opt/airflow/dags/ml_training_dag.py
[2025-08-29T02:43:13.153+0000] {processor.py:840} INFO - DAG(s) 'entrenamiento_modelo_iris' retrieved from /opt/airflow/dags/ml_training_dag.py
[2025-08-29T02:43:13.185+0000] {logging_mixin.py:188} INFO - [2025-08-29T02:43:13.185+0000] {dag.py:3036} INFO - Sync 1 DAGs
[2025-08-29T02:43:13.199+0000] {logging_mixin.py:188} INFO - [2025-08-29T02:43:13.199+0000] {dag.py:3823} INFO - Setting next_dagrun for entrenamiento_modelo_iris to None, run_after=None
[2025-08-29T02:43:13.228+0000] {processor.py:183} INFO - Processing /opt/airflow/dags/ml_training_dag.py took 1.750 seconds
[2025-08-29T02:43:43.342+0000] {processor.py:161} INFO - Started process (PID=1331) to work on /opt/airflow/dags/ml_training_dag.py
[2025-08-29T02:43:43.344+0000] {processor.py:830} INFO - Processing file /opt/airflow/dags/ml_training_dag.py for tasks to queue
[2025-08-29T02:43:43.346+0000] {logging_mixin.py:188} INFO - [2025-08-29T02:43:43.346+0000] {dagbag.py:538} INFO - Filling up the DagBag from /opt/airflow/dags/ml_training_dag.py
[2025-08-29T02:43:45.539+0000] {processor.py:840} INFO - DAG(s) 'entrenamiento_modelo_iris' retrieved from /opt/airflow/dags/ml_training_dag.py
[2025-08-29T02:43:45.578+0000] {logging_mixin.py:188} INFO - [2025-08-29T02:43:45.578+0000] {dag.py:3036} INFO - Sync 1 DAGs
[2025-08-29T02:43:45.596+0000] {logging_mixin.py:188} INFO - [2025-08-29T02:43:45.595+0000] {dag.py:3823} INFO - Setting next_dagrun for entrenamiento_modelo_iris to None, run_after=None
[2025-08-29T02:43:45.631+0000] {processor.py:183} INFO - Processing /opt/airflow/dags/ml_training_dag.py took 2.293 seconds
[2025-08-29T02:44:15.728+0000] {processor.py:161} INFO - Started process (PID=1383) to work on /opt/airflow/dags/ml_training_dag.py
[2025-08-29T02:44:15.730+0000] {processor.py:830} INFO - Processing file /opt/airflow/dags/ml_training_dag.py for tasks to queue
[2025-08-29T02:44:15.732+0000] {logging_mixin.py:188} INFO - [2025-08-29T02:44:15.731+0000] {dagbag.py:538} INFO - Filling up the DagBag from /opt/airflow/dags/ml_training_dag.py
[2025-08-29T02:44:17.625+0000] {processor.py:840} INFO - DAG(s) 'entrenamiento_modelo_iris' retrieved from /opt/airflow/dags/ml_training_dag.py
[2025-08-29T02:44:17.667+0000] {logging_mixin.py:188} INFO - [2025-08-29T02:44:17.666+0000] {dag.py:3036} INFO - Sync 1 DAGs
[2025-08-29T02:44:17.686+0000] {logging_mixin.py:188} INFO - [2025-08-29T02:44:17.686+0000] {dag.py:3823} INFO - Setting next_dagrun for entrenamiento_modelo_iris to None, run_after=None
[2025-08-29T02:44:17.869+0000] {processor.py:183} INFO - Processing /opt/airflow/dags/ml_training_dag.py took 2.145 seconds
[2025-08-29T02:44:48.625+0000] {processor.py:161} INFO - Started process (PID=1422) to work on /opt/airflow/dags/ml_training_dag.py
[2025-08-29T02:44:48.626+0000] {processor.py:830} INFO - Processing file /opt/airflow/dags/ml_training_dag.py for tasks to queue
[2025-08-29T02:44:48.628+0000] {logging_mixin.py:188} INFO - [2025-08-29T02:44:48.627+0000] {dagbag.py:538} INFO - Filling up the DagBag from /opt/airflow/dags/ml_training_dag.py
[2025-08-29T02:44:50.247+0000] {processor.py:840} INFO - DAG(s) 'entrenamiento_modelo_iris' retrieved from /opt/airflow/dags/ml_training_dag.py
[2025-08-29T02:44:50.394+0000] {logging_mixin.py:188} INFO - [2025-08-29T02:44:50.394+0000] {dag.py:3036} INFO - Sync 1 DAGs
[2025-08-29T02:44:50.407+0000] {logging_mixin.py:188} INFO - [2025-08-29T02:44:50.407+0000] {dag.py:3823} INFO - Setting next_dagrun for entrenamiento_modelo_iris to None, run_after=None
[2025-08-29T02:44:50.434+0000] {processor.py:183} INFO - Processing /opt/airflow/dags/ml_training_dag.py took 1.813 seconds
[2025-08-29T02:45:21.129+0000] {processor.py:161} INFO - Started process (PID=1461) to work on /opt/airflow/dags/ml_training_dag.py
[2025-08-29T02:45:21.130+0000] {processor.py:830} INFO - Processing file /opt/airflow/dags/ml_training_dag.py for tasks to queue
[2025-08-29T02:45:21.132+0000] {logging_mixin.py:188} INFO - [2025-08-29T02:45:21.131+0000] {dagbag.py:538} INFO - Filling up the DagBag from /opt/airflow/dags/ml_training_dag.py
[2025-08-29T02:45:22.824+0000] {processor.py:840} INFO - DAG(s) 'entrenamiento_modelo_iris' retrieved from /opt/airflow/dags/ml_training_dag.py
[2025-08-29T02:45:22.862+0000] {logging_mixin.py:188} INFO - [2025-08-29T02:45:22.861+0000] {dag.py:3036} INFO - Sync 1 DAGs
[2025-08-29T02:45:22.877+0000] {logging_mixin.py:188} INFO - [2025-08-29T02:45:22.876+0000] {dag.py:3823} INFO - Setting next_dagrun for entrenamiento_modelo_iris to None, run_after=None
[2025-08-29T02:45:22.908+0000] {processor.py:183} INFO - Processing /opt/airflow/dags/ml_training_dag.py took 1.782 seconds
[2025-08-29T02:45:53.544+0000] {processor.py:161} INFO - Started process (PID=1500) to work on /opt/airflow/dags/ml_training_dag.py
[2025-08-29T02:45:53.546+0000] {processor.py:830} INFO - Processing file /opt/airflow/dags/ml_training_dag.py for tasks to queue
[2025-08-29T02:45:53.547+0000] {logging_mixin.py:188} INFO - [2025-08-29T02:45:53.547+0000] {dagbag.py:538} INFO - Filling up the DagBag from /opt/airflow/dags/ml_training_dag.py
[2025-08-29T02:45:55.238+0000] {processor.py:840} INFO - DAG(s) 'entrenamiento_modelo_iris' retrieved from /opt/airflow/dags/ml_training_dag.py
[2025-08-29T02:45:55.267+0000] {logging_mixin.py:188} INFO - [2025-08-29T02:45:55.267+0000] {dag.py:3036} INFO - Sync 1 DAGs
[2025-08-29T02:45:55.281+0000] {logging_mixin.py:188} INFO - [2025-08-29T02:45:55.281+0000] {dag.py:3823} INFO - Setting next_dagrun for entrenamiento_modelo_iris to None, run_after=None
[2025-08-29T02:45:55.308+0000] {processor.py:183} INFO - Processing /opt/airflow/dags/ml_training_dag.py took 1.767 seconds
[2025-08-29T02:46:25.763+0000] {processor.py:161} INFO - Started process (PID=1565) to work on /opt/airflow/dags/ml_training_dag.py
[2025-08-29T02:46:25.764+0000] {processor.py:830} INFO - Processing file /opt/airflow/dags/ml_training_dag.py for tasks to queue
[2025-08-29T02:46:25.766+0000] {logging_mixin.py:188} INFO - [2025-08-29T02:46:25.766+0000] {dagbag.py:538} INFO - Filling up the DagBag from /opt/airflow/dags/ml_training_dag.py
[2025-08-29T02:46:27.590+0000] {processor.py:840} INFO - DAG(s) 'entrenamiento_modelo_iris' retrieved from /opt/airflow/dags/ml_training_dag.py
[2025-08-29T02:46:27.623+0000] {logging_mixin.py:188} INFO - [2025-08-29T02:46:27.622+0000] {dag.py:3036} INFO - Sync 1 DAGs
[2025-08-29T02:46:27.638+0000] {logging_mixin.py:188} INFO - [2025-08-29T02:46:27.638+0000] {dag.py:3823} INFO - Setting next_dagrun for entrenamiento_modelo_iris to None, run_after=None
[2025-08-29T02:46:27.669+0000] {processor.py:183} INFO - Processing /opt/airflow/dags/ml_training_dag.py took 1.910 seconds
[2025-08-29T02:46:58.308+0000] {processor.py:161} INFO - Started process (PID=1604) to work on /opt/airflow/dags/ml_training_dag.py
[2025-08-29T02:46:58.310+0000] {processor.py:830} INFO - Processing file /opt/airflow/dags/ml_training_dag.py for tasks to queue
[2025-08-29T02:46:58.312+0000] {logging_mixin.py:188} INFO - [2025-08-29T02:46:58.311+0000] {dagbag.py:538} INFO - Filling up the DagBag from /opt/airflow/dags/ml_training_dag.py
[2025-08-29T02:47:00.595+0000] {processor.py:840} INFO - DAG(s) 'entrenamiento_modelo_iris' retrieved from /opt/airflow/dags/ml_training_dag.py
[2025-08-29T02:47:00.653+0000] {logging_mixin.py:188} INFO - [2025-08-29T02:47:00.652+0000] {dag.py:3036} INFO - Sync 1 DAGs
[2025-08-29T02:47:00.680+0000] {logging_mixin.py:188} INFO - [2025-08-29T02:47:00.680+0000] {dag.py:3823} INFO - Setting next_dagrun for entrenamiento_modelo_iris to None, run_after=None
[2025-08-29T02:47:00.724+0000] {processor.py:183} INFO - Processing /opt/airflow/dags/ml_training_dag.py took 2.419 seconds
[2025-08-29T02:49:30.898+0000] {processor.py:161} INFO - Started process (PID=169) to work on /opt/airflow/dags/ml_training_dag.py
[2025-08-29T02:49:30.900+0000] {processor.py:830} INFO - Processing file /opt/airflow/dags/ml_training_dag.py for tasks to queue
[2025-08-29T02:49:30.902+0000] {logging_mixin.py:188} INFO - [2025-08-29T02:49:30.901+0000] {dagbag.py:538} INFO - Filling up the DagBag from /opt/airflow/dags/ml_training_dag.py
[2025-08-29T02:49:33.231+0000] {processor.py:840} INFO - DAG(s) 'entrenamiento_modelo_iris' retrieved from /opt/airflow/dags/ml_training_dag.py
[2025-08-29T02:49:33.301+0000] {logging_mixin.py:188} INFO - [2025-08-29T02:49:33.301+0000] {dag.py:3036} INFO - Sync 1 DAGs
[2025-08-29T02:49:33.323+0000] {logging_mixin.py:188} INFO - [2025-08-29T02:49:33.323+0000] {dag.py:3823} INFO - Setting next_dagrun for entrenamiento_modelo_iris to None, run_after=None
[2025-08-29T02:49:33.355+0000] {processor.py:183} INFO - Processing /opt/airflow/dags/ml_training_dag.py took 2.463 seconds
[2025-08-29T02:50:03.910+0000] {processor.py:161} INFO - Started process (PID=222) to work on /opt/airflow/dags/ml_training_dag.py
[2025-08-29T02:50:03.912+0000] {processor.py:830} INFO - Processing file /opt/airflow/dags/ml_training_dag.py for tasks to queue
[2025-08-29T02:50:03.915+0000] {logging_mixin.py:188} INFO - [2025-08-29T02:50:03.914+0000] {dagbag.py:538} INFO - Filling up the DagBag from /opt/airflow/dags/ml_training_dag.py
[2025-08-29T02:50:07.131+0000] {processor.py:840} INFO - DAG(s) 'entrenamiento_modelo_iris' retrieved from /opt/airflow/dags/ml_training_dag.py
[2025-08-29T02:50:07.166+0000] {logging_mixin.py:188} INFO - [2025-08-29T02:50:07.166+0000] {dag.py:3036} INFO - Sync 1 DAGs
[2025-08-29T02:50:07.181+0000] {logging_mixin.py:188} INFO - [2025-08-29T02:50:07.180+0000] {dag.py:3823} INFO - Setting next_dagrun for entrenamiento_modelo_iris to None, run_after=None
[2025-08-29T02:50:07.210+0000] {processor.py:183} INFO - Processing /opt/airflow/dags/ml_training_dag.py took 3.305 seconds
[2025-08-29T02:50:37.635+0000] {processor.py:161} INFO - Started process (PID=291) to work on /opt/airflow/dags/ml_training_dag.py
[2025-08-29T02:50:37.637+0000] {processor.py:830} INFO - Processing file /opt/airflow/dags/ml_training_dag.py for tasks to queue
[2025-08-29T02:50:37.640+0000] {logging_mixin.py:188} INFO - [2025-08-29T02:50:37.639+0000] {dagbag.py:538} INFO - Filling up the DagBag from /opt/airflow/dags/ml_training_dag.py
[2025-08-29T02:50:39.521+0000] {processor.py:840} INFO - DAG(s) 'entrenamiento_modelo_iris' retrieved from /opt/airflow/dags/ml_training_dag.py
[2025-08-29T02:50:39.551+0000] {logging_mixin.py:188} INFO - [2025-08-29T02:50:39.551+0000] {dag.py:3036} INFO - Sync 1 DAGs
[2025-08-29T02:50:39.564+0000] {logging_mixin.py:188} INFO - [2025-08-29T02:50:39.563+0000] {dag.py:3823} INFO - Setting next_dagrun for entrenamiento_modelo_iris to None, run_after=None
[2025-08-29T02:50:39.593+0000] {processor.py:183} INFO - Processing /opt/airflow/dags/ml_training_dag.py took 1.965 seconds
[2025-08-29T02:51:09.952+0000] {processor.py:161} INFO - Started process (PID=332) to work on /opt/airflow/dags/ml_training_dag.py
[2025-08-29T02:51:09.953+0000] {processor.py:830} INFO - Processing file /opt/airflow/dags/ml_training_dag.py for tasks to queue
[2025-08-29T02:51:09.954+0000] {logging_mixin.py:188} INFO - [2025-08-29T02:51:09.954+0000] {dagbag.py:538} INFO - Filling up the DagBag from /opt/airflow/dags/ml_training_dag.py
[2025-08-29T02:51:11.632+0000] {processor.py:840} INFO - DAG(s) 'entrenamiento_modelo_iris' retrieved from /opt/airflow/dags/ml_training_dag.py
[2025-08-29T02:51:11.664+0000] {logging_mixin.py:188} INFO - [2025-08-29T02:51:11.663+0000] {dag.py:3036} INFO - Sync 1 DAGs
[2025-08-29T02:51:11.679+0000] {logging_mixin.py:188} INFO - [2025-08-29T02:51:11.679+0000] {dag.py:3823} INFO - Setting next_dagrun for entrenamiento_modelo_iris to None, run_after=None
[2025-08-29T02:51:11.709+0000] {processor.py:183} INFO - Processing /opt/airflow/dags/ml_training_dag.py took 1.762 seconds
[2025-08-29T02:51:42.508+0000] {processor.py:161} INFO - Started process (PID=382) to work on /opt/airflow/dags/ml_training_dag.py
[2025-08-29T02:51:42.510+0000] {processor.py:830} INFO - Processing file /opt/airflow/dags/ml_training_dag.py for tasks to queue
[2025-08-29T02:51:42.512+0000] {logging_mixin.py:188} INFO - [2025-08-29T02:51:42.511+0000] {dagbag.py:538} INFO - Filling up the DagBag from /opt/airflow/dags/ml_training_dag.py
[2025-08-29T02:51:44.790+0000] {processor.py:840} INFO - DAG(s) 'entrenamiento_modelo_iris' retrieved from /opt/airflow/dags/ml_training_dag.py
[2025-08-29T02:51:44.819+0000] {logging_mixin.py:188} INFO - [2025-08-29T02:51:44.819+0000] {dag.py:3036} INFO - Sync 1 DAGs
[2025-08-29T02:51:44.833+0000] {logging_mixin.py:188} INFO - [2025-08-29T02:51:44.833+0000] {dag.py:3823} INFO - Setting next_dagrun for entrenamiento_modelo_iris to None, run_after=None
[2025-08-29T02:51:44.864+0000] {processor.py:183} INFO - Processing /opt/airflow/dags/ml_training_dag.py took 2.362 seconds
[2025-08-29T02:52:15.005+0000] {processor.py:161} INFO - Started process (PID=414) to work on /opt/airflow/dags/ml_training_dag.py
[2025-08-29T02:52:15.007+0000] {processor.py:830} INFO - Processing file /opt/airflow/dags/ml_training_dag.py for tasks to queue
[2025-08-29T02:52:15.009+0000] {logging_mixin.py:188} INFO - [2025-08-29T02:52:15.008+0000] {dagbag.py:538} INFO - Filling up the DagBag from /opt/airflow/dags/ml_training_dag.py
[2025-08-29T02:52:18.268+0000] {processor.py:840} INFO - DAG(s) 'entrenamiento_modelo_iris' retrieved from /opt/airflow/dags/ml_training_dag.py
[2025-08-29T02:52:18.322+0000] {logging_mixin.py:188} INFO - [2025-08-29T02:52:18.321+0000] {dag.py:3036} INFO - Sync 1 DAGs
[2025-08-29T02:52:18.348+0000] {logging_mixin.py:188} INFO - [2025-08-29T02:52:18.348+0000] {dag.py:3823} INFO - Setting next_dagrun for entrenamiento_modelo_iris to None, run_after=None
[2025-08-29T02:52:18.395+0000] {processor.py:183} INFO - Processing /opt/airflow/dags/ml_training_dag.py took 3.396 seconds
[2025-08-29T02:52:48.664+0000] {processor.py:161} INFO - Started process (PID=462) to work on /opt/airflow/dags/ml_training_dag.py
[2025-08-29T02:52:48.666+0000] {processor.py:830} INFO - Processing file /opt/airflow/dags/ml_training_dag.py for tasks to queue
[2025-08-29T02:52:48.668+0000] {logging_mixin.py:188} INFO - [2025-08-29T02:52:48.667+0000] {dagbag.py:538} INFO - Filling up the DagBag from /opt/airflow/dags/ml_training_dag.py
[2025-08-29T02:52:51.283+0000] {processor.py:840} INFO - DAG(s) 'entrenamiento_modelo_iris' retrieved from /opt/airflow/dags/ml_training_dag.py
[2025-08-29T02:52:51.318+0000] {logging_mixin.py:188} INFO - [2025-08-29T02:52:51.317+0000] {dag.py:3036} INFO - Sync 1 DAGs
[2025-08-29T02:52:51.332+0000] {logging_mixin.py:188} INFO - [2025-08-29T02:52:51.331+0000] {dag.py:3823} INFO - Setting next_dagrun for entrenamiento_modelo_iris to None, run_after=None
[2025-08-29T02:52:51.359+0000] {processor.py:183} INFO - Processing /opt/airflow/dags/ml_training_dag.py took 2.700 seconds
[2025-08-29T02:53:21.966+0000] {processor.py:161} INFO - Started process (PID=501) to work on /opt/airflow/dags/ml_training_dag.py
[2025-08-29T02:53:21.968+0000] {processor.py:830} INFO - Processing file /opt/airflow/dags/ml_training_dag.py for tasks to queue
[2025-08-29T02:53:21.969+0000] {logging_mixin.py:188} INFO - [2025-08-29T02:53:21.969+0000] {dagbag.py:538} INFO - Filling up the DagBag from /opt/airflow/dags/ml_training_dag.py
[2025-08-29T02:53:23.488+0000] {processor.py:840} INFO - DAG(s) 'entrenamiento_modelo_iris' retrieved from /opt/airflow/dags/ml_training_dag.py
[2025-08-29T02:53:23.520+0000] {logging_mixin.py:188} INFO - [2025-08-29T02:53:23.519+0000] {dag.py:3036} INFO - Sync 1 DAGs
[2025-08-29T02:53:23.535+0000] {logging_mixin.py:188} INFO - [2025-08-29T02:53:23.535+0000] {dag.py:3823} INFO - Setting next_dagrun for entrenamiento_modelo_iris to None, run_after=None
[2025-08-29T02:53:23.569+0000] {processor.py:183} INFO - Processing /opt/airflow/dags/ml_training_dag.py took 1.606 seconds
[2025-08-29T02:53:54.279+0000] {processor.py:161} INFO - Started process (PID=540) to work on /opt/airflow/dags/ml_training_dag.py
[2025-08-29T02:53:54.280+0000] {processor.py:830} INFO - Processing file /opt/airflow/dags/ml_training_dag.py for tasks to queue
[2025-08-29T02:53:54.282+0000] {logging_mixin.py:188} INFO - [2025-08-29T02:53:54.281+0000] {dagbag.py:538} INFO - Filling up the DagBag from /opt/airflow/dags/ml_training_dag.py
[2025-08-29T02:53:55.747+0000] {processor.py:840} INFO - DAG(s) 'entrenamiento_modelo_iris' retrieved from /opt/airflow/dags/ml_training_dag.py
[2025-08-29T02:53:55.777+0000] {logging_mixin.py:188} INFO - [2025-08-29T02:53:55.776+0000] {dag.py:3036} INFO - Sync 1 DAGs
[2025-08-29T02:53:55.791+0000] {logging_mixin.py:188} INFO - [2025-08-29T02:53:55.791+0000] {dag.py:3823} INFO - Setting next_dagrun for entrenamiento_modelo_iris to None, run_after=None
[2025-08-29T02:53:55.822+0000] {processor.py:183} INFO - Processing /opt/airflow/dags/ml_training_dag.py took 1.547 seconds
[2025-08-29T02:54:26.689+0000] {processor.py:161} INFO - Started process (PID=579) to work on /opt/airflow/dags/ml_training_dag.py
[2025-08-29T02:54:26.692+0000] {processor.py:830} INFO - Processing file /opt/airflow/dags/ml_training_dag.py for tasks to queue
[2025-08-29T02:54:26.694+0000] {logging_mixin.py:188} INFO - [2025-08-29T02:54:26.693+0000] {dagbag.py:538} INFO - Filling up the DagBag from /opt/airflow/dags/ml_training_dag.py
[2025-08-29T02:54:28.457+0000] {processor.py:840} INFO - DAG(s) 'entrenamiento_modelo_iris' retrieved from /opt/airflow/dags/ml_training_dag.py
[2025-08-29T02:54:28.502+0000] {logging_mixin.py:188} INFO - [2025-08-29T02:54:28.501+0000] {dag.py:3036} INFO - Sync 1 DAGs
[2025-08-29T02:54:28.520+0000] {logging_mixin.py:188} INFO - [2025-08-29T02:54:28.520+0000] {dag.py:3823} INFO - Setting next_dagrun for entrenamiento_modelo_iris to None, run_after=None
[2025-08-29T02:54:28.555+0000] {processor.py:183} INFO - Processing /opt/airflow/dags/ml_training_dag.py took 1.870 seconds
[2025-08-29T02:54:58.921+0000] {processor.py:161} INFO - Started process (PID=618) to work on /opt/airflow/dags/ml_training_dag.py
[2025-08-29T02:54:58.923+0000] {processor.py:830} INFO - Processing file /opt/airflow/dags/ml_training_dag.py for tasks to queue
[2025-08-29T02:54:58.924+0000] {logging_mixin.py:188} INFO - [2025-08-29T02:54:58.924+0000] {dagbag.py:538} INFO - Filling up the DagBag from /opt/airflow/dags/ml_training_dag.py
[2025-08-29T02:55:00.465+0000] {processor.py:840} INFO - DAG(s) 'entrenamiento_modelo_iris' retrieved from /opt/airflow/dags/ml_training_dag.py
[2025-08-29T02:55:00.495+0000] {logging_mixin.py:188} INFO - [2025-08-29T02:55:00.495+0000] {dag.py:3036} INFO - Sync 1 DAGs
[2025-08-29T02:55:00.509+0000] {logging_mixin.py:188} INFO - [2025-08-29T02:55:00.509+0000] {dag.py:3823} INFO - Setting next_dagrun for entrenamiento_modelo_iris to None, run_after=None
[2025-08-29T02:55:00.537+0000] {processor.py:183} INFO - Processing /opt/airflow/dags/ml_training_dag.py took 1.620 seconds
[2025-08-29T02:55:31.333+0000] {processor.py:161} INFO - Started process (PID=668) to work on /opt/airflow/dags/ml_training_dag.py
[2025-08-29T02:55:31.335+0000] {processor.py:830} INFO - Processing file /opt/airflow/dags/ml_training_dag.py for tasks to queue
[2025-08-29T02:55:31.336+0000] {logging_mixin.py:188} INFO - [2025-08-29T02:55:31.336+0000] {dagbag.py:538} INFO - Filling up the DagBag from /opt/airflow/dags/ml_training_dag.py
[2025-08-29T02:55:32.823+0000] {processor.py:840} INFO - DAG(s) 'entrenamiento_modelo_iris' retrieved from /opt/airflow/dags/ml_training_dag.py
[2025-08-29T02:55:32.855+0000] {logging_mixin.py:188} INFO - [2025-08-29T02:55:32.854+0000] {dag.py:3036} INFO - Sync 1 DAGs
[2025-08-29T02:55:32.868+0000] {logging_mixin.py:188} INFO - [2025-08-29T02:55:32.868+0000] {dag.py:3823} INFO - Setting next_dagrun for entrenamiento_modelo_iris to None, run_after=None
[2025-08-29T02:55:32.897+0000] {processor.py:183} INFO - Processing /opt/airflow/dags/ml_training_dag.py took 1.568 seconds
[2025-08-29T02:56:03.177+0000] {processor.py:161} INFO - Started process (PID=707) to work on /opt/airflow/dags/ml_training_dag.py
[2025-08-29T02:56:03.179+0000] {processor.py:830} INFO - Processing file /opt/airflow/dags/ml_training_dag.py for tasks to queue
[2025-08-29T02:56:03.181+0000] {logging_mixin.py:188} INFO - [2025-08-29T02:56:03.180+0000] {dagbag.py:538} INFO - Filling up the DagBag from /opt/airflow/dags/ml_training_dag.py
[2025-08-29T02:56:05.180+0000] {processor.py:840} INFO - DAG(s) 'entrenamiento_modelo_iris' retrieved from /opt/airflow/dags/ml_training_dag.py
[2025-08-29T02:56:05.217+0000] {logging_mixin.py:188} INFO - [2025-08-29T02:56:05.217+0000] {dag.py:3036} INFO - Sync 1 DAGs
[2025-08-29T02:56:05.233+0000] {logging_mixin.py:188} INFO - [2025-08-29T02:56:05.233+0000] {dag.py:3823} INFO - Setting next_dagrun for entrenamiento_modelo_iris to None, run_after=None
[2025-08-29T02:56:05.261+0000] {processor.py:183} INFO - Processing /opt/airflow/dags/ml_training_dag.py took 2.090 seconds
[2025-08-29T02:56:36.214+0000] {processor.py:161} INFO - Started process (PID=746) to work on /opt/airflow/dags/ml_training_dag.py
[2025-08-29T02:56:36.216+0000] {processor.py:830} INFO - Processing file /opt/airflow/dags/ml_training_dag.py for tasks to queue
[2025-08-29T02:56:36.218+0000] {logging_mixin.py:188} INFO - [2025-08-29T02:56:36.217+0000] {dagbag.py:538} INFO - Filling up the DagBag from /opt/airflow/dags/ml_training_dag.py
[2025-08-29T02:56:38.337+0000] {processor.py:840} INFO - DAG(s) 'entrenamiento_modelo_iris' retrieved from /opt/airflow/dags/ml_training_dag.py
[2025-08-29T02:56:38.369+0000] {logging_mixin.py:188} INFO - [2025-08-29T02:56:38.368+0000] {dag.py:3036} INFO - Sync 1 DAGs
[2025-08-29T02:56:38.383+0000] {logging_mixin.py:188} INFO - [2025-08-29T02:56:38.383+0000] {dag.py:3823} INFO - Setting next_dagrun for entrenamiento_modelo_iris to None, run_after=None
[2025-08-29T02:56:38.413+0000] {processor.py:183} INFO - Processing /opt/airflow/dags/ml_training_dag.py took 2.204 seconds
[2025-08-29T02:57:09.153+0000] {processor.py:161} INFO - Started process (PID=785) to work on /opt/airflow/dags/ml_training_dag.py
[2025-08-29T02:57:09.155+0000] {processor.py:830} INFO - Processing file /opt/airflow/dags/ml_training_dag.py for tasks to queue
[2025-08-29T02:57:09.156+0000] {logging_mixin.py:188} INFO - [2025-08-29T02:57:09.156+0000] {dagbag.py:538} INFO - Filling up the DagBag from /opt/airflow/dags/ml_training_dag.py
[2025-08-29T02:57:10.883+0000] {processor.py:840} INFO - DAG(s) 'entrenamiento_modelo_iris' retrieved from /opt/airflow/dags/ml_training_dag.py
[2025-08-29T02:57:10.913+0000] {logging_mixin.py:188} INFO - [2025-08-29T02:57:10.912+0000] {dag.py:3036} INFO - Sync 1 DAGs
[2025-08-29T02:57:10.926+0000] {logging_mixin.py:188} INFO - [2025-08-29T02:57:10.926+0000] {dag.py:3823} INFO - Setting next_dagrun for entrenamiento_modelo_iris to None, run_after=None
[2025-08-29T02:57:10.956+0000] {processor.py:183} INFO - Processing /opt/airflow/dags/ml_training_dag.py took 1.809 seconds
[2025-08-29T02:57:41.330+0000] {processor.py:161} INFO - Started process (PID=824) to work on /opt/airflow/dags/ml_training_dag.py
[2025-08-29T02:57:41.331+0000] {processor.py:830} INFO - Processing file /opt/airflow/dags/ml_training_dag.py for tasks to queue
[2025-08-29T02:57:41.333+0000] {logging_mixin.py:188} INFO - [2025-08-29T02:57:41.332+0000] {dagbag.py:538} INFO - Filling up the DagBag from /opt/airflow/dags/ml_training_dag.py
[2025-08-29T02:57:42.726+0000] {processor.py:840} INFO - DAG(s) 'entrenamiento_modelo_iris' retrieved from /opt/airflow/dags/ml_training_dag.py
[2025-08-29T02:57:42.755+0000] {logging_mixin.py:188} INFO - [2025-08-29T02:57:42.754+0000] {dag.py:3036} INFO - Sync 1 DAGs
[2025-08-29T02:57:42.768+0000] {logging_mixin.py:188} INFO - [2025-08-29T02:57:42.768+0000] {dag.py:3823} INFO - Setting next_dagrun for entrenamiento_modelo_iris to None, run_after=None
[2025-08-29T02:57:42.799+0000] {processor.py:183} INFO - Processing /opt/airflow/dags/ml_training_dag.py took 1.472 seconds
[2025-08-29T02:58:13.677+0000] {processor.py:161} INFO - Started process (PID=863) to work on /opt/airflow/dags/ml_training_dag.py
[2025-08-29T02:58:13.678+0000] {processor.py:830} INFO - Processing file /opt/airflow/dags/ml_training_dag.py for tasks to queue
[2025-08-29T02:58:13.679+0000] {logging_mixin.py:188} INFO - [2025-08-29T02:58:13.679+0000] {dagbag.py:538} INFO - Filling up the DagBag from /opt/airflow/dags/ml_training_dag.py
[2025-08-29T02:58:15.109+0000] {processor.py:840} INFO - DAG(s) 'entrenamiento_modelo_iris' retrieved from /opt/airflow/dags/ml_training_dag.py
[2025-08-29T02:58:15.139+0000] {logging_mixin.py:188} INFO - [2025-08-29T02:58:15.139+0000] {dag.py:3036} INFO - Sync 1 DAGs
[2025-08-29T02:58:15.153+0000] {logging_mixin.py:188} INFO - [2025-08-29T02:58:15.153+0000] {dag.py:3823} INFO - Setting next_dagrun for entrenamiento_modelo_iris to None, run_after=None
[2025-08-29T02:58:15.184+0000] {processor.py:183} INFO - Processing /opt/airflow/dags/ml_training_dag.py took 1.511 seconds
[2025-08-29T02:58:46.139+0000] {processor.py:161} INFO - Started process (PID=902) to work on /opt/airflow/dags/ml_training_dag.py
[2025-08-29T02:58:46.140+0000] {processor.py:830} INFO - Processing file /opt/airflow/dags/ml_training_dag.py for tasks to queue
[2025-08-29T02:58:46.141+0000] {logging_mixin.py:188} INFO - [2025-08-29T02:58:46.141+0000] {dagbag.py:538} INFO - Filling up the DagBag from /opt/airflow/dags/ml_training_dag.py
[2025-08-29T02:58:47.735+0000] {processor.py:840} INFO - DAG(s) 'entrenamiento_modelo_iris' retrieved from /opt/airflow/dags/ml_training_dag.py
[2025-08-29T02:58:47.766+0000] {logging_mixin.py:188} INFO - [2025-08-29T02:58:47.765+0000] {dag.py:3036} INFO - Sync 1 DAGs
[2025-08-29T02:58:47.780+0000] {logging_mixin.py:188} INFO - [2025-08-29T02:58:47.780+0000] {dag.py:3823} INFO - Setting next_dagrun for entrenamiento_modelo_iris to None, run_after=None
[2025-08-29T02:58:47.807+0000] {processor.py:183} INFO - Processing /opt/airflow/dags/ml_training_dag.py took 1.671 seconds
[2025-08-29T02:59:18.452+0000] {processor.py:161} INFO - Started process (PID=941) to work on /opt/airflow/dags/ml_training_dag.py
[2025-08-29T02:59:18.453+0000] {processor.py:830} INFO - Processing file /opt/airflow/dags/ml_training_dag.py for tasks to queue
[2025-08-29T02:59:18.454+0000] {logging_mixin.py:188} INFO - [2025-08-29T02:59:18.454+0000] {dagbag.py:538} INFO - Filling up the DagBag from /opt/airflow/dags/ml_training_dag.py
[2025-08-29T02:59:20.026+0000] {processor.py:840} INFO - DAG(s) 'entrenamiento_modelo_iris' retrieved from /opt/airflow/dags/ml_training_dag.py
[2025-08-29T02:59:20.061+0000] {logging_mixin.py:188} INFO - [2025-08-29T02:59:20.061+0000] {dag.py:3036} INFO - Sync 1 DAGs
[2025-08-29T02:59:20.077+0000] {logging_mixin.py:188} INFO - [2025-08-29T02:59:20.077+0000] {dag.py:3823} INFO - Setting next_dagrun for entrenamiento_modelo_iris to None, run_after=None
[2025-08-29T02:59:20.107+0000] {processor.py:183} INFO - Processing /opt/airflow/dags/ml_training_dag.py took 1.658 seconds
[2025-08-29T02:59:50.568+0000] {processor.py:161} INFO - Started process (PID=980) to work on /opt/airflow/dags/ml_training_dag.py
[2025-08-29T02:59:50.570+0000] {processor.py:830} INFO - Processing file /opt/airflow/dags/ml_training_dag.py for tasks to queue
[2025-08-29T02:59:50.571+0000] {logging_mixin.py:188} INFO - [2025-08-29T02:59:50.571+0000] {dagbag.py:538} INFO - Filling up the DagBag from /opt/airflow/dags/ml_training_dag.py
[2025-08-29T02:59:52.249+0000] {processor.py:840} INFO - DAG(s) 'entrenamiento_modelo_iris' retrieved from /opt/airflow/dags/ml_training_dag.py
[2025-08-29T02:59:52.283+0000] {logging_mixin.py:188} INFO - [2025-08-29T02:59:52.282+0000] {dag.py:3036} INFO - Sync 1 DAGs
[2025-08-29T02:59:52.299+0000] {logging_mixin.py:188} INFO - [2025-08-29T02:59:52.299+0000] {dag.py:3823} INFO - Setting next_dagrun for entrenamiento_modelo_iris to None, run_after=None
[2025-08-29T02:59:52.329+0000] {processor.py:183} INFO - Processing /opt/airflow/dags/ml_training_dag.py took 1.765 seconds
[2025-08-29T03:00:22.949+0000] {processor.py:161} INFO - Started process (PID=1030) to work on /opt/airflow/dags/ml_training_dag.py
[2025-08-29T03:00:22.950+0000] {processor.py:830} INFO - Processing file /opt/airflow/dags/ml_training_dag.py for tasks to queue
[2025-08-29T03:00:22.952+0000] {logging_mixin.py:188} INFO - [2025-08-29T03:00:22.951+0000] {dagbag.py:538} INFO - Filling up the DagBag from /opt/airflow/dags/ml_training_dag.py
[2025-08-29T03:00:24.478+0000] {processor.py:840} INFO - DAG(s) 'entrenamiento_modelo_iris' retrieved from /opt/airflow/dags/ml_training_dag.py
[2025-08-29T03:00:24.507+0000] {logging_mixin.py:188} INFO - [2025-08-29T03:00:24.506+0000] {dag.py:3036} INFO - Sync 1 DAGs
[2025-08-29T03:00:24.520+0000] {logging_mixin.py:188} INFO - [2025-08-29T03:00:24.519+0000] {dag.py:3823} INFO - Setting next_dagrun for entrenamiento_modelo_iris to None, run_after=None
[2025-08-29T03:00:24.556+0000] {processor.py:183} INFO - Processing /opt/airflow/dags/ml_training_dag.py took 1.610 seconds
[2025-08-29T03:00:55.530+0000] {processor.py:161} INFO - Started process (PID=1069) to work on /opt/airflow/dags/ml_training_dag.py
[2025-08-29T03:00:55.531+0000] {processor.py:830} INFO - Processing file /opt/airflow/dags/ml_training_dag.py for tasks to queue
[2025-08-29T03:00:55.533+0000] {logging_mixin.py:188} INFO - [2025-08-29T03:00:55.532+0000] {dagbag.py:538} INFO - Filling up the DagBag from /opt/airflow/dags/ml_training_dag.py
[2025-08-29T03:00:57.020+0000] {processor.py:840} INFO - DAG(s) 'entrenamiento_modelo_iris' retrieved from /opt/airflow/dags/ml_training_dag.py
[2025-08-29T03:00:57.046+0000] {logging_mixin.py:188} INFO - [2025-08-29T03:00:57.046+0000] {dag.py:3036} INFO - Sync 1 DAGs
[2025-08-29T03:00:57.058+0000] {logging_mixin.py:188} INFO - [2025-08-29T03:00:57.058+0000] {dag.py:3823} INFO - Setting next_dagrun for entrenamiento_modelo_iris to None, run_after=None
[2025-08-29T03:00:57.088+0000] {processor.py:183} INFO - Processing /opt/airflow/dags/ml_training_dag.py took 1.561 seconds
[2025-08-29T03:01:27.906+0000] {processor.py:161} INFO - Started process (PID=1108) to work on /opt/airflow/dags/ml_training_dag.py
[2025-08-29T03:01:27.907+0000] {processor.py:830} INFO - Processing file /opt/airflow/dags/ml_training_dag.py for tasks to queue
[2025-08-29T03:01:27.909+0000] {logging_mixin.py:188} INFO - [2025-08-29T03:01:27.909+0000] {dagbag.py:538} INFO - Filling up the DagBag from /opt/airflow/dags/ml_training_dag.py
[2025-08-29T03:01:29.481+0000] {processor.py:840} INFO - DAG(s) 'entrenamiento_modelo_iris' retrieved from /opt/airflow/dags/ml_training_dag.py
[2025-08-29T03:01:29.513+0000] {logging_mixin.py:188} INFO - [2025-08-29T03:01:29.512+0000] {dag.py:3036} INFO - Sync 1 DAGs
[2025-08-29T03:01:29.527+0000] {logging_mixin.py:188} INFO - [2025-08-29T03:01:29.527+0000] {dag.py:3823} INFO - Setting next_dagrun for entrenamiento_modelo_iris to None, run_after=None
[2025-08-29T03:01:29.556+0000] {processor.py:183} INFO - Processing /opt/airflow/dags/ml_training_dag.py took 1.653 seconds
[2025-08-29T03:02:00.430+0000] {processor.py:161} INFO - Started process (PID=1147) to work on /opt/airflow/dags/ml_training_dag.py
[2025-08-29T03:02:00.431+0000] {processor.py:830} INFO - Processing file /opt/airflow/dags/ml_training_dag.py for tasks to queue
[2025-08-29T03:02:00.433+0000] {logging_mixin.py:188} INFO - [2025-08-29T03:02:00.432+0000] {dagbag.py:538} INFO - Filling up the DagBag from /opt/airflow/dags/ml_training_dag.py
[2025-08-29T03:02:01.950+0000] {processor.py:840} INFO - DAG(s) 'entrenamiento_modelo_iris' retrieved from /opt/airflow/dags/ml_training_dag.py
[2025-08-29T03:02:01.984+0000] {logging_mixin.py:188} INFO - [2025-08-29T03:02:01.984+0000] {dag.py:3036} INFO - Sync 1 DAGs
[2025-08-29T03:02:02.003+0000] {logging_mixin.py:188} INFO - [2025-08-29T03:02:02.002+0000] {dag.py:3823} INFO - Setting next_dagrun for entrenamiento_modelo_iris to None, run_after=None
[2025-08-29T03:02:02.062+0000] {processor.py:183} INFO - Processing /opt/airflow/dags/ml_training_dag.py took 1.635 seconds
[2025-08-29T03:02:32.751+0000] {processor.py:161} INFO - Started process (PID=1186) to work on /opt/airflow/dags/ml_training_dag.py
[2025-08-29T03:02:32.753+0000] {processor.py:830} INFO - Processing file /opt/airflow/dags/ml_training_dag.py for tasks to queue
[2025-08-29T03:02:32.754+0000] {logging_mixin.py:188} INFO - [2025-08-29T03:02:32.754+0000] {dagbag.py:538} INFO - Filling up the DagBag from /opt/airflow/dags/ml_training_dag.py
[2025-08-29T03:02:34.227+0000] {processor.py:840} INFO - DAG(s) 'entrenamiento_modelo_iris' retrieved from /opt/airflow/dags/ml_training_dag.py
[2025-08-29T03:02:34.257+0000] {logging_mixin.py:188} INFO - [2025-08-29T03:02:34.256+0000] {dag.py:3036} INFO - Sync 1 DAGs
[2025-08-29T03:02:34.270+0000] {logging_mixin.py:188} INFO - [2025-08-29T03:02:34.269+0000] {dag.py:3823} INFO - Setting next_dagrun for entrenamiento_modelo_iris to None, run_after=None
[2025-08-29T03:02:34.313+0000] {processor.py:183} INFO - Processing /opt/airflow/dags/ml_training_dag.py took 1.564 seconds
[2025-08-29T03:03:05.101+0000] {processor.py:161} INFO - Started process (PID=1225) to work on /opt/airflow/dags/ml_training_dag.py
[2025-08-29T03:03:05.102+0000] {processor.py:830} INFO - Processing file /opt/airflow/dags/ml_training_dag.py for tasks to queue
[2025-08-29T03:03:05.103+0000] {logging_mixin.py:188} INFO - [2025-08-29T03:03:05.103+0000] {dagbag.py:538} INFO - Filling up the DagBag from /opt/airflow/dags/ml_training_dag.py
[2025-08-29T03:03:06.548+0000] {processor.py:840} INFO - DAG(s) 'entrenamiento_modelo_iris' retrieved from /opt/airflow/dags/ml_training_dag.py
[2025-08-29T03:03:06.579+0000] {logging_mixin.py:188} INFO - [2025-08-29T03:03:06.578+0000] {dag.py:3036} INFO - Sync 1 DAGs
[2025-08-29T03:03:06.593+0000] {logging_mixin.py:188} INFO - [2025-08-29T03:03:06.593+0000] {dag.py:3823} INFO - Setting next_dagrun for entrenamiento_modelo_iris to None, run_after=None
[2025-08-29T03:03:06.628+0000] {processor.py:183} INFO - Processing /opt/airflow/dags/ml_training_dag.py took 1.531 seconds
[2025-08-29T03:03:37.435+0000] {processor.py:161} INFO - Started process (PID=1264) to work on /opt/airflow/dags/ml_training_dag.py
[2025-08-29T03:03:37.436+0000] {processor.py:830} INFO - Processing file /opt/airflow/dags/ml_training_dag.py for tasks to queue
[2025-08-29T03:03:37.438+0000] {logging_mixin.py:188} INFO - [2025-08-29T03:03:37.437+0000] {dagbag.py:538} INFO - Filling up the DagBag from /opt/airflow/dags/ml_training_dag.py
[2025-08-29T03:03:38.948+0000] {processor.py:840} INFO - DAG(s) 'entrenamiento_modelo_iris' retrieved from /opt/airflow/dags/ml_training_dag.py
[2025-08-29T03:03:38.979+0000] {logging_mixin.py:188} INFO - [2025-08-29T03:03:38.978+0000] {dag.py:3036} INFO - Sync 1 DAGs
[2025-08-29T03:03:38.992+0000] {logging_mixin.py:188} INFO - [2025-08-29T03:03:38.992+0000] {dag.py:3823} INFO - Setting next_dagrun for entrenamiento_modelo_iris to None, run_after=None
[2025-08-29T03:03:39.073+0000] {processor.py:183} INFO - Processing /opt/airflow/dags/ml_training_dag.py took 1.645 seconds
[2025-08-29T03:04:09.904+0000] {processor.py:161} INFO - Started process (PID=1303) to work on /opt/airflow/dags/ml_training_dag.py
[2025-08-29T03:04:09.905+0000] {processor.py:830} INFO - Processing file /opt/airflow/dags/ml_training_dag.py for tasks to queue
[2025-08-29T03:04:09.906+0000] {logging_mixin.py:188} INFO - [2025-08-29T03:04:09.906+0000] {dagbag.py:538} INFO - Filling up the DagBag from /opt/airflow/dags/ml_training_dag.py
[2025-08-29T03:04:11.358+0000] {processor.py:840} INFO - DAG(s) 'entrenamiento_modelo_iris' retrieved from /opt/airflow/dags/ml_training_dag.py
[2025-08-29T03:04:11.388+0000] {logging_mixin.py:188} INFO - [2025-08-29T03:04:11.388+0000] {dag.py:3036} INFO - Sync 1 DAGs
[2025-08-29T03:04:11.400+0000] {logging_mixin.py:188} INFO - [2025-08-29T03:04:11.400+0000] {dag.py:3823} INFO - Setting next_dagrun for entrenamiento_modelo_iris to None, run_after=None
[2025-08-29T03:04:11.456+0000] {processor.py:183} INFO - Processing /opt/airflow/dags/ml_training_dag.py took 1.555 seconds
[2025-08-29T03:04:42.305+0000] {processor.py:161} INFO - Started process (PID=1342) to work on /opt/airflow/dags/ml_training_dag.py
[2025-08-29T03:04:42.306+0000] {processor.py:830} INFO - Processing file /opt/airflow/dags/ml_training_dag.py for tasks to queue
[2025-08-29T03:04:42.308+0000] {logging_mixin.py:188} INFO - [2025-08-29T03:04:42.307+0000] {dagbag.py:538} INFO - Filling up the DagBag from /opt/airflow/dags/ml_training_dag.py
[2025-08-29T03:04:43.887+0000] {processor.py:840} INFO - DAG(s) 'entrenamiento_modelo_iris' retrieved from /opt/airflow/dags/ml_training_dag.py
[2025-08-29T03:04:43.915+0000] {logging_mixin.py:188} INFO - [2025-08-29T03:04:43.914+0000] {dag.py:3036} INFO - Sync 1 DAGs
[2025-08-29T03:04:43.929+0000] {logging_mixin.py:188} INFO - [2025-08-29T03:04:43.928+0000] {dag.py:3823} INFO - Setting next_dagrun for entrenamiento_modelo_iris to None, run_after=None
[2025-08-29T03:04:43.953+0000] {processor.py:183} INFO - Processing /opt/airflow/dags/ml_training_dag.py took 1.651 seconds
[2025-08-29T03:05:14.331+0000] {processor.py:161} INFO - Started process (PID=1392) to work on /opt/airflow/dags/ml_training_dag.py
[2025-08-29T03:05:14.332+0000] {processor.py:830} INFO - Processing file /opt/airflow/dags/ml_training_dag.py for tasks to queue
[2025-08-29T03:05:14.333+0000] {logging_mixin.py:188} INFO - [2025-08-29T03:05:14.333+0000] {dagbag.py:538} INFO - Filling up the DagBag from /opt/airflow/dags/ml_training_dag.py
[2025-08-29T03:05:15.875+0000] {processor.py:840} INFO - DAG(s) 'entrenamiento_modelo_iris' retrieved from /opt/airflow/dags/ml_training_dag.py
[2025-08-29T03:05:15.908+0000] {logging_mixin.py:188} INFO - [2025-08-29T03:05:15.907+0000] {dag.py:3036} INFO - Sync 1 DAGs
[2025-08-29T03:05:15.921+0000] {logging_mixin.py:188} INFO - [2025-08-29T03:05:15.921+0000] {dag.py:3823} INFO - Setting next_dagrun for entrenamiento_modelo_iris to None, run_after=None
[2025-08-29T03:05:15.949+0000] {processor.py:183} INFO - Processing /opt/airflow/dags/ml_training_dag.py took 1.622 seconds
[2025-08-29T03:05:46.953+0000] {processor.py:161} INFO - Started process (PID=1431) to work on /opt/airflow/dags/ml_training_dag.py
[2025-08-29T03:05:46.954+0000] {processor.py:830} INFO - Processing file /opt/airflow/dags/ml_training_dag.py for tasks to queue
[2025-08-29T03:05:46.955+0000] {logging_mixin.py:188} INFO - [2025-08-29T03:05:46.955+0000] {dagbag.py:538} INFO - Filling up the DagBag from /opt/airflow/dags/ml_training_dag.py
[2025-08-29T03:05:48.810+0000] {processor.py:840} INFO - DAG(s) 'entrenamiento_modelo_iris' retrieved from /opt/airflow/dags/ml_training_dag.py
[2025-08-29T03:05:48.842+0000] {logging_mixin.py:188} INFO - [2025-08-29T03:05:48.841+0000] {dag.py:3036} INFO - Sync 1 DAGs
[2025-08-29T03:05:48.857+0000] {logging_mixin.py:188} INFO - [2025-08-29T03:05:48.856+0000] {dag.py:3823} INFO - Setting next_dagrun for entrenamiento_modelo_iris to None, run_after=None
[2025-08-29T03:05:48.885+0000] {processor.py:183} INFO - Processing /opt/airflow/dags/ml_training_dag.py took 1.935 seconds
[2025-08-29T03:06:19.615+0000] {processor.py:161} INFO - Started process (PID=1470) to work on /opt/airflow/dags/ml_training_dag.py
[2025-08-29T03:06:19.616+0000] {processor.py:830} INFO - Processing file /opt/airflow/dags/ml_training_dag.py for tasks to queue
[2025-08-29T03:06:19.618+0000] {logging_mixin.py:188} INFO - [2025-08-29T03:06:19.617+0000] {dagbag.py:538} INFO - Filling up the DagBag from /opt/airflow/dags/ml_training_dag.py
[2025-08-29T03:06:21.415+0000] {processor.py:840} INFO - DAG(s) 'entrenamiento_modelo_iris' retrieved from /opt/airflow/dags/ml_training_dag.py
[2025-08-29T03:06:21.454+0000] {logging_mixin.py:188} INFO - [2025-08-29T03:06:21.454+0000] {dag.py:3036} INFO - Sync 1 DAGs
[2025-08-29T03:06:21.476+0000] {logging_mixin.py:188} INFO - [2025-08-29T03:06:21.475+0000] {dag.py:3823} INFO - Setting next_dagrun for entrenamiento_modelo_iris to None, run_after=None
[2025-08-29T03:06:21.512+0000] {processor.py:183} INFO - Processing /opt/airflow/dags/ml_training_dag.py took 1.900 seconds
[2025-08-29T03:06:51.626+0000] {processor.py:161} INFO - Started process (PID=1509) to work on /opt/airflow/dags/ml_training_dag.py
[2025-08-29T03:06:51.628+0000] {processor.py:830} INFO - Processing file /opt/airflow/dags/ml_training_dag.py for tasks to queue
[2025-08-29T03:06:51.630+0000] {logging_mixin.py:188} INFO - [2025-08-29T03:06:51.629+0000] {dagbag.py:538} INFO - Filling up the DagBag from /opt/airflow/dags/ml_training_dag.py
[2025-08-29T03:06:53.628+0000] {processor.py:840} INFO - DAG(s) 'entrenamiento_modelo_iris' retrieved from /opt/airflow/dags/ml_training_dag.py
[2025-08-29T03:06:53.681+0000] {logging_mixin.py:188} INFO - [2025-08-29T03:06:53.680+0000] {dag.py:3036} INFO - Sync 1 DAGs
[2025-08-29T03:06:53.722+0000] {logging_mixin.py:188} INFO - [2025-08-29T03:06:53.721+0000] {dag.py:3823} INFO - Setting next_dagrun for entrenamiento_modelo_iris to None, run_after=None
[2025-08-29T03:06:53.764+0000] {processor.py:183} INFO - Processing /opt/airflow/dags/ml_training_dag.py took 2.142 seconds
[2025-08-29T03:07:24.312+0000] {processor.py:161} INFO - Started process (PID=1548) to work on /opt/airflow/dags/ml_training_dag.py
[2025-08-29T03:07:24.315+0000] {processor.py:830} INFO - Processing file /opt/airflow/dags/ml_training_dag.py for tasks to queue
[2025-08-29T03:07:24.317+0000] {logging_mixin.py:188} INFO - [2025-08-29T03:07:24.316+0000] {dagbag.py:538} INFO - Filling up the DagBag from /opt/airflow/dags/ml_training_dag.py
[2025-08-29T03:07:26.604+0000] {processor.py:840} INFO - DAG(s) 'entrenamiento_modelo_iris' retrieved from /opt/airflow/dags/ml_training_dag.py
[2025-08-29T03:07:26.647+0000] {logging_mixin.py:188} INFO - [2025-08-29T03:07:26.646+0000] {dag.py:3036} INFO - Sync 1 DAGs
[2025-08-29T03:07:26.670+0000] {logging_mixin.py:188} INFO - [2025-08-29T03:07:26.670+0000] {dag.py:3823} INFO - Setting next_dagrun for entrenamiento_modelo_iris to None, run_after=None
[2025-08-29T03:07:26.714+0000] {processor.py:183} INFO - Processing /opt/airflow/dags/ml_training_dag.py took 2.408 seconds
[2025-08-29T03:07:57.374+0000] {processor.py:161} INFO - Started process (PID=1587) to work on /opt/airflow/dags/ml_training_dag.py
[2025-08-29T03:07:57.376+0000] {processor.py:830} INFO - Processing file /opt/airflow/dags/ml_training_dag.py for tasks to queue
[2025-08-29T03:07:57.378+0000] {logging_mixin.py:188} INFO - [2025-08-29T03:07:57.377+0000] {dagbag.py:538} INFO - Filling up the DagBag from /opt/airflow/dags/ml_training_dag.py
[2025-08-29T03:07:59.332+0000] {processor.py:840} INFO - DAG(s) 'entrenamiento_modelo_iris' retrieved from /opt/airflow/dags/ml_training_dag.py
[2025-08-29T03:07:59.370+0000] {logging_mixin.py:188} INFO - [2025-08-29T03:07:59.370+0000] {dag.py:3036} INFO - Sync 1 DAGs
[2025-08-29T03:07:59.390+0000] {logging_mixin.py:188} INFO - [2025-08-29T03:07:59.389+0000] {dag.py:3823} INFO - Setting next_dagrun for entrenamiento_modelo_iris to None, run_after=None
[2025-08-29T03:07:59.421+0000] {processor.py:183} INFO - Processing /opt/airflow/dags/ml_training_dag.py took 2.057 seconds
[2025-08-29T03:08:29.780+0000] {processor.py:161} INFO - Started process (PID=1629) to work on /opt/airflow/dags/ml_training_dag.py
[2025-08-29T03:08:29.782+0000] {processor.py:830} INFO - Processing file /opt/airflow/dags/ml_training_dag.py for tasks to queue
[2025-08-29T03:08:29.784+0000] {logging_mixin.py:188} INFO - [2025-08-29T03:08:29.784+0000] {dagbag.py:538} INFO - Filling up the DagBag from /opt/airflow/dags/ml_training_dag.py
[2025-08-29T03:08:31.658+0000] {processor.py:840} INFO - DAG(s) 'entrenamiento_modelo_iris' retrieved from /opt/airflow/dags/ml_training_dag.py
[2025-08-29T03:08:31.684+0000] {logging_mixin.py:188} INFO - [2025-08-29T03:08:31.683+0000] {dag.py:3036} INFO - Sync 1 DAGs
[2025-08-29T03:08:31.700+0000] {logging_mixin.py:188} INFO - [2025-08-29T03:08:31.699+0000] {dag.py:3823} INFO - Setting next_dagrun for entrenamiento_modelo_iris to None, run_after=None
[2025-08-29T03:08:31.758+0000] {processor.py:183} INFO - Processing /opt/airflow/dags/ml_training_dag.py took 1.984 seconds
[2025-08-29T03:09:02.368+0000] {processor.py:161} INFO - Started process (PID=1676) to work on /opt/airflow/dags/ml_training_dag.py
[2025-08-29T03:09:02.369+0000] {processor.py:830} INFO - Processing file /opt/airflow/dags/ml_training_dag.py for tasks to queue
[2025-08-29T03:09:02.371+0000] {logging_mixin.py:188} INFO - [2025-08-29T03:09:02.370+0000] {dagbag.py:538} INFO - Filling up the DagBag from /opt/airflow/dags/ml_training_dag.py
[2025-08-29T03:09:04.133+0000] {processor.py:840} INFO - DAG(s) 'entrenamiento_modelo_iris' retrieved from /opt/airflow/dags/ml_training_dag.py
[2025-08-29T03:09:04.160+0000] {logging_mixin.py:188} INFO - [2025-08-29T03:09:04.159+0000] {dag.py:3036} INFO - Sync 1 DAGs
[2025-08-29T03:09:04.172+0000] {logging_mixin.py:188} INFO - [2025-08-29T03:09:04.171+0000] {dag.py:3823} INFO - Setting next_dagrun for entrenamiento_modelo_iris to None, run_after=None
[2025-08-29T03:09:04.199+0000] {processor.py:183} INFO - Processing /opt/airflow/dags/ml_training_dag.py took 1.835 seconds
[2025-08-29T03:09:34.618+0000] {processor.py:161} INFO - Started process (PID=1717) to work on /opt/airflow/dags/ml_training_dag.py
[2025-08-29T03:09:34.620+0000] {processor.py:830} INFO - Processing file /opt/airflow/dags/ml_training_dag.py for tasks to queue
[2025-08-29T03:09:34.622+0000] {logging_mixin.py:188} INFO - [2025-08-29T03:09:34.621+0000] {dagbag.py:538} INFO - Filling up the DagBag from /opt/airflow/dags/ml_training_dag.py
[2025-08-29T03:09:36.387+0000] {processor.py:840} INFO - DAG(s) 'entrenamiento_modelo_iris' retrieved from /opt/airflow/dags/ml_training_dag.py
[2025-08-29T03:09:36.412+0000] {logging_mixin.py:188} INFO - [2025-08-29T03:09:36.412+0000] {dag.py:3036} INFO - Sync 1 DAGs
[2025-08-29T03:09:36.425+0000] {logging_mixin.py:188} INFO - [2025-08-29T03:09:36.425+0000] {dag.py:3823} INFO - Setting next_dagrun for entrenamiento_modelo_iris to None, run_after=None
[2025-08-29T03:09:36.452+0000] {processor.py:183} INFO - Processing /opt/airflow/dags/ml_training_dag.py took 1.838 seconds
[2025-08-29T03:10:06.788+0000] {processor.py:161} INFO - Started process (PID=1767) to work on /opt/airflow/dags/ml_training_dag.py
[2025-08-29T03:10:06.789+0000] {processor.py:830} INFO - Processing file /opt/airflow/dags/ml_training_dag.py for tasks to queue
[2025-08-29T03:10:06.790+0000] {logging_mixin.py:188} INFO - [2025-08-29T03:10:06.790+0000] {dagbag.py:538} INFO - Filling up the DagBag from /opt/airflow/dags/ml_training_dag.py
[2025-08-29T03:10:08.485+0000] {processor.py:840} INFO - DAG(s) 'entrenamiento_modelo_iris' retrieved from /opt/airflow/dags/ml_training_dag.py
[2025-08-29T03:10:08.512+0000] {logging_mixin.py:188} INFO - [2025-08-29T03:10:08.512+0000] {dag.py:3036} INFO - Sync 1 DAGs
[2025-08-29T03:10:08.524+0000] {logging_mixin.py:188} INFO - [2025-08-29T03:10:08.524+0000] {dag.py:3823} INFO - Setting next_dagrun for entrenamiento_modelo_iris to None, run_after=None
[2025-08-29T03:10:08.548+0000] {processor.py:183} INFO - Processing /opt/airflow/dags/ml_training_dag.py took 1.764 seconds
[2025-08-29T03:10:39.358+0000] {processor.py:161} INFO - Started process (PID=1817) to work on /opt/airflow/dags/ml_training_dag.py
[2025-08-29T03:10:39.360+0000] {processor.py:830} INFO - Processing file /opt/airflow/dags/ml_training_dag.py for tasks to queue
[2025-08-29T03:10:39.362+0000] {logging_mixin.py:188} INFO - [2025-08-29T03:10:39.361+0000] {dagbag.py:538} INFO - Filling up the DagBag from /opt/airflow/dags/ml_training_dag.py
[2025-08-29T03:10:40.863+0000] {processor.py:840} INFO - DAG(s) 'entrenamiento_modelo_iris' retrieved from /opt/airflow/dags/ml_training_dag.py
[2025-08-29T03:10:40.891+0000] {logging_mixin.py:188} INFO - [2025-08-29T03:10:40.891+0000] {dag.py:3036} INFO - Sync 1 DAGs
[2025-08-29T03:10:40.905+0000] {logging_mixin.py:188} INFO - [2025-08-29T03:10:40.904+0000] {dag.py:3823} INFO - Setting next_dagrun for entrenamiento_modelo_iris to None, run_after=None
[2025-08-29T03:10:40.931+0000] {processor.py:183} INFO - Processing /opt/airflow/dags/ml_training_dag.py took 1.580 seconds
[2025-08-29T03:11:11.829+0000] {processor.py:161} INFO - Started process (PID=1858) to work on /opt/airflow/dags/ml_training_dag.py
[2025-08-29T03:11:11.832+0000] {processor.py:830} INFO - Processing file /opt/airflow/dags/ml_training_dag.py for tasks to queue
[2025-08-29T03:11:11.835+0000] {logging_mixin.py:188} INFO - [2025-08-29T03:11:11.834+0000] {dagbag.py:538} INFO - Filling up the DagBag from /opt/airflow/dags/ml_training_dag.py
[2025-08-29T03:11:13.303+0000] {processor.py:840} INFO - DAG(s) 'entrenamiento_modelo_iris' retrieved from /opt/airflow/dags/ml_training_dag.py
[2025-08-29T03:11:13.337+0000] {logging_mixin.py:188} INFO - [2025-08-29T03:11:13.336+0000] {dag.py:3036} INFO - Sync 1 DAGs
[2025-08-29T03:11:13.352+0000] {logging_mixin.py:188} INFO - [2025-08-29T03:11:13.352+0000] {dag.py:3823} INFO - Setting next_dagrun for entrenamiento_modelo_iris to None, run_after=None
[2025-08-29T03:11:13.384+0000] {processor.py:183} INFO - Processing /opt/airflow/dags/ml_training_dag.py took 1.559 seconds
[2025-08-29T03:11:44.254+0000] {processor.py:161} INFO - Started process (PID=1897) to work on /opt/airflow/dags/ml_training_dag.py
[2025-08-29T03:11:44.256+0000] {processor.py:830} INFO - Processing file /opt/airflow/dags/ml_training_dag.py for tasks to queue
[2025-08-29T03:11:44.257+0000] {logging_mixin.py:188} INFO - [2025-08-29T03:11:44.257+0000] {dagbag.py:538} INFO - Filling up the DagBag from /opt/airflow/dags/ml_training_dag.py
[2025-08-29T03:11:45.846+0000] {processor.py:840} INFO - DAG(s) 'entrenamiento_modelo_iris' retrieved from /opt/airflow/dags/ml_training_dag.py
[2025-08-29T03:11:45.876+0000] {logging_mixin.py:188} INFO - [2025-08-29T03:11:45.875+0000] {dag.py:3036} INFO - Sync 1 DAGs
[2025-08-29T03:11:45.890+0000] {logging_mixin.py:188} INFO - [2025-08-29T03:11:45.890+0000] {dag.py:3823} INFO - Setting next_dagrun for entrenamiento_modelo_iris to None, run_after=None
[2025-08-29T03:11:45.916+0000] {processor.py:183} INFO - Processing /opt/airflow/dags/ml_training_dag.py took 1.665 seconds
[2025-08-29T03:12:16.583+0000] {processor.py:161} INFO - Started process (PID=1936) to work on /opt/airflow/dags/ml_training_dag.py
[2025-08-29T03:12:16.584+0000] {processor.py:830} INFO - Processing file /opt/airflow/dags/ml_training_dag.py for tasks to queue
[2025-08-29T03:12:16.585+0000] {logging_mixin.py:188} INFO - [2025-08-29T03:12:16.585+0000] {dagbag.py:538} INFO - Filling up the DagBag from /opt/airflow/dags/ml_training_dag.py
[2025-08-29T03:12:18.236+0000] {processor.py:840} INFO - DAG(s) 'entrenamiento_modelo_iris' retrieved from /opt/airflow/dags/ml_training_dag.py
[2025-08-29T03:12:18.265+0000] {logging_mixin.py:188} INFO - [2025-08-29T03:12:18.264+0000] {dag.py:3036} INFO - Sync 1 DAGs
[2025-08-29T03:12:18.277+0000] {logging_mixin.py:188} INFO - [2025-08-29T03:12:18.277+0000] {dag.py:3823} INFO - Setting next_dagrun for entrenamiento_modelo_iris to None, run_after=None
[2025-08-29T03:12:18.304+0000] {processor.py:183} INFO - Processing /opt/airflow/dags/ml_training_dag.py took 1.725 seconds
[2025-08-29T03:12:48.926+0000] {processor.py:161} INFO - Started process (PID=1975) to work on /opt/airflow/dags/ml_training_dag.py
[2025-08-29T03:12:48.928+0000] {processor.py:830} INFO - Processing file /opt/airflow/dags/ml_training_dag.py for tasks to queue
[2025-08-29T03:12:48.929+0000] {logging_mixin.py:188} INFO - [2025-08-29T03:12:48.929+0000] {dagbag.py:538} INFO - Filling up the DagBag from /opt/airflow/dags/ml_training_dag.py
[2025-08-29T03:12:51.165+0000] {processor.py:840} INFO - DAG(s) 'entrenamiento_modelo_iris' retrieved from /opt/airflow/dags/ml_training_dag.py
[2025-08-29T03:12:51.210+0000] {logging_mixin.py:188} INFO - [2025-08-29T03:12:51.209+0000] {dag.py:3036} INFO - Sync 1 DAGs
[2025-08-29T03:12:51.227+0000] {logging_mixin.py:188} INFO - [2025-08-29T03:12:51.227+0000] {dag.py:3823} INFO - Setting next_dagrun for entrenamiento_modelo_iris to None, run_after=None
[2025-08-29T03:12:51.264+0000] {processor.py:183} INFO - Processing /opt/airflow/dags/ml_training_dag.py took 2.343 seconds
[2025-08-29T03:13:21.357+0000] {processor.py:161} INFO - Started process (PID=2014) to work on /opt/airflow/dags/ml_training_dag.py
[2025-08-29T03:13:21.358+0000] {processor.py:830} INFO - Processing file /opt/airflow/dags/ml_training_dag.py for tasks to queue
[2025-08-29T03:13:21.360+0000] {logging_mixin.py:188} INFO - [2025-08-29T03:13:21.359+0000] {dagbag.py:538} INFO - Filling up the DagBag from /opt/airflow/dags/ml_training_dag.py
[2025-08-29T03:13:22.971+0000] {processor.py:840} INFO - DAG(s) 'entrenamiento_modelo_iris' retrieved from /opt/airflow/dags/ml_training_dag.py
[2025-08-29T03:13:23.004+0000] {logging_mixin.py:188} INFO - [2025-08-29T03:13:23.004+0000] {dag.py:3036} INFO - Sync 1 DAGs
[2025-08-29T03:13:23.022+0000] {logging_mixin.py:188} INFO - [2025-08-29T03:13:23.022+0000] {dag.py:3823} INFO - Setting next_dagrun for entrenamiento_modelo_iris to None, run_after=None
[2025-08-29T03:13:23.078+0000] {processor.py:183} INFO - Processing /opt/airflow/dags/ml_training_dag.py took 1.724 seconds
[2025-08-29T03:13:53.225+0000] {processor.py:161} INFO - Started process (PID=2066) to work on /opt/airflow/dags/ml_training_dag.py
[2025-08-29T03:13:53.226+0000] {processor.py:830} INFO - Processing file /opt/airflow/dags/ml_training_dag.py for tasks to queue
[2025-08-29T03:13:53.227+0000] {logging_mixin.py:188} INFO - [2025-08-29T03:13:53.227+0000] {dagbag.py:538} INFO - Filling up the DagBag from /opt/airflow/dags/ml_training_dag.py
[2025-08-29T03:13:54.644+0000] {processor.py:840} INFO - DAG(s) 'entrenamiento_modelo_iris' retrieved from /opt/airflow/dags/ml_training_dag.py
[2025-08-29T03:13:54.676+0000] {logging_mixin.py:188} INFO - [2025-08-29T03:13:54.676+0000] {dag.py:3036} INFO - Sync 1 DAGs
[2025-08-29T03:13:54.690+0000] {logging_mixin.py:188} INFO - [2025-08-29T03:13:54.690+0000] {dag.py:3823} INFO - Setting next_dagrun for entrenamiento_modelo_iris to None, run_after=None
[2025-08-29T03:13:54.717+0000] {processor.py:183} INFO - Processing /opt/airflow/dags/ml_training_dag.py took 1.495 seconds
[2025-08-29T03:14:25.024+0000] {processor.py:161} INFO - Started process (PID=2105) to work on /opt/airflow/dags/ml_training_dag.py
[2025-08-29T03:14:25.025+0000] {processor.py:830} INFO - Processing file /opt/airflow/dags/ml_training_dag.py for tasks to queue
[2025-08-29T03:14:25.026+0000] {logging_mixin.py:188} INFO - [2025-08-29T03:14:25.026+0000] {dagbag.py:538} INFO - Filling up the DagBag from /opt/airflow/dags/ml_training_dag.py
[2025-08-29T03:14:26.522+0000] {processor.py:840} INFO - DAG(s) 'entrenamiento_modelo_iris' retrieved from /opt/airflow/dags/ml_training_dag.py
[2025-08-29T03:14:26.558+0000] {logging_mixin.py:188} INFO - [2025-08-29T03:14:26.558+0000] {dag.py:3036} INFO - Sync 1 DAGs
[2025-08-29T03:14:26.576+0000] {logging_mixin.py:188} INFO - [2025-08-29T03:14:26.576+0000] {dag.py:3823} INFO - Setting next_dagrun for entrenamiento_modelo_iris to None, run_after=None
[2025-08-29T03:14:26.604+0000] {processor.py:183} INFO - Processing /opt/airflow/dags/ml_training_dag.py took 1.584 seconds
[2025-08-29T03:14:57.412+0000] {processor.py:161} INFO - Started process (PID=2144) to work on /opt/airflow/dags/ml_training_dag.py
[2025-08-29T03:14:57.413+0000] {processor.py:830} INFO - Processing file /opt/airflow/dags/ml_training_dag.py for tasks to queue
[2025-08-29T03:14:57.415+0000] {logging_mixin.py:188} INFO - [2025-08-29T03:14:57.414+0000] {dagbag.py:538} INFO - Filling up the DagBag from /opt/airflow/dags/ml_training_dag.py
[2025-08-29T03:14:58.913+0000] {processor.py:840} INFO - DAG(s) 'entrenamiento_modelo_iris' retrieved from /opt/airflow/dags/ml_training_dag.py
[2025-08-29T03:14:58.944+0000] {logging_mixin.py:188} INFO - [2025-08-29T03:14:58.943+0000] {dag.py:3036} INFO - Sync 1 DAGs
[2025-08-29T03:14:58.957+0000] {logging_mixin.py:188} INFO - [2025-08-29T03:14:58.956+0000] {dag.py:3823} INFO - Setting next_dagrun for entrenamiento_modelo_iris to None, run_after=None
[2025-08-29T03:14:59.018+0000] {processor.py:183} INFO - Processing /opt/airflow/dags/ml_training_dag.py took 1.608 seconds
[2025-08-29T03:15:29.951+0000] {processor.py:161} INFO - Started process (PID=2194) to work on /opt/airflow/dags/ml_training_dag.py
[2025-08-29T03:15:29.955+0000] {processor.py:830} INFO - Processing file /opt/airflow/dags/ml_training_dag.py for tasks to queue
[2025-08-29T03:15:29.959+0000] {logging_mixin.py:188} INFO - [2025-08-29T03:15:29.957+0000] {dagbag.py:538} INFO - Filling up the DagBag from /opt/airflow/dags/ml_training_dag.py
[2025-08-29T03:15:31.862+0000] {processor.py:840} INFO - DAG(s) 'entrenamiento_modelo_iris' retrieved from /opt/airflow/dags/ml_training_dag.py
[2025-08-29T03:15:31.920+0000] {logging_mixin.py:188} INFO - [2025-08-29T03:15:31.919+0000] {dag.py:3036} INFO - Sync 1 DAGs
[2025-08-29T03:15:31.986+0000] {logging_mixin.py:188} INFO - [2025-08-29T03:15:31.986+0000] {dag.py:3823} INFO - Setting next_dagrun for entrenamiento_modelo_iris to None, run_after=None
[2025-08-29T03:15:32.071+0000] {processor.py:183} INFO - Processing /opt/airflow/dags/ml_training_dag.py took 2.127 seconds
[2025-08-29T03:16:03.024+0000] {processor.py:161} INFO - Started process (PID=2233) to work on /opt/airflow/dags/ml_training_dag.py
[2025-08-29T03:16:03.025+0000] {processor.py:830} INFO - Processing file /opt/airflow/dags/ml_training_dag.py for tasks to queue
[2025-08-29T03:16:03.026+0000] {logging_mixin.py:188} INFO - [2025-08-29T03:16:03.026+0000] {dagbag.py:538} INFO - Filling up the DagBag from /opt/airflow/dags/ml_training_dag.py
[2025-08-29T03:16:04.695+0000] {processor.py:840} INFO - DAG(s) 'entrenamiento_modelo_iris' retrieved from /opt/airflow/dags/ml_training_dag.py
[2025-08-29T03:16:04.727+0000] {logging_mixin.py:188} INFO - [2025-08-29T03:16:04.726+0000] {dag.py:3036} INFO - Sync 1 DAGs
[2025-08-29T03:16:04.740+0000] {logging_mixin.py:188} INFO - [2025-08-29T03:16:04.739+0000] {dag.py:3823} INFO - Setting next_dagrun for entrenamiento_modelo_iris to None, run_after=None
[2025-08-29T03:16:04.797+0000] {processor.py:183} INFO - Processing /opt/airflow/dags/ml_training_dag.py took 1.777 seconds
[2025-08-29T03:16:35.186+0000] {processor.py:161} INFO - Started process (PID=2272) to work on /opt/airflow/dags/ml_training_dag.py
[2025-08-29T03:16:35.188+0000] {processor.py:830} INFO - Processing file /opt/airflow/dags/ml_training_dag.py for tasks to queue
[2025-08-29T03:16:35.189+0000] {logging_mixin.py:188} INFO - [2025-08-29T03:16:35.188+0000] {dagbag.py:538} INFO - Filling up the DagBag from /opt/airflow/dags/ml_training_dag.py
[2025-08-29T03:16:36.717+0000] {processor.py:840} INFO - DAG(s) 'entrenamiento_modelo_iris' retrieved from /opt/airflow/dags/ml_training_dag.py
[2025-08-29T03:16:36.749+0000] {logging_mixin.py:188} INFO - [2025-08-29T03:16:36.749+0000] {dag.py:3036} INFO - Sync 1 DAGs
[2025-08-29T03:16:36.763+0000] {logging_mixin.py:188} INFO - [2025-08-29T03:16:36.763+0000] {dag.py:3823} INFO - Setting next_dagrun for entrenamiento_modelo_iris to None, run_after=None
[2025-08-29T03:16:36.791+0000] {processor.py:183} INFO - Processing /opt/airflow/dags/ml_training_dag.py took 1.608 seconds
[2025-08-29T03:17:07.258+0000] {processor.py:161} INFO - Started process (PID=2311) to work on /opt/airflow/dags/ml_training_dag.py
[2025-08-29T03:17:07.259+0000] {processor.py:830} INFO - Processing file /opt/airflow/dags/ml_training_dag.py for tasks to queue
[2025-08-29T03:17:07.261+0000] {logging_mixin.py:188} INFO - [2025-08-29T03:17:07.260+0000] {dagbag.py:538} INFO - Filling up the DagBag from /opt/airflow/dags/ml_training_dag.py
[2025-08-29T03:17:08.943+0000] {processor.py:840} INFO - DAG(s) 'entrenamiento_modelo_iris' retrieved from /opt/airflow/dags/ml_training_dag.py
[2025-08-29T03:17:08.973+0000] {logging_mixin.py:188} INFO - [2025-08-29T03:17:08.973+0000] {dag.py:3036} INFO - Sync 1 DAGs
[2025-08-29T03:17:08.987+0000] {logging_mixin.py:188} INFO - [2025-08-29T03:17:08.987+0000] {dag.py:3823} INFO - Setting next_dagrun for entrenamiento_modelo_iris to None, run_after=None
[2025-08-29T03:17:09.018+0000] {processor.py:183} INFO - Processing /opt/airflow/dags/ml_training_dag.py took 1.764 seconds
[2025-08-29T03:17:39.354+0000] {processor.py:161} INFO - Started process (PID=2350) to work on /opt/airflow/dags/ml_training_dag.py
[2025-08-29T03:17:39.356+0000] {processor.py:830} INFO - Processing file /opt/airflow/dags/ml_training_dag.py for tasks to queue
[2025-08-29T03:17:39.358+0000] {logging_mixin.py:188} INFO - [2025-08-29T03:17:39.357+0000] {dagbag.py:538} INFO - Filling up the DagBag from /opt/airflow/dags/ml_training_dag.py
[2025-08-29T03:17:41.378+0000] {processor.py:840} INFO - DAG(s) 'entrenamiento_modelo_iris' retrieved from /opt/airflow/dags/ml_training_dag.py
[2025-08-29T03:17:41.413+0000] {logging_mixin.py:188} INFO - [2025-08-29T03:17:41.412+0000] {dag.py:3036} INFO - Sync 1 DAGs
[2025-08-29T03:17:41.433+0000] {logging_mixin.py:188} INFO - [2025-08-29T03:17:41.432+0000] {dag.py:3823} INFO - Setting next_dagrun for entrenamiento_modelo_iris to None, run_after=None
[2025-08-29T03:17:41.462+0000] {processor.py:183} INFO - Processing /opt/airflow/dags/ml_training_dag.py took 2.113 seconds
