[2025-08-29T02:29:39.752+0000] {processor.py:161} INFO - Started process (PID=198) to work on /opt/airflow/dags/predict_via_api_dag.py
[2025-08-29T02:29:39.753+0000] {processor.py:830} INFO - Processing file /opt/airflow/dags/predict_via_api_dag.py for tasks to queue
[2025-08-29T02:29:39.756+0000] {logging_mixin.py:188} INFO - [2025-08-29T02:29:39.755+0000] {dagbag.py:538} INFO - Filling up the DagBag from /opt/airflow/dags/predict_via_api_dag.py
[2025-08-29T02:29:40.935+0000] {processor.py:840} INFO - DAG(s) 'predict_api_every_5_minutes' retrieved from /opt/airflow/dags/predict_via_api_dag.py
[2025-08-29T02:29:40.979+0000] {logging_mixin.py:188} INFO - [2025-08-29T02:29:40.977+0000] {dag.py:3036} INFO - Sync 1 DAGs
[2025-08-29T02:29:41.022+0000] {logging_mixin.py:188} INFO - [2025-08-29T02:29:41.022+0000] {dag.py:3823} INFO - Setting next_dagrun for predict_api_every_5_minutes to 2025-08-29 02:20:00+00:00, run_after=2025-08-29 02:25:00+00:00
[2025-08-29T02:29:41.064+0000] {processor.py:183} INFO - Processing /opt/airflow/dags/predict_via_api_dag.py took 1.317 seconds
[2025-08-29T02:30:13.726+0000] {processor.py:161} INFO - Started process (PID=246) to work on /opt/airflow/dags/predict_via_api_dag.py
[2025-08-29T02:30:13.728+0000] {processor.py:830} INFO - Processing file /opt/airflow/dags/predict_via_api_dag.py for tasks to queue
[2025-08-29T02:30:13.730+0000] {logging_mixin.py:188} INFO - [2025-08-29T02:30:13.730+0000] {dagbag.py:538} INFO - Filling up the DagBag from /opt/airflow/dags/predict_via_api_dag.py
[2025-08-29T02:30:15.778+0000] {processor.py:840} INFO - DAG(s) 'predict_api_every_5_minutes' retrieved from /opt/airflow/dags/predict_via_api_dag.py
[2025-08-29T02:30:15.819+0000] {logging_mixin.py:188} INFO - [2025-08-29T02:30:15.818+0000] {dag.py:3036} INFO - Sync 1 DAGs
[2025-08-29T02:30:15.858+0000] {logging_mixin.py:188} INFO - [2025-08-29T02:30:15.858+0000] {dag.py:3823} INFO - Setting next_dagrun for predict_api_every_5_minutes to 2025-08-29 02:25:00+00:00, run_after=2025-08-29 02:30:00+00:00
[2025-08-29T02:30:15.932+0000] {processor.py:183} INFO - Processing /opt/airflow/dags/predict_via_api_dag.py took 2.211 seconds
[2025-08-29T02:30:46.577+0000] {processor.py:161} INFO - Started process (PID=292) to work on /opt/airflow/dags/predict_via_api_dag.py
[2025-08-29T02:30:46.579+0000] {processor.py:830} INFO - Processing file /opt/airflow/dags/predict_via_api_dag.py for tasks to queue
[2025-08-29T02:30:46.581+0000] {logging_mixin.py:188} INFO - [2025-08-29T02:30:46.581+0000] {dagbag.py:538} INFO - Filling up the DagBag from /opt/airflow/dags/predict_via_api_dag.py
[2025-08-29T02:30:49.463+0000] {processor.py:840} INFO - DAG(s) 'predict_api_every_5_minutes' retrieved from /opt/airflow/dags/predict_via_api_dag.py
[2025-08-29T02:30:49.514+0000] {logging_mixin.py:188} INFO - [2025-08-29T02:30:49.513+0000] {dag.py:3036} INFO - Sync 1 DAGs
[2025-08-29T02:30:49.557+0000] {logging_mixin.py:188} INFO - [2025-08-29T02:30:49.557+0000] {dag.py:3823} INFO - Setting next_dagrun for predict_api_every_5_minutes to 2025-08-29 02:25:00+00:00, run_after=2025-08-29 02:30:00+00:00
[2025-08-29T02:30:49.588+0000] {processor.py:183} INFO - Processing /opt/airflow/dags/predict_via_api_dag.py took 3.015 seconds
[2025-08-29T02:31:19.933+0000] {processor.py:161} INFO - Started process (PID=325) to work on /opt/airflow/dags/predict_via_api_dag.py
[2025-08-29T02:31:19.934+0000] {processor.py:830} INFO - Processing file /opt/airflow/dags/predict_via_api_dag.py for tasks to queue
[2025-08-29T02:31:19.936+0000] {logging_mixin.py:188} INFO - [2025-08-29T02:31:19.935+0000] {dagbag.py:538} INFO - Filling up the DagBag from /opt/airflow/dags/predict_via_api_dag.py
[2025-08-29T02:31:21.087+0000] {processor.py:840} INFO - DAG(s) 'predict_api_every_5_minutes' retrieved from /opt/airflow/dags/predict_via_api_dag.py
[2025-08-29T02:31:21.121+0000] {logging_mixin.py:188} INFO - [2025-08-29T02:31:21.120+0000] {dag.py:3036} INFO - Sync 1 DAGs
[2025-08-29T02:31:21.161+0000] {logging_mixin.py:188} INFO - [2025-08-29T02:31:21.161+0000] {dag.py:3823} INFO - Setting next_dagrun for predict_api_every_5_minutes to 2025-08-29 02:25:00+00:00, run_after=2025-08-29 02:30:00+00:00
[2025-08-29T02:31:21.200+0000] {processor.py:183} INFO - Processing /opt/airflow/dags/predict_via_api_dag.py took 1.272 seconds
[2025-08-29T02:31:51.529+0000] {processor.py:161} INFO - Started process (PID=371) to work on /opt/airflow/dags/predict_via_api_dag.py
[2025-08-29T02:31:51.531+0000] {processor.py:830} INFO - Processing file /opt/airflow/dags/predict_via_api_dag.py for tasks to queue
[2025-08-29T02:31:51.533+0000] {logging_mixin.py:188} INFO - [2025-08-29T02:31:51.532+0000] {dagbag.py:538} INFO - Filling up the DagBag from /opt/airflow/dags/predict_via_api_dag.py
[2025-08-29T02:31:52.547+0000] {processor.py:840} INFO - DAG(s) 'predict_api_every_5_minutes' retrieved from /opt/airflow/dags/predict_via_api_dag.py
[2025-08-29T02:31:52.578+0000] {logging_mixin.py:188} INFO - [2025-08-29T02:31:52.577+0000] {dag.py:3036} INFO - Sync 1 DAGs
[2025-08-29T02:31:52.604+0000] {logging_mixin.py:188} INFO - [2025-08-29T02:31:52.604+0000] {dag.py:3823} INFO - Setting next_dagrun for predict_api_every_5_minutes to 2025-08-29 02:25:00+00:00, run_after=2025-08-29 02:30:00+00:00
[2025-08-29T02:31:52.634+0000] {processor.py:183} INFO - Processing /opt/airflow/dags/predict_via_api_dag.py took 1.108 seconds
[2025-08-29T02:32:23.350+0000] {processor.py:161} INFO - Started process (PID=411) to work on /opt/airflow/dags/predict_via_api_dag.py
[2025-08-29T02:32:23.351+0000] {processor.py:830} INFO - Processing file /opt/airflow/dags/predict_via_api_dag.py for tasks to queue
[2025-08-29T02:32:23.352+0000] {logging_mixin.py:188} INFO - [2025-08-29T02:32:23.352+0000] {dagbag.py:538} INFO - Filling up the DagBag from /opt/airflow/dags/predict_via_api_dag.py
[2025-08-29T02:32:24.331+0000] {processor.py:840} INFO - DAG(s) 'predict_api_every_5_minutes' retrieved from /opt/airflow/dags/predict_via_api_dag.py
[2025-08-29T02:32:24.363+0000] {logging_mixin.py:188} INFO - [2025-08-29T02:32:24.363+0000] {dag.py:3036} INFO - Sync 1 DAGs
[2025-08-29T02:32:24.402+0000] {logging_mixin.py:188} INFO - [2025-08-29T02:32:24.402+0000] {dag.py:3823} INFO - Setting next_dagrun for predict_api_every_5_minutes to 2025-08-29 02:25:00+00:00, run_after=2025-08-29 02:30:00+00:00
[2025-08-29T02:32:24.434+0000] {processor.py:183} INFO - Processing /opt/airflow/dags/predict_via_api_dag.py took 1.087 seconds
[2025-08-29T02:32:54.721+0000] {processor.py:161} INFO - Started process (PID=460) to work on /opt/airflow/dags/predict_via_api_dag.py
[2025-08-29T02:32:54.723+0000] {processor.py:830} INFO - Processing file /opt/airflow/dags/predict_via_api_dag.py for tasks to queue
[2025-08-29T02:32:54.725+0000] {logging_mixin.py:188} INFO - [2025-08-29T02:32:54.725+0000] {dagbag.py:538} INFO - Filling up the DagBag from /opt/airflow/dags/predict_via_api_dag.py
[2025-08-29T02:32:55.668+0000] {processor.py:840} INFO - DAG(s) 'predict_api_every_5_minutes' retrieved from /opt/airflow/dags/predict_via_api_dag.py
[2025-08-29T02:32:55.698+0000] {logging_mixin.py:188} INFO - [2025-08-29T02:32:55.697+0000] {dag.py:3036} INFO - Sync 1 DAGs
[2025-08-29T02:32:55.725+0000] {logging_mixin.py:188} INFO - [2025-08-29T02:32:55.725+0000] {dag.py:3823} INFO - Setting next_dagrun for predict_api_every_5_minutes to 2025-08-29 02:25:00+00:00, run_after=2025-08-29 02:30:00+00:00
[2025-08-29T02:32:55.756+0000] {processor.py:183} INFO - Processing /opt/airflow/dags/predict_via_api_dag.py took 1.039 seconds
[2025-08-29T02:33:26.104+0000] {processor.py:161} INFO - Started process (PID=499) to work on /opt/airflow/dags/predict_via_api_dag.py
[2025-08-29T02:33:26.105+0000] {processor.py:830} INFO - Processing file /opt/airflow/dags/predict_via_api_dag.py for tasks to queue
[2025-08-29T02:33:26.107+0000] {logging_mixin.py:188} INFO - [2025-08-29T02:33:26.106+0000] {dagbag.py:538} INFO - Filling up the DagBag from /opt/airflow/dags/predict_via_api_dag.py
[2025-08-29T02:33:26.952+0000] {processor.py:840} INFO - DAG(s) 'predict_api_every_5_minutes' retrieved from /opt/airflow/dags/predict_via_api_dag.py
[2025-08-29T02:33:26.982+0000] {logging_mixin.py:188} INFO - [2025-08-29T02:33:26.981+0000] {dag.py:3036} INFO - Sync 1 DAGs
[2025-08-29T02:33:27.009+0000] {logging_mixin.py:188} INFO - [2025-08-29T02:33:27.009+0000] {dag.py:3823} INFO - Setting next_dagrun for predict_api_every_5_minutes to 2025-08-29 02:25:00+00:00, run_after=2025-08-29 02:30:00+00:00
[2025-08-29T02:33:27.042+0000] {processor.py:183} INFO - Processing /opt/airflow/dags/predict_via_api_dag.py took 0.941 seconds
[2025-08-29T02:33:57.465+0000] {processor.py:161} INFO - Started process (PID=539) to work on /opt/airflow/dags/predict_via_api_dag.py
[2025-08-29T02:33:57.467+0000] {processor.py:830} INFO - Processing file /opt/airflow/dags/predict_via_api_dag.py for tasks to queue
[2025-08-29T02:33:57.469+0000] {logging_mixin.py:188} INFO - [2025-08-29T02:33:57.468+0000] {dagbag.py:538} INFO - Filling up the DagBag from /opt/airflow/dags/predict_via_api_dag.py
[2025-08-29T02:33:58.687+0000] {processor.py:840} INFO - DAG(s) 'predict_api_every_5_minutes' retrieved from /opt/airflow/dags/predict_via_api_dag.py
[2025-08-29T02:33:58.721+0000] {logging_mixin.py:188} INFO - [2025-08-29T02:33:58.721+0000] {dag.py:3036} INFO - Sync 1 DAGs
[2025-08-29T02:33:58.749+0000] {logging_mixin.py:188} INFO - [2025-08-29T02:33:58.748+0000] {dag.py:3823} INFO - Setting next_dagrun for predict_api_every_5_minutes to 2025-08-29 02:25:00+00:00, run_after=2025-08-29 02:30:00+00:00
[2025-08-29T02:33:58.779+0000] {processor.py:183} INFO - Processing /opt/airflow/dags/predict_via_api_dag.py took 1.318 seconds
[2025-08-29T02:34:28.894+0000] {processor.py:161} INFO - Started process (PID=588) to work on /opt/airflow/dags/predict_via_api_dag.py
[2025-08-29T02:34:28.896+0000] {processor.py:830} INFO - Processing file /opt/airflow/dags/predict_via_api_dag.py for tasks to queue
[2025-08-29T02:34:28.897+0000] {logging_mixin.py:188} INFO - [2025-08-29T02:34:28.897+0000] {dagbag.py:538} INFO - Filling up the DagBag from /opt/airflow/dags/predict_via_api_dag.py
[2025-08-29T02:34:29.978+0000] {processor.py:840} INFO - DAG(s) 'predict_api_every_5_minutes' retrieved from /opt/airflow/dags/predict_via_api_dag.py
[2025-08-29T02:34:30.009+0000] {logging_mixin.py:188} INFO - [2025-08-29T02:34:30.008+0000] {dag.py:3036} INFO - Sync 1 DAGs
[2025-08-29T02:34:30.038+0000] {logging_mixin.py:188} INFO - [2025-08-29T02:34:30.037+0000] {dag.py:3823} INFO - Setting next_dagrun for predict_api_every_5_minutes to 2025-08-29 02:25:00+00:00, run_after=2025-08-29 02:30:00+00:00
[2025-08-29T02:34:30.066+0000] {processor.py:183} INFO - Processing /opt/airflow/dags/predict_via_api_dag.py took 1.175 seconds
[2025-08-29T02:35:00.435+0000] {processor.py:161} INFO - Started process (PID=628) to work on /opt/airflow/dags/predict_via_api_dag.py
[2025-08-29T02:35:00.437+0000] {processor.py:830} INFO - Processing file /opt/airflow/dags/predict_via_api_dag.py for tasks to queue
[2025-08-29T02:35:00.439+0000] {logging_mixin.py:188} INFO - [2025-08-29T02:35:00.438+0000] {dagbag.py:538} INFO - Filling up the DagBag from /opt/airflow/dags/predict_via_api_dag.py
[2025-08-29T02:35:01.609+0000] {processor.py:840} INFO - DAG(s) 'predict_api_every_5_minutes' retrieved from /opt/airflow/dags/predict_via_api_dag.py
[2025-08-29T02:35:01.641+0000] {logging_mixin.py:188} INFO - [2025-08-29T02:35:01.640+0000] {dag.py:3036} INFO - Sync 1 DAGs
[2025-08-29T02:35:01.669+0000] {logging_mixin.py:188} INFO - [2025-08-29T02:35:01.669+0000] {dag.py:3823} INFO - Setting next_dagrun for predict_api_every_5_minutes to 2025-08-29 02:30:00+00:00, run_after=2025-08-29 02:35:00+00:00
[2025-08-29T02:35:01.701+0000] {processor.py:183} INFO - Processing /opt/airflow/dags/predict_via_api_dag.py took 1.271 seconds
[2025-08-29T02:35:32.081+0000] {processor.py:161} INFO - Started process (PID=677) to work on /opt/airflow/dags/predict_via_api_dag.py
[2025-08-29T02:35:32.082+0000] {processor.py:830} INFO - Processing file /opt/airflow/dags/predict_via_api_dag.py for tasks to queue
[2025-08-29T02:35:32.084+0000] {logging_mixin.py:188} INFO - [2025-08-29T02:35:32.083+0000] {dagbag.py:538} INFO - Filling up the DagBag from /opt/airflow/dags/predict_via_api_dag.py
[2025-08-29T02:35:33.130+0000] {processor.py:840} INFO - DAG(s) 'predict_api_every_5_minutes' retrieved from /opt/airflow/dags/predict_via_api_dag.py
[2025-08-29T02:35:33.159+0000] {logging_mixin.py:188} INFO - [2025-08-29T02:35:33.158+0000] {dag.py:3036} INFO - Sync 1 DAGs
[2025-08-29T02:35:33.183+0000] {logging_mixin.py:188} INFO - [2025-08-29T02:35:33.183+0000] {dag.py:3823} INFO - Setting next_dagrun for predict_api_every_5_minutes to 2025-08-29 02:30:00+00:00, run_after=2025-08-29 02:35:00+00:00
[2025-08-29T02:35:33.214+0000] {processor.py:183} INFO - Processing /opt/airflow/dags/predict_via_api_dag.py took 1.137 seconds
[2025-08-29T02:36:03.596+0000] {processor.py:161} INFO - Started process (PID=716) to work on /opt/airflow/dags/predict_via_api_dag.py
[2025-08-29T02:36:03.597+0000] {processor.py:830} INFO - Processing file /opt/airflow/dags/predict_via_api_dag.py for tasks to queue
[2025-08-29T02:36:03.599+0000] {logging_mixin.py:188} INFO - [2025-08-29T02:36:03.599+0000] {dagbag.py:538} INFO - Filling up the DagBag from /opt/airflow/dags/predict_via_api_dag.py
[2025-08-29T02:36:04.866+0000] {processor.py:840} INFO - DAG(s) 'predict_api_every_5_minutes' retrieved from /opt/airflow/dags/predict_via_api_dag.py
[2025-08-29T02:36:04.898+0000] {logging_mixin.py:188} INFO - [2025-08-29T02:36:04.898+0000] {dag.py:3036} INFO - Sync 1 DAGs
[2025-08-29T02:36:04.934+0000] {logging_mixin.py:188} INFO - [2025-08-29T02:36:04.934+0000] {dag.py:3823} INFO - Setting next_dagrun for predict_api_every_5_minutes to 2025-08-29 02:30:00+00:00, run_after=2025-08-29 02:35:00+00:00
[2025-08-29T02:36:04.965+0000] {processor.py:183} INFO - Processing /opt/airflow/dags/predict_via_api_dag.py took 1.372 seconds
[2025-08-29T02:36:35.124+0000] {processor.py:161} INFO - Started process (PID=766) to work on /opt/airflow/dags/predict_via_api_dag.py
[2025-08-29T02:36:35.126+0000] {processor.py:830} INFO - Processing file /opt/airflow/dags/predict_via_api_dag.py for tasks to queue
[2025-08-29T02:36:35.127+0000] {logging_mixin.py:188} INFO - [2025-08-29T02:36:35.127+0000] {dagbag.py:538} INFO - Filling up the DagBag from /opt/airflow/dags/predict_via_api_dag.py
[2025-08-29T02:36:36.221+0000] {processor.py:840} INFO - DAG(s) 'predict_api_every_5_minutes' retrieved from /opt/airflow/dags/predict_via_api_dag.py
[2025-08-29T02:36:36.252+0000] {logging_mixin.py:188} INFO - [2025-08-29T02:36:36.252+0000] {dag.py:3036} INFO - Sync 1 DAGs
[2025-08-29T02:36:36.279+0000] {logging_mixin.py:188} INFO - [2025-08-29T02:36:36.279+0000] {dag.py:3823} INFO - Setting next_dagrun for predict_api_every_5_minutes to 2025-08-29 02:30:00+00:00, run_after=2025-08-29 02:35:00+00:00
[2025-08-29T02:36:36.316+0000] {processor.py:183} INFO - Processing /opt/airflow/dags/predict_via_api_dag.py took 1.195 seconds
[2025-08-29T02:37:07.322+0000] {processor.py:161} INFO - Started process (PID=805) to work on /opt/airflow/dags/predict_via_api_dag.py
[2025-08-29T02:37:07.324+0000] {processor.py:830} INFO - Processing file /opt/airflow/dags/predict_via_api_dag.py for tasks to queue
[2025-08-29T02:37:07.325+0000] {logging_mixin.py:188} INFO - [2025-08-29T02:37:07.325+0000] {dagbag.py:538} INFO - Filling up the DagBag from /opt/airflow/dags/predict_via_api_dag.py
[2025-08-29T02:37:08.271+0000] {processor.py:840} INFO - DAG(s) 'predict_api_every_5_minutes' retrieved from /opt/airflow/dags/predict_via_api_dag.py
[2025-08-29T02:37:08.308+0000] {logging_mixin.py:188} INFO - [2025-08-29T02:37:08.308+0000] {dag.py:3036} INFO - Sync 1 DAGs
[2025-08-29T02:37:08.335+0000] {logging_mixin.py:188} INFO - [2025-08-29T02:37:08.335+0000] {dag.py:3823} INFO - Setting next_dagrun for predict_api_every_5_minutes to 2025-08-29 02:30:00+00:00, run_after=2025-08-29 02:35:00+00:00
[2025-08-29T02:37:08.364+0000] {processor.py:183} INFO - Processing /opt/airflow/dags/predict_via_api_dag.py took 1.049 seconds
[2025-08-29T02:37:38.753+0000] {processor.py:161} INFO - Started process (PID=855) to work on /opt/airflow/dags/predict_via_api_dag.py
[2025-08-29T02:37:38.755+0000] {processor.py:830} INFO - Processing file /opt/airflow/dags/predict_via_api_dag.py for tasks to queue
[2025-08-29T02:37:38.757+0000] {logging_mixin.py:188} INFO - [2025-08-29T02:37:38.756+0000] {dagbag.py:538} INFO - Filling up the DagBag from /opt/airflow/dags/predict_via_api_dag.py
[2025-08-29T02:37:39.754+0000] {processor.py:840} INFO - DAG(s) 'predict_api_every_5_minutes' retrieved from /opt/airflow/dags/predict_via_api_dag.py
[2025-08-29T02:37:39.786+0000] {logging_mixin.py:188} INFO - [2025-08-29T02:37:39.785+0000] {dag.py:3036} INFO - Sync 1 DAGs
[2025-08-29T02:37:39.817+0000] {logging_mixin.py:188} INFO - [2025-08-29T02:37:39.816+0000] {dag.py:3823} INFO - Setting next_dagrun for predict_api_every_5_minutes to 2025-08-29 02:30:00+00:00, run_after=2025-08-29 02:35:00+00:00
[2025-08-29T02:37:39.847+0000] {processor.py:183} INFO - Processing /opt/airflow/dags/predict_via_api_dag.py took 1.099 seconds
[2025-08-29T02:38:10.196+0000] {processor.py:161} INFO - Started process (PID=894) to work on /opt/airflow/dags/predict_via_api_dag.py
[2025-08-29T02:38:10.198+0000] {processor.py:830} INFO - Processing file /opt/airflow/dags/predict_via_api_dag.py for tasks to queue
[2025-08-29T02:38:10.199+0000] {logging_mixin.py:188} INFO - [2025-08-29T02:38:10.199+0000] {dagbag.py:538} INFO - Filling up the DagBag from /opt/airflow/dags/predict_via_api_dag.py
[2025-08-29T02:38:11.141+0000] {processor.py:840} INFO - DAG(s) 'predict_api_every_5_minutes' retrieved from /opt/airflow/dags/predict_via_api_dag.py
[2025-08-29T02:38:11.173+0000] {logging_mixin.py:188} INFO - [2025-08-29T02:38:11.173+0000] {dag.py:3036} INFO - Sync 1 DAGs
[2025-08-29T02:38:11.201+0000] {logging_mixin.py:188} INFO - [2025-08-29T02:38:11.201+0000] {dag.py:3823} INFO - Setting next_dagrun for predict_api_every_5_minutes to 2025-08-29 02:30:00+00:00, run_after=2025-08-29 02:35:00+00:00
[2025-08-29T02:38:11.230+0000] {processor.py:183} INFO - Processing /opt/airflow/dags/predict_via_api_dag.py took 1.037 seconds
[2025-08-29T02:38:41.334+0000] {processor.py:161} INFO - Started process (PID=944) to work on /opt/airflow/dags/predict_via_api_dag.py
[2025-08-29T02:38:41.336+0000] {processor.py:830} INFO - Processing file /opt/airflow/dags/predict_via_api_dag.py for tasks to queue
[2025-08-29T02:38:41.338+0000] {logging_mixin.py:188} INFO - [2025-08-29T02:38:41.338+0000] {dagbag.py:538} INFO - Filling up the DagBag from /opt/airflow/dags/predict_via_api_dag.py
[2025-08-29T02:38:42.382+0000] {processor.py:840} INFO - DAG(s) 'predict_api_every_5_minutes' retrieved from /opt/airflow/dags/predict_via_api_dag.py
[2025-08-29T02:38:42.415+0000] {logging_mixin.py:188} INFO - [2025-08-29T02:38:42.414+0000] {dag.py:3036} INFO - Sync 1 DAGs
[2025-08-29T02:38:42.443+0000] {logging_mixin.py:188} INFO - [2025-08-29T02:38:42.443+0000] {dag.py:3823} INFO - Setting next_dagrun for predict_api_every_5_minutes to 2025-08-29 02:30:00+00:00, run_after=2025-08-29 02:35:00+00:00
[2025-08-29T02:38:42.479+0000] {processor.py:183} INFO - Processing /opt/airflow/dags/predict_via_api_dag.py took 1.147 seconds
[2025-08-29T02:39:12.742+0000] {processor.py:161} INFO - Started process (PID=983) to work on /opt/airflow/dags/predict_via_api_dag.py
[2025-08-29T02:39:12.743+0000] {processor.py:830} INFO - Processing file /opt/airflow/dags/predict_via_api_dag.py for tasks to queue
[2025-08-29T02:39:12.745+0000] {logging_mixin.py:188} INFO - [2025-08-29T02:39:12.744+0000] {dagbag.py:538} INFO - Filling up the DagBag from /opt/airflow/dags/predict_via_api_dag.py
[2025-08-29T02:39:13.771+0000] {processor.py:840} INFO - DAG(s) 'predict_api_every_5_minutes' retrieved from /opt/airflow/dags/predict_via_api_dag.py
[2025-08-29T02:39:13.805+0000] {logging_mixin.py:188} INFO - [2025-08-29T02:39:13.804+0000] {dag.py:3036} INFO - Sync 1 DAGs
[2025-08-29T02:39:13.833+0000] {logging_mixin.py:188} INFO - [2025-08-29T02:39:13.833+0000] {dag.py:3823} INFO - Setting next_dagrun for predict_api_every_5_minutes to 2025-08-29 02:30:00+00:00, run_after=2025-08-29 02:35:00+00:00
[2025-08-29T02:39:13.863+0000] {processor.py:183} INFO - Processing /opt/airflow/dags/predict_via_api_dag.py took 1.124 seconds
[2025-08-29T02:39:43.990+0000] {processor.py:161} INFO - Started process (PID=1033) to work on /opt/airflow/dags/predict_via_api_dag.py
[2025-08-29T02:39:43.991+0000] {processor.py:830} INFO - Processing file /opt/airflow/dags/predict_via_api_dag.py for tasks to queue
[2025-08-29T02:39:43.993+0000] {logging_mixin.py:188} INFO - [2025-08-29T02:39:43.993+0000] {dagbag.py:538} INFO - Filling up the DagBag from /opt/airflow/dags/predict_via_api_dag.py
[2025-08-29T02:39:45.009+0000] {processor.py:840} INFO - DAG(s) 'predict_api_every_5_minutes' retrieved from /opt/airflow/dags/predict_via_api_dag.py
[2025-08-29T02:39:45.045+0000] {logging_mixin.py:188} INFO - [2025-08-29T02:39:45.045+0000] {dag.py:3036} INFO - Sync 1 DAGs
[2025-08-29T02:39:45.074+0000] {logging_mixin.py:188} INFO - [2025-08-29T02:39:45.073+0000] {dag.py:3823} INFO - Setting next_dagrun for predict_api_every_5_minutes to 2025-08-29 02:30:00+00:00, run_after=2025-08-29 02:35:00+00:00
[2025-08-29T02:39:45.105+0000] {processor.py:183} INFO - Processing /opt/airflow/dags/predict_via_api_dag.py took 1.119 seconds
[2025-08-29T02:40:15.423+0000] {processor.py:161} INFO - Started process (PID=1072) to work on /opt/airflow/dags/predict_via_api_dag.py
[2025-08-29T02:40:15.424+0000] {processor.py:830} INFO - Processing file /opt/airflow/dags/predict_via_api_dag.py for tasks to queue
[2025-08-29T02:40:15.426+0000] {logging_mixin.py:188} INFO - [2025-08-29T02:40:15.425+0000] {dagbag.py:538} INFO - Filling up the DagBag from /opt/airflow/dags/predict_via_api_dag.py
[2025-08-29T02:40:16.587+0000] {processor.py:840} INFO - DAG(s) 'predict_api_every_5_minutes' retrieved from /opt/airflow/dags/predict_via_api_dag.py
[2025-08-29T02:40:16.641+0000] {logging_mixin.py:188} INFO - [2025-08-29T02:40:16.640+0000] {dag.py:3036} INFO - Sync 1 DAGs
[2025-08-29T02:40:16.693+0000] {logging_mixin.py:188} INFO - [2025-08-29T02:40:16.692+0000] {dag.py:3823} INFO - Setting next_dagrun for predict_api_every_5_minutes to 2025-08-29 02:35:00+00:00, run_after=2025-08-29 02:40:00+00:00
[2025-08-29T02:40:16.735+0000] {processor.py:183} INFO - Processing /opt/airflow/dags/predict_via_api_dag.py took 1.316 seconds
[2025-08-29T02:40:47.121+0000] {processor.py:161} INFO - Started process (PID=1122) to work on /opt/airflow/dags/predict_via_api_dag.py
[2025-08-29T02:40:47.123+0000] {processor.py:830} INFO - Processing file /opt/airflow/dags/predict_via_api_dag.py for tasks to queue
[2025-08-29T02:40:47.125+0000] {logging_mixin.py:188} INFO - [2025-08-29T02:40:47.124+0000] {dagbag.py:538} INFO - Filling up the DagBag from /opt/airflow/dags/predict_via_api_dag.py
[2025-08-29T02:40:48.490+0000] {processor.py:840} INFO - DAG(s) 'predict_api_every_5_minutes' retrieved from /opt/airflow/dags/predict_via_api_dag.py
[2025-08-29T02:40:48.543+0000] {logging_mixin.py:188} INFO - [2025-08-29T02:40:48.542+0000] {dag.py:3036} INFO - Sync 1 DAGs
[2025-08-29T02:40:48.584+0000] {logging_mixin.py:188} INFO - [2025-08-29T02:40:48.583+0000] {dag.py:3823} INFO - Setting next_dagrun for predict_api_every_5_minutes to 2025-08-29 02:35:00+00:00, run_after=2025-08-29 02:40:00+00:00
[2025-08-29T02:40:48.616+0000] {processor.py:183} INFO - Processing /opt/airflow/dags/predict_via_api_dag.py took 1.498 seconds
[2025-08-29T02:41:19.263+0000] {processor.py:161} INFO - Started process (PID=1161) to work on /opt/airflow/dags/predict_via_api_dag.py
[2025-08-29T02:41:19.265+0000] {processor.py:830} INFO - Processing file /opt/airflow/dags/predict_via_api_dag.py for tasks to queue
[2025-08-29T02:41:19.267+0000] {logging_mixin.py:188} INFO - [2025-08-29T02:41:19.266+0000] {dagbag.py:538} INFO - Filling up the DagBag from /opt/airflow/dags/predict_via_api_dag.py
[2025-08-29T02:41:20.416+0000] {processor.py:840} INFO - DAG(s) 'predict_api_every_5_minutes' retrieved from /opt/airflow/dags/predict_via_api_dag.py
[2025-08-29T02:41:20.447+0000] {logging_mixin.py:188} INFO - [2025-08-29T02:41:20.446+0000] {dag.py:3036} INFO - Sync 1 DAGs
[2025-08-29T02:41:20.474+0000] {logging_mixin.py:188} INFO - [2025-08-29T02:41:20.473+0000] {dag.py:3823} INFO - Setting next_dagrun for predict_api_every_5_minutes to 2025-08-29 02:35:00+00:00, run_after=2025-08-29 02:40:00+00:00
[2025-08-29T02:41:20.505+0000] {processor.py:183} INFO - Processing /opt/airflow/dags/predict_via_api_dag.py took 1.244 seconds
[2025-08-29T02:41:50.876+0000] {processor.py:161} INFO - Started process (PID=1201) to work on /opt/airflow/dags/predict_via_api_dag.py
[2025-08-29T02:41:50.877+0000] {processor.py:830} INFO - Processing file /opt/airflow/dags/predict_via_api_dag.py for tasks to queue
[2025-08-29T02:41:50.878+0000] {logging_mixin.py:188} INFO - [2025-08-29T02:41:50.878+0000] {dagbag.py:538} INFO - Filling up the DagBag from /opt/airflow/dags/predict_via_api_dag.py
[2025-08-29T02:41:51.864+0000] {processor.py:840} INFO - DAG(s) 'predict_api_every_5_minutes' retrieved from /opt/airflow/dags/predict_via_api_dag.py
[2025-08-29T02:41:51.893+0000] {logging_mixin.py:188} INFO - [2025-08-29T02:41:51.892+0000] {dag.py:3036} INFO - Sync 1 DAGs
[2025-08-29T02:41:51.920+0000] {logging_mixin.py:188} INFO - [2025-08-29T02:41:51.920+0000] {dag.py:3823} INFO - Setting next_dagrun for predict_api_every_5_minutes to 2025-08-29 02:35:00+00:00, run_after=2025-08-29 02:40:00+00:00
[2025-08-29T02:41:51.950+0000] {processor.py:183} INFO - Processing /opt/airflow/dags/predict_via_api_dag.py took 1.078 seconds
[2025-08-29T02:42:22.311+0000] {processor.py:161} INFO - Started process (PID=1240) to work on /opt/airflow/dags/predict_via_api_dag.py
[2025-08-29T02:42:22.313+0000] {processor.py:830} INFO - Processing file /opt/airflow/dags/predict_via_api_dag.py for tasks to queue
[2025-08-29T02:42:22.314+0000] {logging_mixin.py:188} INFO - [2025-08-29T02:42:22.314+0000] {dagbag.py:538} INFO - Filling up the DagBag from /opt/airflow/dags/predict_via_api_dag.py
[2025-08-29T02:42:23.578+0000] {processor.py:840} INFO - DAG(s) 'predict_api_every_5_minutes' retrieved from /opt/airflow/dags/predict_via_api_dag.py
[2025-08-29T02:42:23.618+0000] {logging_mixin.py:188} INFO - [2025-08-29T02:42:23.617+0000] {dag.py:3036} INFO - Sync 1 DAGs
[2025-08-29T02:42:23.651+0000] {logging_mixin.py:188} INFO - [2025-08-29T02:42:23.651+0000] {dag.py:3823} INFO - Setting next_dagrun for predict_api_every_5_minutes to 2025-08-29 02:35:00+00:00, run_after=2025-08-29 02:40:00+00:00
[2025-08-29T02:42:23.681+0000] {processor.py:183} INFO - Processing /opt/airflow/dags/predict_via_api_dag.py took 1.374 seconds
[2025-08-29T02:42:54.071+0000] {processor.py:161} INFO - Started process (PID=1279) to work on /opt/airflow/dags/predict_via_api_dag.py
[2025-08-29T02:42:54.073+0000] {processor.py:830} INFO - Processing file /opt/airflow/dags/predict_via_api_dag.py for tasks to queue
[2025-08-29T02:42:54.075+0000] {logging_mixin.py:188} INFO - [2025-08-29T02:42:54.075+0000] {dagbag.py:538} INFO - Filling up the DagBag from /opt/airflow/dags/predict_via_api_dag.py
[2025-08-29T02:42:55.142+0000] {processor.py:840} INFO - DAG(s) 'predict_api_every_5_minutes' retrieved from /opt/airflow/dags/predict_via_api_dag.py
[2025-08-29T02:42:55.180+0000] {logging_mixin.py:188} INFO - [2025-08-29T02:42:55.180+0000] {dag.py:3036} INFO - Sync 1 DAGs
[2025-08-29T02:42:55.218+0000] {logging_mixin.py:188} INFO - [2025-08-29T02:42:55.218+0000] {dag.py:3823} INFO - Setting next_dagrun for predict_api_every_5_minutes to 2025-08-29 02:35:00+00:00, run_after=2025-08-29 02:40:00+00:00
[2025-08-29T02:42:55.252+0000] {processor.py:183} INFO - Processing /opt/airflow/dags/predict_via_api_dag.py took 1.185 seconds
[2025-08-29T02:43:25.653+0000] {processor.py:161} INFO - Started process (PID=1318) to work on /opt/airflow/dags/predict_via_api_dag.py
[2025-08-29T02:43:25.654+0000] {processor.py:830} INFO - Processing file /opt/airflow/dags/predict_via_api_dag.py for tasks to queue
[2025-08-29T02:43:25.656+0000] {logging_mixin.py:188} INFO - [2025-08-29T02:43:25.656+0000] {dagbag.py:538} INFO - Filling up the DagBag from /opt/airflow/dags/predict_via_api_dag.py
[2025-08-29T02:43:27.003+0000] {processor.py:840} INFO - DAG(s) 'predict_api_every_5_minutes' retrieved from /opt/airflow/dags/predict_via_api_dag.py
[2025-08-29T02:43:27.045+0000] {logging_mixin.py:188} INFO - [2025-08-29T02:43:27.044+0000] {dag.py:3036} INFO - Sync 1 DAGs
[2025-08-29T02:43:27.074+0000] {logging_mixin.py:188} INFO - [2025-08-29T02:43:27.074+0000] {dag.py:3823} INFO - Setting next_dagrun for predict_api_every_5_minutes to 2025-08-29 02:35:00+00:00, run_after=2025-08-29 02:40:00+00:00
[2025-08-29T02:43:27.102+0000] {processor.py:183} INFO - Processing /opt/airflow/dags/predict_via_api_dag.py took 1.453 seconds
[2025-08-29T02:43:57.222+0000] {processor.py:161} INFO - Started process (PID=1361) to work on /opt/airflow/dags/predict_via_api_dag.py
[2025-08-29T02:43:57.224+0000] {processor.py:830} INFO - Processing file /opt/airflow/dags/predict_via_api_dag.py for tasks to queue
[2025-08-29T02:43:57.227+0000] {logging_mixin.py:188} INFO - [2025-08-29T02:43:57.226+0000] {dagbag.py:538} INFO - Filling up the DagBag from /opt/airflow/dags/predict_via_api_dag.py
[2025-08-29T02:43:58.647+0000] {processor.py:840} INFO - DAG(s) 'predict_api_every_5_minutes' retrieved from /opt/airflow/dags/predict_via_api_dag.py
[2025-08-29T02:43:58.685+0000] {logging_mixin.py:188} INFO - [2025-08-29T02:43:58.684+0000] {dag.py:3036} INFO - Sync 1 DAGs
[2025-08-29T02:43:58.719+0000] {logging_mixin.py:188} INFO - [2025-08-29T02:43:58.718+0000] {dag.py:3823} INFO - Setting next_dagrun for predict_api_every_5_minutes to 2025-08-29 02:35:00+00:00, run_after=2025-08-29 02:40:00+00:00
[2025-08-29T02:43:58.751+0000] {processor.py:183} INFO - Processing /opt/airflow/dags/predict_via_api_dag.py took 1.533 seconds
[2025-08-29T02:44:28.898+0000] {processor.py:161} INFO - Started process (PID=1399) to work on /opt/airflow/dags/predict_via_api_dag.py
[2025-08-29T02:44:28.899+0000] {processor.py:830} INFO - Processing file /opt/airflow/dags/predict_via_api_dag.py for tasks to queue
[2025-08-29T02:44:28.901+0000] {logging_mixin.py:188} INFO - [2025-08-29T02:44:28.901+0000] {dagbag.py:538} INFO - Filling up the DagBag from /opt/airflow/dags/predict_via_api_dag.py
[2025-08-29T02:44:30.169+0000] {processor.py:840} INFO - DAG(s) 'predict_api_every_5_minutes' retrieved from /opt/airflow/dags/predict_via_api_dag.py
[2025-08-29T02:44:30.209+0000] {logging_mixin.py:188} INFO - [2025-08-29T02:44:30.209+0000] {dag.py:3036} INFO - Sync 1 DAGs
[2025-08-29T02:44:30.241+0000] {logging_mixin.py:188} INFO - [2025-08-29T02:44:30.241+0000] {dag.py:3823} INFO - Setting next_dagrun for predict_api_every_5_minutes to 2025-08-29 02:35:00+00:00, run_after=2025-08-29 02:40:00+00:00
[2025-08-29T02:44:30.272+0000] {processor.py:183} INFO - Processing /opt/airflow/dags/predict_via_api_dag.py took 1.379 seconds
[2025-08-29T02:45:00.616+0000] {processor.py:161} INFO - Started process (PID=1438) to work on /opt/airflow/dags/predict_via_api_dag.py
[2025-08-29T02:45:00.617+0000] {processor.py:830} INFO - Processing file /opt/airflow/dags/predict_via_api_dag.py for tasks to queue
[2025-08-29T02:45:00.619+0000] {logging_mixin.py:188} INFO - [2025-08-29T02:45:00.618+0000] {dagbag.py:538} INFO - Filling up the DagBag from /opt/airflow/dags/predict_via_api_dag.py
[2025-08-29T02:45:01.739+0000] {processor.py:840} INFO - DAG(s) 'predict_api_every_5_minutes' retrieved from /opt/airflow/dags/predict_via_api_dag.py
[2025-08-29T02:45:01.776+0000] {logging_mixin.py:188} INFO - [2025-08-29T02:45:01.775+0000] {dag.py:3036} INFO - Sync 1 DAGs
[2025-08-29T02:45:01.814+0000] {logging_mixin.py:188} INFO - [2025-08-29T02:45:01.813+0000] {dag.py:3823} INFO - Setting next_dagrun for predict_api_every_5_minutes to 2025-08-29 02:40:00+00:00, run_after=2025-08-29 02:45:00+00:00
[2025-08-29T02:45:01.862+0000] {processor.py:183} INFO - Processing /opt/airflow/dags/predict_via_api_dag.py took 1.250 seconds
[2025-08-29T02:45:32.082+0000] {processor.py:161} INFO - Started process (PID=1477) to work on /opt/airflow/dags/predict_via_api_dag.py
[2025-08-29T02:45:32.084+0000] {processor.py:830} INFO - Processing file /opt/airflow/dags/predict_via_api_dag.py for tasks to queue
[2025-08-29T02:45:32.086+0000] {logging_mixin.py:188} INFO - [2025-08-29T02:45:32.085+0000] {dagbag.py:538} INFO - Filling up the DagBag from /opt/airflow/dags/predict_via_api_dag.py
[2025-08-29T02:45:33.206+0000] {processor.py:840} INFO - DAG(s) 'predict_api_every_5_minutes' retrieved from /opt/airflow/dags/predict_via_api_dag.py
[2025-08-29T02:45:33.240+0000] {logging_mixin.py:188} INFO - [2025-08-29T02:45:33.239+0000] {dag.py:3036} INFO - Sync 1 DAGs
[2025-08-29T02:45:33.273+0000] {logging_mixin.py:188} INFO - [2025-08-29T02:45:33.273+0000] {dag.py:3823} INFO - Setting next_dagrun for predict_api_every_5_minutes to 2025-08-29 02:40:00+00:00, run_after=2025-08-29 02:45:00+00:00
[2025-08-29T02:45:33.309+0000] {processor.py:183} INFO - Processing /opt/airflow/dags/predict_via_api_dag.py took 1.232 seconds
[2025-08-29T02:46:03.675+0000] {processor.py:161} INFO - Started process (PID=1526) to work on /opt/airflow/dags/predict_via_api_dag.py
[2025-08-29T02:46:03.677+0000] {processor.py:830} INFO - Processing file /opt/airflow/dags/predict_via_api_dag.py for tasks to queue
[2025-08-29T02:46:03.678+0000] {logging_mixin.py:188} INFO - [2025-08-29T02:46:03.678+0000] {dagbag.py:538} INFO - Filling up the DagBag from /opt/airflow/dags/predict_via_api_dag.py
[2025-08-29T02:46:04.827+0000] {processor.py:840} INFO - DAG(s) 'predict_api_every_5_minutes' retrieved from /opt/airflow/dags/predict_via_api_dag.py
[2025-08-29T02:46:04.862+0000] {logging_mixin.py:188} INFO - [2025-08-29T02:46:04.861+0000] {dag.py:3036} INFO - Sync 1 DAGs
[2025-08-29T02:46:04.891+0000] {logging_mixin.py:188} INFO - [2025-08-29T02:46:04.891+0000] {dag.py:3823} INFO - Setting next_dagrun for predict_api_every_5_minutes to 2025-08-29 02:40:00+00:00, run_after=2025-08-29 02:45:00+00:00
[2025-08-29T02:46:04.921+0000] {processor.py:183} INFO - Processing /opt/airflow/dags/predict_via_api_dag.py took 1.250 seconds
[2025-08-29T02:46:35.461+0000] {processor.py:161} INFO - Started process (PID=1578) to work on /opt/airflow/dags/predict_via_api_dag.py
[2025-08-29T02:46:35.463+0000] {processor.py:830} INFO - Processing file /opt/airflow/dags/predict_via_api_dag.py for tasks to queue
[2025-08-29T02:46:35.466+0000] {logging_mixin.py:188} INFO - [2025-08-29T02:46:35.465+0000] {dagbag.py:538} INFO - Filling up the DagBag from /opt/airflow/dags/predict_via_api_dag.py
[2025-08-29T02:46:36.905+0000] {processor.py:840} INFO - DAG(s) 'predict_api_every_5_minutes' retrieved from /opt/airflow/dags/predict_via_api_dag.py
[2025-08-29T02:46:36.942+0000] {logging_mixin.py:188} INFO - [2025-08-29T02:46:36.942+0000] {dag.py:3036} INFO - Sync 1 DAGs
[2025-08-29T02:46:36.973+0000] {logging_mixin.py:188} INFO - [2025-08-29T02:46:36.973+0000] {dag.py:3823} INFO - Setting next_dagrun for predict_api_every_5_minutes to 2025-08-29 02:40:00+00:00, run_after=2025-08-29 02:45:00+00:00
[2025-08-29T02:46:37.009+0000] {processor.py:183} INFO - Processing /opt/airflow/dags/predict_via_api_dag.py took 1.552 seconds
[2025-08-29T02:47:07.420+0000] {processor.py:161} INFO - Started process (PID=1617) to work on /opt/airflow/dags/predict_via_api_dag.py
[2025-08-29T02:47:07.422+0000] {processor.py:830} INFO - Processing file /opt/airflow/dags/predict_via_api_dag.py for tasks to queue
[2025-08-29T02:47:07.424+0000] {logging_mixin.py:188} INFO - [2025-08-29T02:47:07.424+0000] {dagbag.py:538} INFO - Filling up the DagBag from /opt/airflow/dags/predict_via_api_dag.py
[2025-08-29T02:47:08.658+0000] {processor.py:840} INFO - DAG(s) 'predict_api_every_5_minutes' retrieved from /opt/airflow/dags/predict_via_api_dag.py
[2025-08-29T02:47:08.694+0000] {logging_mixin.py:188} INFO - [2025-08-29T02:47:08.694+0000] {dag.py:3036} INFO - Sync 1 DAGs
[2025-08-29T02:47:08.729+0000] {logging_mixin.py:188} INFO - [2025-08-29T02:47:08.729+0000] {dag.py:3823} INFO - Setting next_dagrun for predict_api_every_5_minutes to 2025-08-29 02:40:00+00:00, run_after=2025-08-29 02:45:00+00:00
[2025-08-29T02:47:08.765+0000] {processor.py:183} INFO - Processing /opt/airflow/dags/predict_via_api_dag.py took 1.351 seconds
[2025-08-29T02:49:33.433+0000] {processor.py:161} INFO - Started process (PID=191) to work on /opt/airflow/dags/predict_via_api_dag.py
[2025-08-29T02:49:33.434+0000] {processor.py:830} INFO - Processing file /opt/airflow/dags/predict_via_api_dag.py for tasks to queue
[2025-08-29T02:49:33.436+0000] {logging_mixin.py:188} INFO - [2025-08-29T02:49:33.435+0000] {dagbag.py:538} INFO - Filling up the DagBag from /opt/airflow/dags/predict_via_api_dag.py
[2025-08-29T02:49:34.482+0000] {processor.py:840} INFO - DAG(s) 'predict_api_every_5_minutes' retrieved from /opt/airflow/dags/predict_via_api_dag.py
[2025-08-29T02:49:34.511+0000] {logging_mixin.py:188} INFO - [2025-08-29T02:49:34.510+0000] {dag.py:3036} INFO - Sync 1 DAGs
[2025-08-29T02:49:34.537+0000] {logging_mixin.py:188} INFO - [2025-08-29T02:49:34.537+0000] {dag.py:3823} INFO - Setting next_dagrun for predict_api_every_5_minutes to 2025-08-29 02:40:00+00:00, run_after=2025-08-29 02:45:00+00:00
[2025-08-29T02:49:34.564+0000] {processor.py:183} INFO - Processing /opt/airflow/dags/predict_via_api_dag.py took 1.135 seconds
[2025-08-29T02:50:06.196+0000] {processor.py:161} INFO - Started process (PID=243) to work on /opt/airflow/dags/predict_via_api_dag.py
[2025-08-29T02:50:06.198+0000] {processor.py:830} INFO - Processing file /opt/airflow/dags/predict_via_api_dag.py for tasks to queue
[2025-08-29T02:50:06.200+0000] {logging_mixin.py:188} INFO - [2025-08-29T02:50:06.199+0000] {dagbag.py:538} INFO - Filling up the DagBag from /opt/airflow/dags/predict_via_api_dag.py
[2025-08-29T02:50:07.660+0000] {processor.py:840} INFO - DAG(s) 'predict_api_every_5_minutes' retrieved from /opt/airflow/dags/predict_via_api_dag.py
[2025-08-29T02:50:07.694+0000] {logging_mixin.py:188} INFO - [2025-08-29T02:50:07.694+0000] {dag.py:3036} INFO - Sync 1 DAGs
[2025-08-29T02:50:07.719+0000] {logging_mixin.py:188} INFO - [2025-08-29T02:50:07.719+0000] {dag.py:3823} INFO - Setting next_dagrun for predict_api_every_5_minutes to 2025-08-29 02:45:00+00:00, run_after=2025-08-29 02:50:00+00:00
[2025-08-29T02:50:07.746+0000] {processor.py:183} INFO - Processing /opt/airflow/dags/predict_via_api_dag.py took 1.558 seconds
[2025-08-29T02:50:37.882+0000] {processor.py:161} INFO - Started process (PID=303) to work on /opt/airflow/dags/predict_via_api_dag.py
[2025-08-29T02:50:37.884+0000] {processor.py:830} INFO - Processing file /opt/airflow/dags/predict_via_api_dag.py for tasks to queue
[2025-08-29T02:50:37.887+0000] {logging_mixin.py:188} INFO - [2025-08-29T02:50:37.886+0000] {dagbag.py:538} INFO - Filling up the DagBag from /opt/airflow/dags/predict_via_api_dag.py
[2025-08-29T02:50:39.096+0000] {processor.py:840} INFO - DAG(s) 'predict_api_every_5_minutes' retrieved from /opt/airflow/dags/predict_via_api_dag.py
[2025-08-29T02:50:39.130+0000] {logging_mixin.py:188} INFO - [2025-08-29T02:50:39.130+0000] {dag.py:3036} INFO - Sync 1 DAGs
[2025-08-29T02:50:39.158+0000] {logging_mixin.py:188} INFO - [2025-08-29T02:50:39.158+0000] {dag.py:3823} INFO - Setting next_dagrun for predict_api_every_5_minutes to 2025-08-29 02:45:00+00:00, run_after=2025-08-29 02:50:00+00:00
[2025-08-29T02:50:39.189+0000] {processor.py:183} INFO - Processing /opt/airflow/dags/predict_via_api_dag.py took 1.311 seconds
[2025-08-29T02:51:09.960+0000] {processor.py:161} INFO - Started process (PID=335) to work on /opt/airflow/dags/predict_via_api_dag.py
[2025-08-29T02:51:09.961+0000] {processor.py:830} INFO - Processing file /opt/airflow/dags/predict_via_api_dag.py for tasks to queue
[2025-08-29T02:51:09.962+0000] {logging_mixin.py:188} INFO - [2025-08-29T02:51:09.962+0000] {dagbag.py:538} INFO - Filling up the DagBag from /opt/airflow/dags/predict_via_api_dag.py
[2025-08-29T02:51:11.022+0000] {processor.py:840} INFO - DAG(s) 'predict_api_every_5_minutes' retrieved from /opt/airflow/dags/predict_via_api_dag.py
[2025-08-29T02:51:11.056+0000] {logging_mixin.py:188} INFO - [2025-08-29T02:51:11.055+0000] {dag.py:3036} INFO - Sync 1 DAGs
[2025-08-29T02:51:11.087+0000] {logging_mixin.py:188} INFO - [2025-08-29T02:51:11.086+0000] {dag.py:3823} INFO - Setting next_dagrun for predict_api_every_5_minutes to 2025-08-29 02:45:00+00:00, run_after=2025-08-29 02:50:00+00:00
[2025-08-29T02:51:11.118+0000] {processor.py:183} INFO - Processing /opt/airflow/dags/predict_via_api_dag.py took 1.162 seconds
[2025-08-29T02:51:41.489+0000] {processor.py:161} INFO - Started process (PID=371) to work on /opt/airflow/dags/predict_via_api_dag.py
[2025-08-29T02:51:41.491+0000] {processor.py:830} INFO - Processing file /opt/airflow/dags/predict_via_api_dag.py for tasks to queue
[2025-08-29T02:51:41.493+0000] {logging_mixin.py:188} INFO - [2025-08-29T02:51:41.492+0000] {dagbag.py:538} INFO - Filling up the DagBag from /opt/airflow/dags/predict_via_api_dag.py
[2025-08-29T02:51:42.625+0000] {processor.py:840} INFO - DAG(s) 'predict_api_every_5_minutes' retrieved from /opt/airflow/dags/predict_via_api_dag.py
[2025-08-29T02:51:42.742+0000] {logging_mixin.py:188} INFO - [2025-08-29T02:51:42.741+0000] {dag.py:3036} INFO - Sync 1 DAGs
[2025-08-29T02:51:42.828+0000] {logging_mixin.py:188} INFO - [2025-08-29T02:51:42.827+0000] {dag.py:3823} INFO - Setting next_dagrun for predict_api_every_5_minutes to 2025-08-29 02:45:00+00:00, run_after=2025-08-29 02:50:00+00:00
[2025-08-29T02:51:42.896+0000] {processor.py:183} INFO - Processing /opt/airflow/dags/predict_via_api_dag.py took 1.411 seconds
[2025-08-29T02:52:13.853+0000] {processor.py:161} INFO - Started process (PID=401) to work on /opt/airflow/dags/predict_via_api_dag.py
[2025-08-29T02:52:13.856+0000] {processor.py:830} INFO - Processing file /opt/airflow/dags/predict_via_api_dag.py for tasks to queue
[2025-08-29T02:52:13.861+0000] {logging_mixin.py:188} INFO - [2025-08-29T02:52:13.860+0000] {dagbag.py:538} INFO - Filling up the DagBag from /opt/airflow/dags/predict_via_api_dag.py
[2025-08-29T02:52:15.935+0000] {processor.py:840} INFO - DAG(s) 'predict_api_every_5_minutes' retrieved from /opt/airflow/dags/predict_via_api_dag.py
[2025-08-29T02:52:15.988+0000] {logging_mixin.py:188} INFO - [2025-08-29T02:52:15.987+0000] {dag.py:3036} INFO - Sync 1 DAGs
[2025-08-29T02:52:16.037+0000] {logging_mixin.py:188} INFO - [2025-08-29T02:52:16.037+0000] {dag.py:3823} INFO - Setting next_dagrun for predict_api_every_5_minutes to 2025-08-29 02:45:00+00:00, run_after=2025-08-29 02:50:00+00:00
[2025-08-29T02:52:16.081+0000] {processor.py:183} INFO - Processing /opt/airflow/dags/predict_via_api_dag.py took 2.233 seconds
[2025-08-29T02:52:46.473+0000] {processor.py:161} INFO - Started process (PID=447) to work on /opt/airflow/dags/predict_via_api_dag.py
[2025-08-29T02:52:46.474+0000] {processor.py:830} INFO - Processing file /opt/airflow/dags/predict_via_api_dag.py for tasks to queue
[2025-08-29T02:52:46.476+0000] {logging_mixin.py:188} INFO - [2025-08-29T02:52:46.475+0000] {dagbag.py:538} INFO - Filling up the DagBag from /opt/airflow/dags/predict_via_api_dag.py
[2025-08-29T02:52:47.537+0000] {processor.py:840} INFO - DAG(s) 'predict_api_every_5_minutes' retrieved from /opt/airflow/dags/predict_via_api_dag.py
[2025-08-29T02:52:47.580+0000] {logging_mixin.py:188} INFO - [2025-08-29T02:52:47.579+0000] {dag.py:3036} INFO - Sync 1 DAGs
[2025-08-29T02:52:47.614+0000] {logging_mixin.py:188} INFO - [2025-08-29T02:52:47.614+0000] {dag.py:3823} INFO - Setting next_dagrun for predict_api_every_5_minutes to 2025-08-29 02:45:00+00:00, run_after=2025-08-29 02:50:00+00:00
[2025-08-29T02:52:47.740+0000] {processor.py:183} INFO - Processing /opt/airflow/dags/predict_via_api_dag.py took 1.273 seconds
[2025-08-29T02:53:17.911+0000] {processor.py:161} INFO - Started process (PID=488) to work on /opt/airflow/dags/predict_via_api_dag.py
[2025-08-29T02:53:17.913+0000] {processor.py:830} INFO - Processing file /opt/airflow/dags/predict_via_api_dag.py for tasks to queue
[2025-08-29T02:53:17.914+0000] {logging_mixin.py:188} INFO - [2025-08-29T02:53:17.914+0000] {dagbag.py:538} INFO - Filling up the DagBag from /opt/airflow/dags/predict_via_api_dag.py
[2025-08-29T02:53:18.856+0000] {processor.py:840} INFO - DAG(s) 'predict_api_every_5_minutes' retrieved from /opt/airflow/dags/predict_via_api_dag.py
[2025-08-29T02:53:18.906+0000] {logging_mixin.py:188} INFO - [2025-08-29T02:53:18.906+0000] {dag.py:3036} INFO - Sync 1 DAGs
[2025-08-29T02:53:18.943+0000] {logging_mixin.py:188} INFO - [2025-08-29T02:53:18.943+0000] {dag.py:3823} INFO - Setting next_dagrun for predict_api_every_5_minutes to 2025-08-29 02:45:00+00:00, run_after=2025-08-29 02:50:00+00:00
[2025-08-29T02:53:18.977+0000] {processor.py:183} INFO - Processing /opt/airflow/dags/predict_via_api_dag.py took 1.069 seconds
[2025-08-29T02:53:49.217+0000] {processor.py:161} INFO - Started process (PID=527) to work on /opt/airflow/dags/predict_via_api_dag.py
[2025-08-29T02:53:49.218+0000] {processor.py:830} INFO - Processing file /opt/airflow/dags/predict_via_api_dag.py for tasks to queue
[2025-08-29T02:53:49.220+0000] {logging_mixin.py:188} INFO - [2025-08-29T02:53:49.219+0000] {dagbag.py:538} INFO - Filling up the DagBag from /opt/airflow/dags/predict_via_api_dag.py
[2025-08-29T02:53:50.159+0000] {processor.py:840} INFO - DAG(s) 'predict_api_every_5_minutes' retrieved from /opt/airflow/dags/predict_via_api_dag.py
[2025-08-29T02:53:50.190+0000] {logging_mixin.py:188} INFO - [2025-08-29T02:53:50.189+0000] {dag.py:3036} INFO - Sync 1 DAGs
[2025-08-29T02:53:50.218+0000] {logging_mixin.py:188} INFO - [2025-08-29T02:53:50.218+0000] {dag.py:3823} INFO - Setting next_dagrun for predict_api_every_5_minutes to 2025-08-29 02:45:00+00:00, run_after=2025-08-29 02:50:00+00:00
[2025-08-29T02:53:50.248+0000] {processor.py:183} INFO - Processing /opt/airflow/dags/predict_via_api_dag.py took 1.034 seconds
[2025-08-29T02:54:20.567+0000] {processor.py:161} INFO - Started process (PID=564) to work on /opt/airflow/dags/predict_via_api_dag.py
[2025-08-29T02:54:20.569+0000] {processor.py:830} INFO - Processing file /opt/airflow/dags/predict_via_api_dag.py for tasks to queue
[2025-08-29T02:54:20.570+0000] {logging_mixin.py:188} INFO - [2025-08-29T02:54:20.570+0000] {dagbag.py:538} INFO - Filling up the DagBag from /opt/airflow/dags/predict_via_api_dag.py
[2025-08-29T02:54:21.550+0000] {processor.py:840} INFO - DAG(s) 'predict_api_every_5_minutes' retrieved from /opt/airflow/dags/predict_via_api_dag.py
[2025-08-29T02:54:21.577+0000] {logging_mixin.py:188} INFO - [2025-08-29T02:54:21.576+0000] {dag.py:3036} INFO - Sync 1 DAGs
[2025-08-29T02:54:21.601+0000] {logging_mixin.py:188} INFO - [2025-08-29T02:54:21.600+0000] {dag.py:3823} INFO - Setting next_dagrun for predict_api_every_5_minutes to 2025-08-29 02:45:00+00:00, run_after=2025-08-29 02:50:00+00:00
[2025-08-29T02:54:21.625+0000] {processor.py:183} INFO - Processing /opt/airflow/dags/predict_via_api_dag.py took 1.064 seconds
[2025-08-29T02:54:51.834+0000] {processor.py:161} INFO - Started process (PID=603) to work on /opt/airflow/dags/predict_via_api_dag.py
[2025-08-29T02:54:51.836+0000] {processor.py:830} INFO - Processing file /opt/airflow/dags/predict_via_api_dag.py for tasks to queue
[2025-08-29T02:54:51.840+0000] {logging_mixin.py:188} INFO - [2025-08-29T02:54:51.839+0000] {dagbag.py:538} INFO - Filling up the DagBag from /opt/airflow/dags/predict_via_api_dag.py
[2025-08-29T02:54:52.857+0000] {processor.py:840} INFO - DAG(s) 'predict_api_every_5_minutes' retrieved from /opt/airflow/dags/predict_via_api_dag.py
[2025-08-29T02:54:52.893+0000] {logging_mixin.py:188} INFO - [2025-08-29T02:54:52.893+0000] {dag.py:3036} INFO - Sync 1 DAGs
[2025-08-29T02:54:52.919+0000] {logging_mixin.py:188} INFO - [2025-08-29T02:54:52.918+0000] {dag.py:3823} INFO - Setting next_dagrun for predict_api_every_5_minutes to 2025-08-29 02:45:00+00:00, run_after=2025-08-29 02:50:00+00:00
[2025-08-29T02:54:52.943+0000] {processor.py:183} INFO - Processing /opt/airflow/dags/predict_via_api_dag.py took 1.115 seconds
[2025-08-29T02:55:23.260+0000] {processor.py:161} INFO - Started process (PID=653) to work on /opt/airflow/dags/predict_via_api_dag.py
[2025-08-29T02:55:23.262+0000] {processor.py:830} INFO - Processing file /opt/airflow/dags/predict_via_api_dag.py for tasks to queue
[2025-08-29T02:55:23.264+0000] {logging_mixin.py:188} INFO - [2025-08-29T02:55:23.263+0000] {dagbag.py:538} INFO - Filling up the DagBag from /opt/airflow/dags/predict_via_api_dag.py
[2025-08-29T02:55:24.204+0000] {processor.py:840} INFO - DAG(s) 'predict_api_every_5_minutes' retrieved from /opt/airflow/dags/predict_via_api_dag.py
[2025-08-29T02:55:24.238+0000] {logging_mixin.py:188} INFO - [2025-08-29T02:55:24.238+0000] {dag.py:3036} INFO - Sync 1 DAGs
[2025-08-29T02:55:24.267+0000] {logging_mixin.py:188} INFO - [2025-08-29T02:55:24.266+0000] {dag.py:3823} INFO - Setting next_dagrun for predict_api_every_5_minutes to 2025-08-29 02:50:00+00:00, run_after=2025-08-29 02:55:00+00:00
[2025-08-29T02:55:24.316+0000] {processor.py:183} INFO - Processing /opt/airflow/dags/predict_via_api_dag.py took 1.062 seconds
[2025-08-29T02:55:54.758+0000] {processor.py:161} INFO - Started process (PID=692) to work on /opt/airflow/dags/predict_via_api_dag.py
[2025-08-29T02:55:54.760+0000] {processor.py:830} INFO - Processing file /opt/airflow/dags/predict_via_api_dag.py for tasks to queue
[2025-08-29T02:55:54.763+0000] {logging_mixin.py:188} INFO - [2025-08-29T02:55:54.762+0000] {dagbag.py:538} INFO - Filling up the DagBag from /opt/airflow/dags/predict_via_api_dag.py
[2025-08-29T02:55:55.999+0000] {processor.py:840} INFO - DAG(s) 'predict_api_every_5_minutes' retrieved from /opt/airflow/dags/predict_via_api_dag.py
[2025-08-29T02:55:56.032+0000] {logging_mixin.py:188} INFO - [2025-08-29T02:55:56.031+0000] {dag.py:3036} INFO - Sync 1 DAGs
[2025-08-29T02:55:56.060+0000] {logging_mixin.py:188} INFO - [2025-08-29T02:55:56.059+0000] {dag.py:3823} INFO - Setting next_dagrun for predict_api_every_5_minutes to 2025-08-29 02:50:00+00:00, run_after=2025-08-29 02:55:00+00:00
[2025-08-29T02:55:56.090+0000] {processor.py:183} INFO - Processing /opt/airflow/dags/predict_via_api_dag.py took 1.339 seconds
[2025-08-29T02:56:26.483+0000] {processor.py:161} INFO - Started process (PID=724) to work on /opt/airflow/dags/predict_via_api_dag.py
[2025-08-29T02:56:26.485+0000] {processor.py:830} INFO - Processing file /opt/airflow/dags/predict_via_api_dag.py for tasks to queue
[2025-08-29T02:56:26.487+0000] {logging_mixin.py:188} INFO - [2025-08-29T02:56:26.486+0000] {dagbag.py:538} INFO - Filling up the DagBag from /opt/airflow/dags/predict_via_api_dag.py
[2025-08-29T02:56:28.040+0000] {processor.py:840} INFO - DAG(s) 'predict_api_every_5_minutes' retrieved from /opt/airflow/dags/predict_via_api_dag.py
[2025-08-29T02:56:28.074+0000] {logging_mixin.py:188} INFO - [2025-08-29T02:56:28.074+0000] {dag.py:3036} INFO - Sync 1 DAGs
[2025-08-29T02:56:28.108+0000] {logging_mixin.py:188} INFO - [2025-08-29T02:56:28.107+0000] {dag.py:3823} INFO - Setting next_dagrun for predict_api_every_5_minutes to 2025-08-29 02:50:00+00:00, run_after=2025-08-29 02:55:00+00:00
[2025-08-29T02:56:28.142+0000] {processor.py:183} INFO - Processing /opt/airflow/dags/predict_via_api_dag.py took 1.663 seconds
[2025-08-29T02:56:58.514+0000] {processor.py:161} INFO - Started process (PID=770) to work on /opt/airflow/dags/predict_via_api_dag.py
[2025-08-29T02:56:58.516+0000] {processor.py:830} INFO - Processing file /opt/airflow/dags/predict_via_api_dag.py for tasks to queue
[2025-08-29T02:56:58.518+0000] {logging_mixin.py:188} INFO - [2025-08-29T02:56:58.518+0000] {dagbag.py:538} INFO - Filling up the DagBag from /opt/airflow/dags/predict_via_api_dag.py
[2025-08-29T02:56:59.914+0000] {processor.py:840} INFO - DAG(s) 'predict_api_every_5_minutes' retrieved from /opt/airflow/dags/predict_via_api_dag.py
[2025-08-29T02:56:59.967+0000] {logging_mixin.py:188} INFO - [2025-08-29T02:56:59.966+0000] {dag.py:3036} INFO - Sync 1 DAGs
[2025-08-29T02:57:00.001+0000] {logging_mixin.py:188} INFO - [2025-08-29T02:57:00.001+0000] {dag.py:3823} INFO - Setting next_dagrun for predict_api_every_5_minutes to 2025-08-29 02:50:00+00:00, run_after=2025-08-29 02:55:00+00:00
[2025-08-29T02:57:00.043+0000] {processor.py:183} INFO - Processing /opt/airflow/dags/predict_via_api_dag.py took 1.535 seconds
[2025-08-29T02:57:30.223+0000] {processor.py:161} INFO - Started process (PID=809) to work on /opt/airflow/dags/predict_via_api_dag.py
[2025-08-29T02:57:30.225+0000] {processor.py:830} INFO - Processing file /opt/airflow/dags/predict_via_api_dag.py for tasks to queue
[2025-08-29T02:57:30.226+0000] {logging_mixin.py:188} INFO - [2025-08-29T02:57:30.226+0000] {dagbag.py:538} INFO - Filling up the DagBag from /opt/airflow/dags/predict_via_api_dag.py
[2025-08-29T02:57:31.101+0000] {processor.py:840} INFO - DAG(s) 'predict_api_every_5_minutes' retrieved from /opt/airflow/dags/predict_via_api_dag.py
[2025-08-29T02:57:31.129+0000] {logging_mixin.py:188} INFO - [2025-08-29T02:57:31.129+0000] {dag.py:3036} INFO - Sync 1 DAGs
[2025-08-29T02:57:31.155+0000] {logging_mixin.py:188} INFO - [2025-08-29T02:57:31.155+0000] {dag.py:3823} INFO - Setting next_dagrun for predict_api_every_5_minutes to 2025-08-29 02:50:00+00:00, run_after=2025-08-29 02:55:00+00:00
[2025-08-29T02:57:31.182+0000] {processor.py:183} INFO - Processing /opt/airflow/dags/predict_via_api_dag.py took 0.964 seconds
[2025-08-29T02:58:01.555+0000] {processor.py:161} INFO - Started process (PID=848) to work on /opt/airflow/dags/predict_via_api_dag.py
[2025-08-29T02:58:01.557+0000] {processor.py:830} INFO - Processing file /opt/airflow/dags/predict_via_api_dag.py for tasks to queue
[2025-08-29T02:58:01.558+0000] {logging_mixin.py:188} INFO - [2025-08-29T02:58:01.558+0000] {dagbag.py:538} INFO - Filling up the DagBag from /opt/airflow/dags/predict_via_api_dag.py
[2025-08-29T02:58:02.395+0000] {processor.py:840} INFO - DAG(s) 'predict_api_every_5_minutes' retrieved from /opt/airflow/dags/predict_via_api_dag.py
[2025-08-29T02:58:02.422+0000] {logging_mixin.py:188} INFO - [2025-08-29T02:58:02.422+0000] {dag.py:3036} INFO - Sync 1 DAGs
[2025-08-29T02:58:02.446+0000] {logging_mixin.py:188} INFO - [2025-08-29T02:58:02.446+0000] {dag.py:3823} INFO - Setting next_dagrun for predict_api_every_5_minutes to 2025-08-29 02:50:00+00:00, run_after=2025-08-29 02:55:00+00:00
[2025-08-29T02:58:02.512+0000] {processor.py:183} INFO - Processing /opt/airflow/dags/predict_via_api_dag.py took 0.962 seconds
[2025-08-29T02:58:32.943+0000] {processor.py:161} INFO - Started process (PID=887) to work on /opt/airflow/dags/predict_via_api_dag.py
[2025-08-29T02:58:32.944+0000] {processor.py:830} INFO - Processing file /opt/airflow/dags/predict_via_api_dag.py for tasks to queue
[2025-08-29T02:58:32.946+0000] {logging_mixin.py:188} INFO - [2025-08-29T02:58:32.946+0000] {dagbag.py:538} INFO - Filling up the DagBag from /opt/airflow/dags/predict_via_api_dag.py
[2025-08-29T02:58:33.890+0000] {processor.py:840} INFO - DAG(s) 'predict_api_every_5_minutes' retrieved from /opt/airflow/dags/predict_via_api_dag.py
[2025-08-29T02:58:33.919+0000] {logging_mixin.py:188} INFO - [2025-08-29T02:58:33.918+0000] {dag.py:3036} INFO - Sync 1 DAGs
[2025-08-29T02:58:33.946+0000] {logging_mixin.py:188} INFO - [2025-08-29T02:58:33.946+0000] {dag.py:3823} INFO - Setting next_dagrun for predict_api_every_5_minutes to 2025-08-29 02:50:00+00:00, run_after=2025-08-29 02:55:00+00:00
[2025-08-29T02:58:33.976+0000] {processor.py:183} INFO - Processing /opt/airflow/dags/predict_via_api_dag.py took 1.038 seconds
[2025-08-29T02:59:04.321+0000] {processor.py:161} INFO - Started process (PID=926) to work on /opt/airflow/dags/predict_via_api_dag.py
[2025-08-29T02:59:04.323+0000] {processor.py:830} INFO - Processing file /opt/airflow/dags/predict_via_api_dag.py for tasks to queue
[2025-08-29T02:59:04.325+0000] {logging_mixin.py:188} INFO - [2025-08-29T02:59:04.324+0000] {dagbag.py:538} INFO - Filling up the DagBag from /opt/airflow/dags/predict_via_api_dag.py
[2025-08-29T02:59:05.204+0000] {processor.py:840} INFO - DAG(s) 'predict_api_every_5_minutes' retrieved from /opt/airflow/dags/predict_via_api_dag.py
[2025-08-29T02:59:05.232+0000] {logging_mixin.py:188} INFO - [2025-08-29T02:59:05.231+0000] {dag.py:3036} INFO - Sync 1 DAGs
[2025-08-29T02:59:05.258+0000] {logging_mixin.py:188} INFO - [2025-08-29T02:59:05.258+0000] {dag.py:3823} INFO - Setting next_dagrun for predict_api_every_5_minutes to 2025-08-29 02:50:00+00:00, run_after=2025-08-29 02:55:00+00:00
[2025-08-29T02:59:05.283+0000] {processor.py:183} INFO - Processing /opt/airflow/dags/predict_via_api_dag.py took 0.967 seconds
[2025-08-29T02:59:35.416+0000] {processor.py:161} INFO - Started process (PID=965) to work on /opt/airflow/dags/predict_via_api_dag.py
[2025-08-29T02:59:35.417+0000] {processor.py:830} INFO - Processing file /opt/airflow/dags/predict_via_api_dag.py for tasks to queue
[2025-08-29T02:59:35.419+0000] {logging_mixin.py:188} INFO - [2025-08-29T02:59:35.418+0000] {dagbag.py:538} INFO - Filling up the DagBag from /opt/airflow/dags/predict_via_api_dag.py
[2025-08-29T02:59:36.296+0000] {processor.py:840} INFO - DAG(s) 'predict_api_every_5_minutes' retrieved from /opt/airflow/dags/predict_via_api_dag.py
[2025-08-29T02:59:36.322+0000] {logging_mixin.py:188} INFO - [2025-08-29T02:59:36.322+0000] {dag.py:3036} INFO - Sync 1 DAGs
[2025-08-29T02:59:36.347+0000] {logging_mixin.py:188} INFO - [2025-08-29T02:59:36.346+0000] {dag.py:3823} INFO - Setting next_dagrun for predict_api_every_5_minutes to 2025-08-29 02:50:00+00:00, run_after=2025-08-29 02:55:00+00:00
[2025-08-29T02:59:36.380+0000] {processor.py:183} INFO - Processing /opt/airflow/dags/predict_via_api_dag.py took 0.970 seconds
[2025-08-29T03:00:06.522+0000] {processor.py:161} INFO - Started process (PID=1008) to work on /opt/airflow/dags/predict_via_api_dag.py
[2025-08-29T03:00:06.524+0000] {processor.py:830} INFO - Processing file /opt/airflow/dags/predict_via_api_dag.py for tasks to queue
[2025-08-29T03:00:06.526+0000] {logging_mixin.py:188} INFO - [2025-08-29T03:00:06.526+0000] {dagbag.py:538} INFO - Filling up the DagBag from /opt/airflow/dags/predict_via_api_dag.py
[2025-08-29T03:00:07.663+0000] {processor.py:840} INFO - DAG(s) 'predict_api_every_5_minutes' retrieved from /opt/airflow/dags/predict_via_api_dag.py
[2025-08-29T03:00:07.691+0000] {logging_mixin.py:188} INFO - [2025-08-29T03:00:07.691+0000] {dag.py:3036} INFO - Sync 1 DAGs
[2025-08-29T03:00:07.714+0000] {logging_mixin.py:188} INFO - [2025-08-29T03:00:07.714+0000] {dag.py:3823} INFO - Setting next_dagrun for predict_api_every_5_minutes to 2025-08-29 02:55:00+00:00, run_after=2025-08-29 03:00:00+00:00
[2025-08-29T03:00:07.745+0000] {processor.py:183} INFO - Processing /opt/airflow/dags/predict_via_api_dag.py took 1.231 seconds
[2025-08-29T03:00:38.380+0000] {processor.py:161} INFO - Started process (PID=1054) to work on /opt/airflow/dags/predict_via_api_dag.py
[2025-08-29T03:00:38.381+0000] {processor.py:830} INFO - Processing file /opt/airflow/dags/predict_via_api_dag.py for tasks to queue
[2025-08-29T03:00:38.384+0000] {logging_mixin.py:188} INFO - [2025-08-29T03:00:38.383+0000] {dagbag.py:538} INFO - Filling up the DagBag from /opt/airflow/dags/predict_via_api_dag.py
[2025-08-29T03:00:39.248+0000] {processor.py:840} INFO - DAG(s) 'predict_api_every_5_minutes' retrieved from /opt/airflow/dags/predict_via_api_dag.py
[2025-08-29T03:00:39.274+0000] {logging_mixin.py:188} INFO - [2025-08-29T03:00:39.274+0000] {dag.py:3036} INFO - Sync 1 DAGs
[2025-08-29T03:00:39.298+0000] {logging_mixin.py:188} INFO - [2025-08-29T03:00:39.298+0000] {dag.py:3823} INFO - Setting next_dagrun for predict_api_every_5_minutes to 2025-08-29 02:55:00+00:00, run_after=2025-08-29 03:00:00+00:00
[2025-08-29T03:00:39.346+0000] {processor.py:183} INFO - Processing /opt/airflow/dags/predict_via_api_dag.py took 0.971 seconds
[2025-08-29T03:01:09.675+0000] {processor.py:161} INFO - Started process (PID=1093) to work on /opt/airflow/dags/predict_via_api_dag.py
[2025-08-29T03:01:09.676+0000] {processor.py:830} INFO - Processing file /opt/airflow/dags/predict_via_api_dag.py for tasks to queue
[2025-08-29T03:01:09.678+0000] {logging_mixin.py:188} INFO - [2025-08-29T03:01:09.678+0000] {dagbag.py:538} INFO - Filling up the DagBag from /opt/airflow/dags/predict_via_api_dag.py
[2025-08-29T03:01:10.769+0000] {processor.py:840} INFO - DAG(s) 'predict_api_every_5_minutes' retrieved from /opt/airflow/dags/predict_via_api_dag.py
[2025-08-29T03:01:10.795+0000] {logging_mixin.py:188} INFO - [2025-08-29T03:01:10.795+0000] {dag.py:3036} INFO - Sync 1 DAGs
[2025-08-29T03:01:10.823+0000] {logging_mixin.py:188} INFO - [2025-08-29T03:01:10.823+0000] {dag.py:3823} INFO - Setting next_dagrun for predict_api_every_5_minutes to 2025-08-29 02:55:00+00:00, run_after=2025-08-29 03:00:00+00:00
[2025-08-29T03:01:10.855+0000] {processor.py:183} INFO - Processing /opt/airflow/dags/predict_via_api_dag.py took 1.185 seconds
[2025-08-29T03:01:41.230+0000] {processor.py:161} INFO - Started process (PID=1132) to work on /opt/airflow/dags/predict_via_api_dag.py
[2025-08-29T03:01:41.232+0000] {processor.py:830} INFO - Processing file /opt/airflow/dags/predict_via_api_dag.py for tasks to queue
[2025-08-29T03:01:41.234+0000] {logging_mixin.py:188} INFO - [2025-08-29T03:01:41.233+0000] {dagbag.py:538} INFO - Filling up the DagBag from /opt/airflow/dags/predict_via_api_dag.py
[2025-08-29T03:01:42.140+0000] {processor.py:840} INFO - DAG(s) 'predict_api_every_5_minutes' retrieved from /opt/airflow/dags/predict_via_api_dag.py
[2025-08-29T03:01:42.167+0000] {logging_mixin.py:188} INFO - [2025-08-29T03:01:42.166+0000] {dag.py:3036} INFO - Sync 1 DAGs
[2025-08-29T03:01:42.192+0000] {logging_mixin.py:188} INFO - [2025-08-29T03:01:42.192+0000] {dag.py:3823} INFO - Setting next_dagrun for predict_api_every_5_minutes to 2025-08-29 02:55:00+00:00, run_after=2025-08-29 03:00:00+00:00
[2025-08-29T03:01:42.224+0000] {processor.py:183} INFO - Processing /opt/airflow/dags/predict_via_api_dag.py took 0.998 seconds
[2025-08-29T03:02:12.563+0000] {processor.py:161} INFO - Started process (PID=1171) to work on /opt/airflow/dags/predict_via_api_dag.py
[2025-08-29T03:02:12.565+0000] {processor.py:830} INFO - Processing file /opt/airflow/dags/predict_via_api_dag.py for tasks to queue
[2025-08-29T03:02:12.566+0000] {logging_mixin.py:188} INFO - [2025-08-29T03:02:12.566+0000] {dagbag.py:538} INFO - Filling up the DagBag from /opt/airflow/dags/predict_via_api_dag.py
[2025-08-29T03:02:13.439+0000] {processor.py:840} INFO - DAG(s) 'predict_api_every_5_minutes' retrieved from /opt/airflow/dags/predict_via_api_dag.py
[2025-08-29T03:02:13.468+0000] {logging_mixin.py:188} INFO - [2025-08-29T03:02:13.468+0000] {dag.py:3036} INFO - Sync 1 DAGs
[2025-08-29T03:02:13.492+0000] {logging_mixin.py:188} INFO - [2025-08-29T03:02:13.492+0000] {dag.py:3823} INFO - Setting next_dagrun for predict_api_every_5_minutes to 2025-08-29 02:55:00+00:00, run_after=2025-08-29 03:00:00+00:00
[2025-08-29T03:02:13.518+0000] {processor.py:183} INFO - Processing /opt/airflow/dags/predict_via_api_dag.py took 0.961 seconds
[2025-08-29T03:02:43.885+0000] {processor.py:161} INFO - Started process (PID=1210) to work on /opt/airflow/dags/predict_via_api_dag.py
[2025-08-29T03:02:43.887+0000] {processor.py:830} INFO - Processing file /opt/airflow/dags/predict_via_api_dag.py for tasks to queue
[2025-08-29T03:02:43.888+0000] {logging_mixin.py:188} INFO - [2025-08-29T03:02:43.888+0000] {dagbag.py:538} INFO - Filling up the DagBag from /opt/airflow/dags/predict_via_api_dag.py
[2025-08-29T03:02:44.792+0000] {processor.py:840} INFO - DAG(s) 'predict_api_every_5_minutes' retrieved from /opt/airflow/dags/predict_via_api_dag.py
[2025-08-29T03:02:44.819+0000] {logging_mixin.py:188} INFO - [2025-08-29T03:02:44.818+0000] {dag.py:3036} INFO - Sync 1 DAGs
[2025-08-29T03:02:44.842+0000] {logging_mixin.py:188} INFO - [2025-08-29T03:02:44.842+0000] {dag.py:3823} INFO - Setting next_dagrun for predict_api_every_5_minutes to 2025-08-29 02:55:00+00:00, run_after=2025-08-29 03:00:00+00:00
[2025-08-29T03:02:44.868+0000] {processor.py:183} INFO - Processing /opt/airflow/dags/predict_via_api_dag.py took 0.988 seconds
[2025-08-29T03:03:15.215+0000] {processor.py:161} INFO - Started process (PID=1249) to work on /opt/airflow/dags/predict_via_api_dag.py
[2025-08-29T03:03:15.217+0000] {processor.py:830} INFO - Processing file /opt/airflow/dags/predict_via_api_dag.py for tasks to queue
[2025-08-29T03:03:15.218+0000] {logging_mixin.py:188} INFO - [2025-08-29T03:03:15.218+0000] {dagbag.py:538} INFO - Filling up the DagBag from /opt/airflow/dags/predict_via_api_dag.py
[2025-08-29T03:03:16.166+0000] {processor.py:840} INFO - DAG(s) 'predict_api_every_5_minutes' retrieved from /opt/airflow/dags/predict_via_api_dag.py
[2025-08-29T03:03:16.192+0000] {logging_mixin.py:188} INFO - [2025-08-29T03:03:16.192+0000] {dag.py:3036} INFO - Sync 1 DAGs
[2025-08-29T03:03:16.217+0000] {logging_mixin.py:188} INFO - [2025-08-29T03:03:16.217+0000] {dag.py:3823} INFO - Setting next_dagrun for predict_api_every_5_minutes to 2025-08-29 02:55:00+00:00, run_after=2025-08-29 03:00:00+00:00
[2025-08-29T03:03:16.264+0000] {processor.py:183} INFO - Processing /opt/airflow/dags/predict_via_api_dag.py took 1.055 seconds
[2025-08-29T03:03:46.594+0000] {processor.py:161} INFO - Started process (PID=1288) to work on /opt/airflow/dags/predict_via_api_dag.py
[2025-08-29T03:03:46.595+0000] {processor.py:830} INFO - Processing file /opt/airflow/dags/predict_via_api_dag.py for tasks to queue
[2025-08-29T03:03:46.597+0000] {logging_mixin.py:188} INFO - [2025-08-29T03:03:46.597+0000] {dagbag.py:538} INFO - Filling up the DagBag from /opt/airflow/dags/predict_via_api_dag.py
[2025-08-29T03:03:47.577+0000] {processor.py:840} INFO - DAG(s) 'predict_api_every_5_minutes' retrieved from /opt/airflow/dags/predict_via_api_dag.py
[2025-08-29T03:03:47.604+0000] {logging_mixin.py:188} INFO - [2025-08-29T03:03:47.604+0000] {dag.py:3036} INFO - Sync 1 DAGs
[2025-08-29T03:03:47.629+0000] {logging_mixin.py:188} INFO - [2025-08-29T03:03:47.629+0000] {dag.py:3823} INFO - Setting next_dagrun for predict_api_every_5_minutes to 2025-08-29 02:55:00+00:00, run_after=2025-08-29 03:00:00+00:00
[2025-08-29T03:03:47.667+0000] {processor.py:183} INFO - Processing /opt/airflow/dags/predict_via_api_dag.py took 1.078 seconds
[2025-08-29T03:04:18.017+0000] {processor.py:161} INFO - Started process (PID=1327) to work on /opt/airflow/dags/predict_via_api_dag.py
[2025-08-29T03:04:18.020+0000] {processor.py:830} INFO - Processing file /opt/airflow/dags/predict_via_api_dag.py for tasks to queue
[2025-08-29T03:04:18.022+0000] {logging_mixin.py:188} INFO - [2025-08-29T03:04:18.021+0000] {dagbag.py:538} INFO - Filling up the DagBag from /opt/airflow/dags/predict_via_api_dag.py
[2025-08-29T03:04:18.922+0000] {processor.py:840} INFO - DAG(s) 'predict_api_every_5_minutes' retrieved from /opt/airflow/dags/predict_via_api_dag.py
[2025-08-29T03:04:18.954+0000] {logging_mixin.py:188} INFO - [2025-08-29T03:04:18.954+0000] {dag.py:3036} INFO - Sync 1 DAGs
[2025-08-29T03:04:18.977+0000] {logging_mixin.py:188} INFO - [2025-08-29T03:04:18.976+0000] {dag.py:3823} INFO - Setting next_dagrun for predict_api_every_5_minutes to 2025-08-29 02:55:00+00:00, run_after=2025-08-29 03:00:00+00:00
[2025-08-29T03:04:19.001+0000] {processor.py:183} INFO - Processing /opt/airflow/dags/predict_via_api_dag.py took 0.991 seconds
[2025-08-29T03:04:49.074+0000] {processor.py:161} INFO - Started process (PID=1366) to work on /opt/airflow/dags/predict_via_api_dag.py
[2025-08-29T03:04:49.076+0000] {processor.py:830} INFO - Processing file /opt/airflow/dags/predict_via_api_dag.py for tasks to queue
[2025-08-29T03:04:49.078+0000] {logging_mixin.py:188} INFO - [2025-08-29T03:04:49.077+0000] {dagbag.py:538} INFO - Filling up the DagBag from /opt/airflow/dags/predict_via_api_dag.py
[2025-08-29T03:04:50.007+0000] {processor.py:840} INFO - DAG(s) 'predict_api_every_5_minutes' retrieved from /opt/airflow/dags/predict_via_api_dag.py
[2025-08-29T03:04:50.033+0000] {logging_mixin.py:188} INFO - [2025-08-29T03:04:50.033+0000] {dag.py:3036} INFO - Sync 1 DAGs
[2025-08-29T03:04:50.055+0000] {logging_mixin.py:188} INFO - [2025-08-29T03:04:50.054+0000] {dag.py:3823} INFO - Setting next_dagrun for predict_api_every_5_minutes to 2025-08-29 02:55:00+00:00, run_after=2025-08-29 03:00:00+00:00
[2025-08-29T03:04:50.080+0000] {processor.py:183} INFO - Processing /opt/airflow/dags/predict_via_api_dag.py took 1.011 seconds
[2025-08-29T03:05:20.736+0000] {processor.py:161} INFO - Started process (PID=1418) to work on /opt/airflow/dags/predict_via_api_dag.py
[2025-08-29T03:05:20.737+0000] {processor.py:830} INFO - Processing file /opt/airflow/dags/predict_via_api_dag.py for tasks to queue
[2025-08-29T03:05:20.739+0000] {logging_mixin.py:188} INFO - [2025-08-29T03:05:20.739+0000] {dagbag.py:538} INFO - Filling up the DagBag from /opt/airflow/dags/predict_via_api_dag.py
[2025-08-29T03:05:21.603+0000] {processor.py:840} INFO - DAG(s) 'predict_api_every_5_minutes' retrieved from /opt/airflow/dags/predict_via_api_dag.py
[2025-08-29T03:05:21.631+0000] {logging_mixin.py:188} INFO - [2025-08-29T03:05:21.631+0000] {dag.py:3036} INFO - Sync 1 DAGs
[2025-08-29T03:05:21.657+0000] {logging_mixin.py:188} INFO - [2025-08-29T03:05:21.657+0000] {dag.py:3823} INFO - Setting next_dagrun for predict_api_every_5_minutes to 2025-08-29 03:00:00+00:00, run_after=2025-08-29 03:05:00+00:00
[2025-08-29T03:05:21.683+0000] {processor.py:183} INFO - Processing /opt/airflow/dags/predict_via_api_dag.py took 0.950 seconds
[2025-08-29T03:05:52.001+0000] {processor.py:161} INFO - Started process (PID=1455) to work on /opt/airflow/dags/predict_via_api_dag.py
[2025-08-29T03:05:52.004+0000] {processor.py:830} INFO - Processing file /opt/airflow/dags/predict_via_api_dag.py for tasks to queue
[2025-08-29T03:05:52.006+0000] {logging_mixin.py:188} INFO - [2025-08-29T03:05:52.005+0000] {dagbag.py:538} INFO - Filling up the DagBag from /opt/airflow/dags/predict_via_api_dag.py
[2025-08-29T03:05:52.863+0000] {processor.py:840} INFO - DAG(s) 'predict_api_every_5_minutes' retrieved from /opt/airflow/dags/predict_via_api_dag.py
[2025-08-29T03:05:52.889+0000] {logging_mixin.py:188} INFO - [2025-08-29T03:05:52.888+0000] {dag.py:3036} INFO - Sync 1 DAGs
[2025-08-29T03:05:52.912+0000] {logging_mixin.py:188} INFO - [2025-08-29T03:05:52.912+0000] {dag.py:3823} INFO - Setting next_dagrun for predict_api_every_5_minutes to 2025-08-29 03:00:00+00:00, run_after=2025-08-29 03:05:00+00:00
[2025-08-29T03:05:52.936+0000] {processor.py:183} INFO - Processing /opt/airflow/dags/predict_via_api_dag.py took 0.939 seconds
[2025-08-29T03:06:23.631+0000] {processor.py:161} INFO - Started process (PID=1494) to work on /opt/airflow/dags/predict_via_api_dag.py
[2025-08-29T03:06:23.633+0000] {processor.py:830} INFO - Processing file /opt/airflow/dags/predict_via_api_dag.py for tasks to queue
[2025-08-29T03:06:23.635+0000] {logging_mixin.py:188} INFO - [2025-08-29T03:06:23.634+0000] {dagbag.py:538} INFO - Filling up the DagBag from /opt/airflow/dags/predict_via_api_dag.py
[2025-08-29T03:06:24.860+0000] {processor.py:840} INFO - DAG(s) 'predict_api_every_5_minutes' retrieved from /opt/airflow/dags/predict_via_api_dag.py
[2025-08-29T03:06:24.900+0000] {logging_mixin.py:188} INFO - [2025-08-29T03:06:24.899+0000] {dag.py:3036} INFO - Sync 1 DAGs
[2025-08-29T03:06:24.928+0000] {logging_mixin.py:188} INFO - [2025-08-29T03:06:24.928+0000] {dag.py:3823} INFO - Setting next_dagrun for predict_api_every_5_minutes to 2025-08-29 03:00:00+00:00, run_after=2025-08-29 03:05:00+00:00
[2025-08-29T03:06:24.960+0000] {processor.py:183} INFO - Processing /opt/airflow/dags/predict_via_api_dag.py took 1.333 seconds
[2025-08-29T03:06:55.734+0000] {processor.py:161} INFO - Started process (PID=1533) to work on /opt/airflow/dags/predict_via_api_dag.py
[2025-08-29T03:06:55.735+0000] {processor.py:830} INFO - Processing file /opt/airflow/dags/predict_via_api_dag.py for tasks to queue
[2025-08-29T03:06:55.737+0000] {logging_mixin.py:188} INFO - [2025-08-29T03:06:55.736+0000] {dagbag.py:538} INFO - Filling up the DagBag from /opt/airflow/dags/predict_via_api_dag.py
[2025-08-29T03:06:56.965+0000] {processor.py:840} INFO - DAG(s) 'predict_api_every_5_minutes' retrieved from /opt/airflow/dags/predict_via_api_dag.py
[2025-08-29T03:06:56.996+0000] {logging_mixin.py:188} INFO - [2025-08-29T03:06:56.996+0000] {dag.py:3036} INFO - Sync 1 DAGs
[2025-08-29T03:06:57.025+0000] {logging_mixin.py:188} INFO - [2025-08-29T03:06:57.024+0000] {dag.py:3823} INFO - Setting next_dagrun for predict_api_every_5_minutes to 2025-08-29 03:00:00+00:00, run_after=2025-08-29 03:05:00+00:00
[2025-08-29T03:06:57.054+0000] {processor.py:183} INFO - Processing /opt/airflow/dags/predict_via_api_dag.py took 1.325 seconds
[2025-08-29T03:07:27.457+0000] {processor.py:161} INFO - Started process (PID=1565) to work on /opt/airflow/dags/predict_via_api_dag.py
[2025-08-29T03:07:27.460+0000] {processor.py:830} INFO - Processing file /opt/airflow/dags/predict_via_api_dag.py for tasks to queue
[2025-08-29T03:07:27.462+0000] {logging_mixin.py:188} INFO - [2025-08-29T03:07:27.462+0000] {dagbag.py:538} INFO - Filling up the DagBag from /opt/airflow/dags/predict_via_api_dag.py
[2025-08-29T03:07:28.723+0000] {processor.py:840} INFO - DAG(s) 'predict_api_every_5_minutes' retrieved from /opt/airflow/dags/predict_via_api_dag.py
[2025-08-29T03:07:28.765+0000] {logging_mixin.py:188} INFO - [2025-08-29T03:07:28.765+0000] {dag.py:3036} INFO - Sync 1 DAGs
[2025-08-29T03:07:28.806+0000] {logging_mixin.py:188} INFO - [2025-08-29T03:07:28.806+0000] {dag.py:3823} INFO - Setting next_dagrun for predict_api_every_5_minutes to 2025-08-29 03:00:00+00:00, run_after=2025-08-29 03:05:00+00:00
[2025-08-29T03:07:28.844+0000] {processor.py:183} INFO - Processing /opt/airflow/dags/predict_via_api_dag.py took 1.392 seconds
[2025-08-29T03:07:59.492+0000] {processor.py:161} INFO - Started process (PID=1611) to work on /opt/airflow/dags/predict_via_api_dag.py
[2025-08-29T03:07:59.493+0000] {processor.py:830} INFO - Processing file /opt/airflow/dags/predict_via_api_dag.py for tasks to queue
[2025-08-29T03:07:59.495+0000] {logging_mixin.py:188} INFO - [2025-08-29T03:07:59.494+0000] {dagbag.py:538} INFO - Filling up the DagBag from /opt/airflow/dags/predict_via_api_dag.py
[2025-08-29T03:08:00.380+0000] {processor.py:840} INFO - DAG(s) 'predict_api_every_5_minutes' retrieved from /opt/airflow/dags/predict_via_api_dag.py
[2025-08-29T03:08:00.408+0000] {logging_mixin.py:188} INFO - [2025-08-29T03:08:00.407+0000] {dag.py:3036} INFO - Sync 1 DAGs
[2025-08-29T03:08:00.432+0000] {logging_mixin.py:188} INFO - [2025-08-29T03:08:00.432+0000] {dag.py:3823} INFO - Setting next_dagrun for predict_api_every_5_minutes to 2025-08-29 03:00:00+00:00, run_after=2025-08-29 03:05:00+00:00
[2025-08-29T03:08:00.458+0000] {processor.py:183} INFO - Processing /opt/airflow/dags/predict_via_api_dag.py took 0.969 seconds
[2025-08-29T03:08:31.073+0000] {processor.py:161} INFO - Started process (PID=1650) to work on /opt/airflow/dags/predict_via_api_dag.py
[2025-08-29T03:08:31.075+0000] {processor.py:830} INFO - Processing file /opt/airflow/dags/predict_via_api_dag.py for tasks to queue
[2025-08-29T03:08:31.077+0000] {logging_mixin.py:188} INFO - [2025-08-29T03:08:31.076+0000] {dagbag.py:538} INFO - Filling up the DagBag from /opt/airflow/dags/predict_via_api_dag.py
[2025-08-29T03:08:32.197+0000] {processor.py:840} INFO - DAG(s) 'predict_api_every_5_minutes' retrieved from /opt/airflow/dags/predict_via_api_dag.py
[2025-08-29T03:08:32.226+0000] {logging_mixin.py:188} INFO - [2025-08-29T03:08:32.226+0000] {dag.py:3036} INFO - Sync 1 DAGs
[2025-08-29T03:08:32.249+0000] {logging_mixin.py:188} INFO - [2025-08-29T03:08:32.249+0000] {dag.py:3823} INFO - Setting next_dagrun for predict_api_every_5_minutes to 2025-08-29 03:00:00+00:00, run_after=2025-08-29 03:05:00+00:00
[2025-08-29T03:08:32.281+0000] {processor.py:183} INFO - Processing /opt/airflow/dags/predict_via_api_dag.py took 1.213 seconds
[2025-08-29T03:09:02.486+0000] {processor.py:161} INFO - Started process (PID=1688) to work on /opt/airflow/dags/predict_via_api_dag.py
[2025-08-29T03:09:02.488+0000] {processor.py:830} INFO - Processing file /opt/airflow/dags/predict_via_api_dag.py for tasks to queue
[2025-08-29T03:09:02.490+0000] {logging_mixin.py:188} INFO - [2025-08-29T03:09:02.489+0000] {dagbag.py:538} INFO - Filling up the DagBag from /opt/airflow/dags/predict_via_api_dag.py
[2025-08-29T03:09:03.684+0000] {processor.py:840} INFO - DAG(s) 'predict_api_every_5_minutes' retrieved from /opt/airflow/dags/predict_via_api_dag.py
[2025-08-29T03:09:03.730+0000] {logging_mixin.py:188} INFO - [2025-08-29T03:09:03.729+0000] {dag.py:3036} INFO - Sync 1 DAGs
[2025-08-29T03:09:03.770+0000] {logging_mixin.py:188} INFO - [2025-08-29T03:09:03.770+0000] {dag.py:3823} INFO - Setting next_dagrun for predict_api_every_5_minutes to 2025-08-29 03:00:00+00:00, run_after=2025-08-29 03:05:00+00:00
[2025-08-29T03:09:03.815+0000] {processor.py:183} INFO - Processing /opt/airflow/dags/predict_via_api_dag.py took 1.334 seconds
[2025-08-29T03:09:34.628+0000] {processor.py:161} INFO - Started process (PID=1720) to work on /opt/airflow/dags/predict_via_api_dag.py
[2025-08-29T03:09:34.629+0000] {processor.py:830} INFO - Processing file /opt/airflow/dags/predict_via_api_dag.py for tasks to queue
[2025-08-29T03:09:34.631+0000] {logging_mixin.py:188} INFO - [2025-08-29T03:09:34.630+0000] {dagbag.py:538} INFO - Filling up the DagBag from /opt/airflow/dags/predict_via_api_dag.py
[2025-08-29T03:09:35.811+0000] {processor.py:840} INFO - DAG(s) 'predict_api_every_5_minutes' retrieved from /opt/airflow/dags/predict_via_api_dag.py
[2025-08-29T03:09:35.840+0000] {logging_mixin.py:188} INFO - [2025-08-29T03:09:35.839+0000] {dag.py:3036} INFO - Sync 1 DAGs
[2025-08-29T03:09:35.867+0000] {logging_mixin.py:188} INFO - [2025-08-29T03:09:35.866+0000] {dag.py:3823} INFO - Setting next_dagrun for predict_api_every_5_minutes to 2025-08-29 03:00:00+00:00, run_after=2025-08-29 03:05:00+00:00
[2025-08-29T03:09:35.893+0000] {processor.py:183} INFO - Processing /opt/airflow/dags/predict_via_api_dag.py took 1.269 seconds
[2025-08-29T03:10:06.799+0000] {processor.py:161} INFO - Started process (PID=1770) to work on /opt/airflow/dags/predict_via_api_dag.py
[2025-08-29T03:10:06.800+0000] {processor.py:830} INFO - Processing file /opt/airflow/dags/predict_via_api_dag.py for tasks to queue
[2025-08-29T03:10:06.801+0000] {logging_mixin.py:188} INFO - [2025-08-29T03:10:06.801+0000] {dagbag.py:538} INFO - Filling up the DagBag from /opt/airflow/dags/predict_via_api_dag.py
[2025-08-29T03:10:07.897+0000] {processor.py:840} INFO - DAG(s) 'predict_api_every_5_minutes' retrieved from /opt/airflow/dags/predict_via_api_dag.py
[2025-08-29T03:10:07.930+0000] {logging_mixin.py:188} INFO - [2025-08-29T03:10:07.930+0000] {dag.py:3036} INFO - Sync 1 DAGs
[2025-08-29T03:10:07.963+0000] {logging_mixin.py:188} INFO - [2025-08-29T03:10:07.963+0000] {dag.py:3823} INFO - Setting next_dagrun for predict_api_every_5_minutes to 2025-08-29 03:05:00+00:00, run_after=2025-08-29 03:10:00+00:00
[2025-08-29T03:10:08.003+0000] {processor.py:183} INFO - Processing /opt/airflow/dags/predict_via_api_dag.py took 1.207 seconds
[2025-08-29T03:10:38.325+0000] {processor.py:161} INFO - Started process (PID=1806) to work on /opt/airflow/dags/predict_via_api_dag.py
[2025-08-29T03:10:38.326+0000] {processor.py:830} INFO - Processing file /opt/airflow/dags/predict_via_api_dag.py for tasks to queue
[2025-08-29T03:10:38.328+0000] {logging_mixin.py:188} INFO - [2025-08-29T03:10:38.327+0000] {dagbag.py:538} INFO - Filling up the DagBag from /opt/airflow/dags/predict_via_api_dag.py
[2025-08-29T03:10:39.312+0000] {processor.py:840} INFO - DAG(s) 'predict_api_every_5_minutes' retrieved from /opt/airflow/dags/predict_via_api_dag.py
[2025-08-29T03:10:39.351+0000] {logging_mixin.py:188} INFO - [2025-08-29T03:10:39.350+0000] {dag.py:3036} INFO - Sync 1 DAGs
[2025-08-29T03:10:39.383+0000] {logging_mixin.py:188} INFO - [2025-08-29T03:10:39.383+0000] {dag.py:3823} INFO - Setting next_dagrun for predict_api_every_5_minutes to 2025-08-29 03:05:00+00:00, run_after=2025-08-29 03:10:00+00:00
[2025-08-29T03:10:39.415+0000] {processor.py:183} INFO - Processing /opt/airflow/dags/predict_via_api_dag.py took 1.094 seconds
[2025-08-29T03:11:09.782+0000] {processor.py:161} INFO - Started process (PID=1845) to work on /opt/airflow/dags/predict_via_api_dag.py
[2025-08-29T03:11:09.783+0000] {processor.py:830} INFO - Processing file /opt/airflow/dags/predict_via_api_dag.py for tasks to queue
[2025-08-29T03:11:09.785+0000] {logging_mixin.py:188} INFO - [2025-08-29T03:11:09.784+0000] {dagbag.py:538} INFO - Filling up the DagBag from /opt/airflow/dags/predict_via_api_dag.py
[2025-08-29T03:11:10.753+0000] {processor.py:840} INFO - DAG(s) 'predict_api_every_5_minutes' retrieved from /opt/airflow/dags/predict_via_api_dag.py
[2025-08-29T03:11:10.780+0000] {logging_mixin.py:188} INFO - [2025-08-29T03:11:10.780+0000] {dag.py:3036} INFO - Sync 1 DAGs
[2025-08-29T03:11:10.806+0000] {logging_mixin.py:188} INFO - [2025-08-29T03:11:10.805+0000] {dag.py:3823} INFO - Setting next_dagrun for predict_api_every_5_minutes to 2025-08-29 03:05:00+00:00, run_after=2025-08-29 03:10:00+00:00
[2025-08-29T03:11:10.834+0000] {processor.py:183} INFO - Processing /opt/airflow/dags/predict_via_api_dag.py took 1.058 seconds
[2025-08-29T03:11:41.154+0000] {processor.py:161} INFO - Started process (PID=1884) to work on /opt/airflow/dags/predict_via_api_dag.py
[2025-08-29T03:11:41.155+0000] {processor.py:830} INFO - Processing file /opt/airflow/dags/predict_via_api_dag.py for tasks to queue
[2025-08-29T03:11:41.157+0000] {logging_mixin.py:188} INFO - [2025-08-29T03:11:41.156+0000] {dagbag.py:538} INFO - Filling up the DagBag from /opt/airflow/dags/predict_via_api_dag.py
[2025-08-29T03:11:42.140+0000] {processor.py:840} INFO - DAG(s) 'predict_api_every_5_minutes' retrieved from /opt/airflow/dags/predict_via_api_dag.py
[2025-08-29T03:11:42.168+0000] {logging_mixin.py:188} INFO - [2025-08-29T03:11:42.168+0000] {dag.py:3036} INFO - Sync 1 DAGs
[2025-08-29T03:11:42.194+0000] {logging_mixin.py:188} INFO - [2025-08-29T03:11:42.194+0000] {dag.py:3823} INFO - Setting next_dagrun for predict_api_every_5_minutes to 2025-08-29 03:05:00+00:00, run_after=2025-08-29 03:10:00+00:00
[2025-08-29T03:11:42.221+0000] {processor.py:183} INFO - Processing /opt/airflow/dags/predict_via_api_dag.py took 1.070 seconds
[2025-08-29T03:12:12.537+0000] {processor.py:161} INFO - Started process (PID=1923) to work on /opt/airflow/dags/predict_via_api_dag.py
[2025-08-29T03:12:12.539+0000] {processor.py:830} INFO - Processing file /opt/airflow/dags/predict_via_api_dag.py for tasks to queue
[2025-08-29T03:12:12.540+0000] {logging_mixin.py:188} INFO - [2025-08-29T03:12:12.540+0000] {dagbag.py:538} INFO - Filling up the DagBag from /opt/airflow/dags/predict_via_api_dag.py
[2025-08-29T03:12:13.450+0000] {processor.py:840} INFO - DAG(s) 'predict_api_every_5_minutes' retrieved from /opt/airflow/dags/predict_via_api_dag.py
[2025-08-29T03:12:13.479+0000] {logging_mixin.py:188} INFO - [2025-08-29T03:12:13.479+0000] {dag.py:3036} INFO - Sync 1 DAGs
[2025-08-29T03:12:13.502+0000] {logging_mixin.py:188} INFO - [2025-08-29T03:12:13.501+0000] {dag.py:3823} INFO - Setting next_dagrun for predict_api_every_5_minutes to 2025-08-29 03:05:00+00:00, run_after=2025-08-29 03:10:00+00:00
[2025-08-29T03:12:13.528+0000] {processor.py:183} INFO - Processing /opt/airflow/dags/predict_via_api_dag.py took 0.994 seconds
[2025-08-29T03:12:43.858+0000] {processor.py:161} INFO - Started process (PID=1962) to work on /opt/airflow/dags/predict_via_api_dag.py
[2025-08-29T03:12:43.859+0000] {processor.py:830} INFO - Processing file /opt/airflow/dags/predict_via_api_dag.py for tasks to queue
[2025-08-29T03:12:43.861+0000] {logging_mixin.py:188} INFO - [2025-08-29T03:12:43.860+0000] {dagbag.py:538} INFO - Filling up the DagBag from /opt/airflow/dags/predict_via_api_dag.py
[2025-08-29T03:12:44.837+0000] {processor.py:840} INFO - DAG(s) 'predict_api_every_5_minutes' retrieved from /opt/airflow/dags/predict_via_api_dag.py
[2025-08-29T03:12:44.863+0000] {logging_mixin.py:188} INFO - [2025-08-29T03:12:44.862+0000] {dag.py:3036} INFO - Sync 1 DAGs
[2025-08-29T03:12:44.886+0000] {logging_mixin.py:188} INFO - [2025-08-29T03:12:44.885+0000] {dag.py:3823} INFO - Setting next_dagrun for predict_api_every_5_minutes to 2025-08-29 03:05:00+00:00, run_after=2025-08-29 03:10:00+00:00
[2025-08-29T03:12:44.912+0000] {processor.py:183} INFO - Processing /opt/airflow/dags/predict_via_api_dag.py took 1.057 seconds
[2025-08-29T03:13:15.259+0000] {processor.py:161} INFO - Started process (PID=2001) to work on /opt/airflow/dags/predict_via_api_dag.py
[2025-08-29T03:13:15.261+0000] {processor.py:830} INFO - Processing file /opt/airflow/dags/predict_via_api_dag.py for tasks to queue
[2025-08-29T03:13:15.263+0000] {logging_mixin.py:188} INFO - [2025-08-29T03:13:15.262+0000] {dagbag.py:538} INFO - Filling up the DagBag from /opt/airflow/dags/predict_via_api_dag.py
[2025-08-29T03:13:16.226+0000] {processor.py:840} INFO - DAG(s) 'predict_api_every_5_minutes' retrieved from /opt/airflow/dags/predict_via_api_dag.py
[2025-08-29T03:13:16.257+0000] {logging_mixin.py:188} INFO - [2025-08-29T03:13:16.256+0000] {dag.py:3036} INFO - Sync 1 DAGs
[2025-08-29T03:13:16.282+0000] {logging_mixin.py:188} INFO - [2025-08-29T03:13:16.282+0000] {dag.py:3823} INFO - Setting next_dagrun for predict_api_every_5_minutes to 2025-08-29 03:05:00+00:00, run_after=2025-08-29 03:10:00+00:00
[2025-08-29T03:13:16.318+0000] {processor.py:183} INFO - Processing /opt/airflow/dags/predict_via_api_dag.py took 1.062 seconds
[2025-08-29T03:13:46.771+0000] {processor.py:161} INFO - Started process (PID=2053) to work on /opt/airflow/dags/predict_via_api_dag.py
[2025-08-29T03:13:46.773+0000] {processor.py:830} INFO - Processing file /opt/airflow/dags/predict_via_api_dag.py for tasks to queue
[2025-08-29T03:13:46.775+0000] {logging_mixin.py:188} INFO - [2025-08-29T03:13:46.775+0000] {dagbag.py:538} INFO - Filling up the DagBag from /opt/airflow/dags/predict_via_api_dag.py
[2025-08-29T03:13:47.996+0000] {processor.py:840} INFO - DAG(s) 'predict_api_every_5_minutes' retrieved from /opt/airflow/dags/predict_via_api_dag.py
[2025-08-29T03:13:48.028+0000] {logging_mixin.py:188} INFO - [2025-08-29T03:13:48.027+0000] {dag.py:3036} INFO - Sync 1 DAGs
[2025-08-29T03:13:48.062+0000] {logging_mixin.py:188} INFO - [2025-08-29T03:13:48.062+0000] {dag.py:3823} INFO - Setting next_dagrun for predict_api_every_5_minutes to 2025-08-29 03:05:00+00:00, run_after=2025-08-29 03:10:00+00:00
[2025-08-29T03:13:48.099+0000] {processor.py:183} INFO - Processing /opt/airflow/dags/predict_via_api_dag.py took 1.332 seconds
[2025-08-29T03:14:18.994+0000] {processor.py:161} INFO - Started process (PID=2092) to work on /opt/airflow/dags/predict_via_api_dag.py
[2025-08-29T03:14:18.995+0000] {processor.py:830} INFO - Processing file /opt/airflow/dags/predict_via_api_dag.py for tasks to queue
[2025-08-29T03:14:18.997+0000] {logging_mixin.py:188} INFO - [2025-08-29T03:14:18.996+0000] {dagbag.py:538} INFO - Filling up the DagBag from /opt/airflow/dags/predict_via_api_dag.py
[2025-08-29T03:14:19.845+0000] {processor.py:840} INFO - DAG(s) 'predict_api_every_5_minutes' retrieved from /opt/airflow/dags/predict_via_api_dag.py
[2025-08-29T03:14:19.871+0000] {logging_mixin.py:188} INFO - [2025-08-29T03:14:19.870+0000] {dag.py:3036} INFO - Sync 1 DAGs
[2025-08-29T03:14:19.892+0000] {logging_mixin.py:188} INFO - [2025-08-29T03:14:19.892+0000] {dag.py:3823} INFO - Setting next_dagrun for predict_api_every_5_minutes to 2025-08-29 03:05:00+00:00, run_after=2025-08-29 03:10:00+00:00
[2025-08-29T03:14:19.916+0000] {processor.py:183} INFO - Processing /opt/airflow/dags/predict_via_api_dag.py took 0.925 seconds
[2025-08-29T03:14:50.357+0000] {processor.py:161} INFO - Started process (PID=2131) to work on /opt/airflow/dags/predict_via_api_dag.py
[2025-08-29T03:14:50.359+0000] {processor.py:830} INFO - Processing file /opt/airflow/dags/predict_via_api_dag.py for tasks to queue
[2025-08-29T03:14:50.360+0000] {logging_mixin.py:188} INFO - [2025-08-29T03:14:50.360+0000] {dagbag.py:538} INFO - Filling up the DagBag from /opt/airflow/dags/predict_via_api_dag.py
[2025-08-29T03:14:51.221+0000] {processor.py:840} INFO - DAG(s) 'predict_api_every_5_minutes' retrieved from /opt/airflow/dags/predict_via_api_dag.py
[2025-08-29T03:14:51.250+0000] {logging_mixin.py:188} INFO - [2025-08-29T03:14:51.249+0000] {dag.py:3036} INFO - Sync 1 DAGs
[2025-08-29T03:14:51.274+0000] {logging_mixin.py:188} INFO - [2025-08-29T03:14:51.274+0000] {dag.py:3823} INFO - Setting next_dagrun for predict_api_every_5_minutes to 2025-08-29 03:05:00+00:00, run_after=2025-08-29 03:10:00+00:00
[2025-08-29T03:14:51.299+0000] {processor.py:183} INFO - Processing /opt/airflow/dags/predict_via_api_dag.py took 0.945 seconds
[2025-08-29T03:15:21.650+0000] {processor.py:161} INFO - Started process (PID=2181) to work on /opt/airflow/dags/predict_via_api_dag.py
[2025-08-29T03:15:21.652+0000] {processor.py:830} INFO - Processing file /opt/airflow/dags/predict_via_api_dag.py for tasks to queue
[2025-08-29T03:15:21.653+0000] {logging_mixin.py:188} INFO - [2025-08-29T03:15:21.653+0000] {dagbag.py:538} INFO - Filling up the DagBag from /opt/airflow/dags/predict_via_api_dag.py
[2025-08-29T03:15:22.735+0000] {processor.py:840} INFO - DAG(s) 'predict_api_every_5_minutes' retrieved from /opt/airflow/dags/predict_via_api_dag.py
[2025-08-29T03:15:22.766+0000] {logging_mixin.py:188} INFO - [2025-08-29T03:15:22.766+0000] {dag.py:3036} INFO - Sync 1 DAGs
[2025-08-29T03:15:22.792+0000] {logging_mixin.py:188} INFO - [2025-08-29T03:15:22.792+0000] {dag.py:3823} INFO - Setting next_dagrun for predict_api_every_5_minutes to 2025-08-29 03:10:00+00:00, run_after=2025-08-29 03:15:00+00:00
[2025-08-29T03:15:22.825+0000] {processor.py:183} INFO - Processing /opt/airflow/dags/predict_via_api_dag.py took 1.179 seconds
[2025-08-29T03:15:52.925+0000] {processor.py:161} INFO - Started process (PID=2220) to work on /opt/airflow/dags/predict_via_api_dag.py
[2025-08-29T03:15:52.926+0000] {processor.py:830} INFO - Processing file /opt/airflow/dags/predict_via_api_dag.py for tasks to queue
[2025-08-29T03:15:52.928+0000] {logging_mixin.py:188} INFO - [2025-08-29T03:15:52.928+0000] {dagbag.py:538} INFO - Filling up the DagBag from /opt/airflow/dags/predict_via_api_dag.py
[2025-08-29T03:15:53.831+0000] {processor.py:840} INFO - DAG(s) 'predict_api_every_5_minutes' retrieved from /opt/airflow/dags/predict_via_api_dag.py
[2025-08-29T03:15:53.859+0000] {logging_mixin.py:188} INFO - [2025-08-29T03:15:53.859+0000] {dag.py:3036} INFO - Sync 1 DAGs
[2025-08-29T03:15:53.888+0000] {logging_mixin.py:188} INFO - [2025-08-29T03:15:53.887+0000] {dag.py:3823} INFO - Setting next_dagrun for predict_api_every_5_minutes to 2025-08-29 03:10:00+00:00, run_after=2025-08-29 03:15:00+00:00
[2025-08-29T03:15:53.916+0000] {processor.py:183} INFO - Processing /opt/airflow/dags/predict_via_api_dag.py took 0.994 seconds
[2025-08-29T03:16:24.053+0000] {processor.py:161} INFO - Started process (PID=2259) to work on /opt/airflow/dags/predict_via_api_dag.py
[2025-08-29T03:16:24.054+0000] {processor.py:830} INFO - Processing file /opt/airflow/dags/predict_via_api_dag.py for tasks to queue
[2025-08-29T03:16:24.056+0000] {logging_mixin.py:188} INFO - [2025-08-29T03:16:24.055+0000] {dagbag.py:538} INFO - Filling up the DagBag from /opt/airflow/dags/predict_via_api_dag.py
[2025-08-29T03:16:25.061+0000] {processor.py:840} INFO - DAG(s) 'predict_api_every_5_minutes' retrieved from /opt/airflow/dags/predict_via_api_dag.py
[2025-08-29T03:16:25.093+0000] {logging_mixin.py:188} INFO - [2025-08-29T03:16:25.092+0000] {dag.py:3036} INFO - Sync 1 DAGs
[2025-08-29T03:16:25.115+0000] {logging_mixin.py:188} INFO - [2025-08-29T03:16:25.115+0000] {dag.py:3823} INFO - Setting next_dagrun for predict_api_every_5_minutes to 2025-08-29 03:10:00+00:00, run_after=2025-08-29 03:15:00+00:00
[2025-08-29T03:16:25.141+0000] {processor.py:183} INFO - Processing /opt/airflow/dags/predict_via_api_dag.py took 1.091 seconds
[2025-08-29T03:16:56.033+0000] {processor.py:161} INFO - Started process (PID=2298) to work on /opt/airflow/dags/predict_via_api_dag.py
[2025-08-29T03:16:56.035+0000] {processor.py:830} INFO - Processing file /opt/airflow/dags/predict_via_api_dag.py for tasks to queue
[2025-08-29T03:16:56.036+0000] {logging_mixin.py:188} INFO - [2025-08-29T03:16:56.036+0000] {dagbag.py:538} INFO - Filling up the DagBag from /opt/airflow/dags/predict_via_api_dag.py
[2025-08-29T03:16:57.191+0000] {processor.py:840} INFO - DAG(s) 'predict_api_every_5_minutes' retrieved from /opt/airflow/dags/predict_via_api_dag.py
[2025-08-29T03:16:57.219+0000] {logging_mixin.py:188} INFO - [2025-08-29T03:16:57.218+0000] {dag.py:3036} INFO - Sync 1 DAGs
[2025-08-29T03:16:57.244+0000] {logging_mixin.py:188} INFO - [2025-08-29T03:16:57.243+0000] {dag.py:3823} INFO - Setting next_dagrun for predict_api_every_5_minutes to 2025-08-29 03:10:00+00:00, run_after=2025-08-29 03:15:00+00:00
[2025-08-29T03:16:57.274+0000] {processor.py:183} INFO - Processing /opt/airflow/dags/predict_via_api_dag.py took 1.245 seconds
[2025-08-29T03:17:28.251+0000] {processor.py:161} INFO - Started process (PID=2337) to work on /opt/airflow/dags/predict_via_api_dag.py
[2025-08-29T03:17:28.252+0000] {processor.py:830} INFO - Processing file /opt/airflow/dags/predict_via_api_dag.py for tasks to queue
[2025-08-29T03:17:28.253+0000] {logging_mixin.py:188} INFO - [2025-08-29T03:17:28.253+0000] {dagbag.py:538} INFO - Filling up the DagBag from /opt/airflow/dags/predict_via_api_dag.py
[2025-08-29T03:17:29.167+0000] {processor.py:840} INFO - DAG(s) 'predict_api_every_5_minutes' retrieved from /opt/airflow/dags/predict_via_api_dag.py
[2025-08-29T03:17:29.194+0000] {logging_mixin.py:188} INFO - [2025-08-29T03:17:29.193+0000] {dag.py:3036} INFO - Sync 1 DAGs
[2025-08-29T03:17:29.218+0000] {logging_mixin.py:188} INFO - [2025-08-29T03:17:29.217+0000] {dag.py:3823} INFO - Setting next_dagrun for predict_api_every_5_minutes to 2025-08-29 03:10:00+00:00, run_after=2025-08-29 03:15:00+00:00
[2025-08-29T03:17:29.245+0000] {processor.py:183} INFO - Processing /opt/airflow/dags/predict_via_api_dag.py took 0.997 seconds
[2025-08-29T03:17:59.734+0000] {processor.py:161} INFO - Started process (PID=2376) to work on /opt/airflow/dags/predict_via_api_dag.py
[2025-08-29T03:17:59.735+0000] {processor.py:830} INFO - Processing file /opt/airflow/dags/predict_via_api_dag.py for tasks to queue
[2025-08-29T03:17:59.737+0000] {logging_mixin.py:188} INFO - [2025-08-29T03:17:59.737+0000] {dagbag.py:538} INFO - Filling up the DagBag from /opt/airflow/dags/predict_via_api_dag.py
[2025-08-29T03:18:00.743+0000] {processor.py:840} INFO - DAG(s) 'predict_api_every_5_minutes' retrieved from /opt/airflow/dags/predict_via_api_dag.py
[2025-08-29T03:18:00.772+0000] {logging_mixin.py:188} INFO - [2025-08-29T03:18:00.771+0000] {dag.py:3036} INFO - Sync 1 DAGs
[2025-08-29T03:18:00.796+0000] {logging_mixin.py:188} INFO - [2025-08-29T03:18:00.795+0000] {dag.py:3823} INFO - Setting next_dagrun for predict_api_every_5_minutes to 2025-08-29 03:10:00+00:00, run_after=2025-08-29 03:15:00+00:00
[2025-08-29T03:18:00.822+0000] {processor.py:183} INFO - Processing /opt/airflow/dags/predict_via_api_dag.py took 1.092 seconds
